mode: set
github.com/k-ksu/avito-shop/cmd/avito-shop/main.go:11.13,16.16 4 0
github.com/k-ksu/avito-shop/cmd/avito-shop/main.go:16.16,20.3 2 0
github.com/k-ksu/avito-shop/cmd/avito-shop/main.go:22.2,22.41 1 0
github.com/k-ksu/avito-shop/cmd/avito-shop/main.go:22.41,24.3 1 0
github.com/k-ksu/avito-shop/config/config.go:48.29,52.16 3 0
github.com/k-ksu/avito-shop/config/config.go:52.16,54.3 1 0
github.com/k-ksu/avito-shop/config/config.go:56.2,56.43 1 0
github.com/k-ksu/avito-shop/config/config.go:56.43,58.3 1 0
github.com/k-ksu/avito-shop/config/config.go:60.2,60.43 1 0
github.com/k-ksu/avito-shop/config/config.go:60.43,62.3 1 0
github.com/k-ksu/avito-shop/config/config.go:64.2,64.17 1 0
github.com/k-ksu/avito-shop/config/config.go:67.49,69.16 2 0
github.com/k-ksu/avito-shop/config/config.go:69.16,71.3 1 0
github.com/k-ksu/avito-shop/config/config.go:73.2,76.16 3 0
github.com/k-ksu/avito-shop/config/config.go:76.16,78.3 1 0
github.com/k-ksu/avito-shop/config/config.go:80.2,80.46 1 0
github.com/k-ksu/avito-shop/config/config.go:80.46,82.3 1 0
github.com/k-ksu/avito-shop/config/config.go:84.2,84.12 1 0
github.com/k-ksu/avito-shop/config/config.go:87.49,88.58 1 0
github.com/k-ksu/avito-shop/config/config.go:88.58,90.3 1 0
github.com/k-ksu/avito-shop/config/config.go:92.2,92.39 1 0
github.com/k-ksu/avito-shop/config/config.go:92.39,94.3 1 0
github.com/k-ksu/avito-shop/config/config.go:96.2,96.12 1 0
github.com/k-ksu/avito-shop/config/config.go:99.40,101.16 2 0
github.com/k-ksu/avito-shop/config/config.go:101.16,103.3 1 0
github.com/k-ksu/avito-shop/config/config.go:105.2,106.29 2 0
github.com/k-ksu/avito-shop/config/config.go:106.29,107.27 1 0
github.com/k-ksu/avito-shop/config/config.go:107.27,109.9 2 0
github.com/k-ksu/avito-shop/config/config.go:113.2,113.33 1 0
github.com/k-ksu/avito-shop/internal/controller/http/helper/helper.go:14.65,16.16 2 0
github.com/k-ksu/avito-shop/internal/controller/http/helper/helper.go:16.16,20.3 2 0
github.com/k-ksu/avito-shop/internal/controller/http/helper/helper.go:22.2,24.16 3 0
github.com/k-ksu/avito-shop/internal/controller/http/helper/helper.go:24.16,26.3 1 0
github.com/k-ksu/avito-shop/internal/controller/http/helper/helper.go:30.54,32.16 2 0
github.com/k-ksu/avito-shop/internal/controller/http/helper/helper.go:32.16,34.3 1 0
github.com/k-ksu/avito-shop/internal/controller/http/helper/helper.go:36.2,36.39 1 0
github.com/k-ksu/avito-shop/internal/controller/http/helper/helper.go:36.39,38.3 1 0
github.com/k-ksu/avito-shop/internal/controller/http/helper/helper.go:40.2,40.45 1 0
github.com/k-ksu/avito-shop/internal/app/app.go:17.57,26.12 6 0
github.com/k-ksu/avito-shop/internal/app/app.go:26.12,27.107 1 0
github.com/k-ksu/avito-shop/internal/app/app.go:27.107,29.4 1 0
github.com/k-ksu/avito-shop/internal/app/app.go:32.2,37.62 4 0
github.com/k-ksu/avito-shop/internal/app/app.go:37.62,39.3 1 0
github.com/k-ksu/avito-shop/internal/app/app.go:41.2,43.12 2 0
github.com/k-ksu/avito-shop/internal/app/container.go:51.71,60.2 3 0
github.com/k-ksu/avito-shop/internal/app/container.go:62.90,73.46 3 0
github.com/k-ksu/avito-shop/internal/app/container.go:73.46,75.3 1 0
github.com/k-ksu/avito-shop/internal/app/container.go:77.2,81.3 1 0
github.com/k-ksu/avito-shop/internal/app/container.go:84.70,86.16 2 0
github.com/k-ksu/avito-shop/internal/app/container.go:86.16,88.3 1 0
github.com/k-ksu/avito-shop/internal/app/container.go:90.2,97.3 1 0
github.com/k-ksu/avito-shop/internal/app/container.go:100.66,112.2 4 0
github.com/k-ksu/avito-shop/internal/controller/http/middleware/auth.go:22.60,23.56 1 0
github.com/k-ksu/avito-shop/internal/controller/http/middleware/auth.go:23.56,24.36 1 0
github.com/k-ksu/avito-shop/internal/controller/http/middleware/auth.go:24.36,28.4 2 0
github.com/k-ksu/avito-shop/internal/controller/http/middleware/auth.go:30.3,31.17 2 0
github.com/k-ksu/avito-shop/internal/controller/http/middleware/auth.go:31.17,35.4 2 0
github.com/k-ksu/avito-shop/internal/controller/http/middleware/auth.go:37.3,37.18 1 0
github.com/k-ksu/avito-shop/internal/controller/http/middleware/auth.go:37.18,41.4 2 0
github.com/k-ksu/avito-shop/internal/controller/http/middleware/auth.go:43.3,44.17 2 0
github.com/k-ksu/avito-shop/internal/controller/http/middleware/auth.go:44.17,48.4 2 0
github.com/k-ksu/avito-shop/internal/controller/http/middleware/auth.go:50.3,50.39 1 0
github.com/k-ksu/avito-shop/internal/controller/http/middleware/auth.go:50.39,54.4 2 0
github.com/k-ksu/avito-shop/internal/controller/http/middleware/auth.go:56.3,56.25 1 0
github.com/k-ksu/avito-shop/internal/controller/http/middleware/auth.go:60.43,62.2 1 0
github.com/k-ksu/avito-shop/internal/controller/http/middleware/logger.go:10.59,11.71 1 0
github.com/k-ksu/avito-shop/internal/controller/http/middleware/logger.go:11.71,23.3 3 0
github.com/k-ksu/avito-shop/internal/controller/http/handler/api_auth_post.go:15.76,18.65 2 0
github.com/k-ksu/avito-shop/internal/controller/http/handler/api_auth_post.go:18.65,22.3 2 0
github.com/k-ksu/avito-shop/internal/controller/http/handler/api_auth_post.go:24.2,25.16 2 0
github.com/k-ksu/avito-shop/internal/controller/http/handler/api_auth_post.go:25.16,26.46 1 0
github.com/k-ksu/avito-shop/internal/controller/http/handler/api_auth_post.go:26.46,30.4 2 0
github.com/k-ksu/avito-shop/internal/controller/http/handler/api_auth_post.go:32.3,34.9 2 0
github.com/k-ksu/avito-shop/internal/controller/http/handler/api_auth_post.go:37.2,40.16 2 0
github.com/k-ksu/avito-shop/internal/controller/http/handler/api_auth_post.go:40.16,44.3 2 0
github.com/k-ksu/avito-shop/internal/controller/http/handler/api_auth_post.go:46.2,54.16 5 0
github.com/k-ksu/avito-shop/internal/controller/http/handler/api_auth_post.go:54.16,56.3 1 0
github.com/k-ksu/avito-shop/internal/controller/http/handler/api_buy_item_get.go:13.78,15.16 2 0
github.com/k-ksu/avito-shop/internal/controller/http/handler/api_buy_item_get.go:15.16,17.3 1 0
github.com/k-ksu/avito-shop/internal/controller/http/handler/api_buy_item_get.go:19.2,21.63 2 0
github.com/k-ksu/avito-shop/internal/controller/http/handler/api_buy_item_get.go:21.63,22.84 1 0
github.com/k-ksu/avito-shop/internal/controller/http/handler/api_buy_item_get.go:22.84,26.4 2 0
github.com/k-ksu/avito-shop/internal/controller/http/handler/api_buy_item_get.go:28.3,30.9 2 0
github.com/k-ksu/avito-shop/internal/controller/http/handler/api_buy_item_get.go:33.2,34.30 2 0
github.com/k-ksu/avito-shop/internal/controller/http/handler/api_info_get.go:12.75,14.16 2 0
github.com/k-ksu/avito-shop/internal/controller/http/handler/api_info_get.go:14.16,16.3 1 0
github.com/k-ksu/avito-shop/internal/controller/http/handler/api_info_get.go:18.2,19.16 2 0
github.com/k-ksu/avito-shop/internal/controller/http/handler/api_info_get.go:19.16,23.3 2 0
github.com/k-ksu/avito-shop/internal/controller/http/handler/api_info_get.go:25.2,28.42 4 0
github.com/k-ksu/avito-shop/internal/controller/http/handler/api_info_get.go:28.42,33.3 1 0
github.com/k-ksu/avito-shop/internal/controller/http/handler/api_info_get.go:35.2,37.49 3 0
github.com/k-ksu/avito-shop/internal/controller/http/handler/api_info_get.go:37.49,42.3 1 0
github.com/k-ksu/avito-shop/internal/controller/http/handler/api_info_get.go:44.2,45.53 2 0
github.com/k-ksu/avito-shop/internal/controller/http/handler/api_info_get.go:45.53,50.3 1 0
github.com/k-ksu/avito-shop/internal/controller/http/handler/api_info_get.go:52.2,53.16 2 0
github.com/k-ksu/avito-shop/internal/controller/http/handler/api_info_get.go:53.16,57.3 2 0
github.com/k-ksu/avito-shop/internal/controller/http/handler/api_info_get.go:59.2,62.16 4 0
github.com/k-ksu/avito-shop/internal/controller/http/handler/api_info_get.go:62.16,64.3 1 0
github.com/k-ksu/avito-shop/internal/controller/http/handler/api_send_coin_post.go:15.80,17.16 2 0
github.com/k-ksu/avito-shop/internal/controller/http/handler/api_send_coin_post.go:17.16,19.3 1 0
github.com/k-ksu/avito-shop/internal/controller/http/handler/api_send_coin_post.go:21.2,22.68 2 0
github.com/k-ksu/avito-shop/internal/controller/http/handler/api_send_coin_post.go:22.68,26.3 2 0
github.com/k-ksu/avito-shop/internal/controller/http/handler/api_send_coin_post.go:28.2,28.29 1 0
github.com/k-ksu/avito-shop/internal/controller/http/handler/api_send_coin_post.go:28.29,32.3 2 0
github.com/k-ksu/avito-shop/internal/controller/http/handler/api_send_coin_post.go:34.2,34.37 1 0
github.com/k-ksu/avito-shop/internal/controller/http/handler/api_send_coin_post.go:34.37,38.3 2 0
github.com/k-ksu/avito-shop/internal/controller/http/handler/api_send_coin_post.go:40.2,45.16 1 0
github.com/k-ksu/avito-shop/internal/controller/http/handler/api_send_coin_post.go:45.16,46.86 1 0
github.com/k-ksu/avito-shop/internal/controller/http/handler/api_send_coin_post.go:46.86,50.4 2 0
github.com/k-ksu/avito-shop/internal/controller/http/handler/api_send_coin_post.go:52.3,54.9 2 0
github.com/k-ksu/avito-shop/internal/controller/http/handler/api_send_coin_post.go:57.2,58.30 2 0
github.com/k-ksu/avito-shop/internal/controller/http/handler/service.go:58.76,63.2 1 0
github.com/k-ksu/avito-shop/internal/controller/http/handler/service.go:66.73,67.38 1 0
github.com/k-ksu/avito-shop/internal/controller/http/handler/service.go:67.38,77.3 4 0
github.com/k-ksu/avito-shop/internal/controller/http/handler/service.go:79.2,80.16 2 0
github.com/k-ksu/avito-shop/internal/controller/http/handler/service.go:80.16,82.3 1 0
github.com/k-ksu/avito-shop/internal/controller/http/handler/service.go:84.2,87.4 2 0
github.com/k-ksu/avito-shop/internal/controller/http/handler/service.go:91.43,121.2 1 0
github.com/k-ksu/avito-shop/internal/controller/http/handler/service.go:123.44,125.16 2 0
github.com/k-ksu/avito-shop/internal/controller/http/handler/service.go:125.16,127.3 1 0
github.com/k-ksu/avito-shop/internal/controller/http/handler/service.go:129.2,131.16 3 0
github.com/k-ksu/avito-shop/internal/controller/http/handler/service.go:131.16,133.3 1 0
github.com/k-ksu/avito-shop/internal/controller/http/handler/service.go:135.2,137.16 3 0
github.com/k-ksu/avito-shop/internal/controller/http/handler/service.go:137.16,139.3 1 0
github.com/k-ksu/avito-shop/internal/controller/http/handler/service.go:141.2,143.27 2 0
github.com/k-ksu/avito-shop/internal/controller/http/handler/service.go:146.45,147.54 1 0
github.com/k-ksu/avito-shop/internal/controller/http/handler/service.go:147.54,149.17 2 0
github.com/k-ksu/avito-shop/internal/controller/http/handler/service.go:149.17,151.4 1 0
github.com/k-ksu/avito-shop/internal/controller/http/handler/service.go:155.92,157.16 2 0
github.com/k-ksu/avito-shop/internal/controller/http/handler/service.go:157.16,161.3 2 0
github.com/k-ksu/avito-shop/internal/controller/http/handler/service.go:163.2,163.17 1 0
github.com/k-ksu/avito-shop/internal/controller/http/handler/service.go:163.17,167.3 2 0
github.com/k-ksu/avito-shop/internal/controller/http/handler/service.go:169.2,170.16 2 0
github.com/k-ksu/avito-shop/internal/controller/http/handler/service.go:170.16,174.3 2 0
github.com/k-ksu/avito-shop/internal/controller/http/handler/service.go:176.2,176.18 1 0
github.com/k-ksu/avito-shop/internal/repository/wrapper/transaction.go:23.55,25.2 1 0
github.com/k-ksu/avito-shop/internal/repository/wrapper/transaction.go:28.86,29.51 1 0
github.com/k-ksu/avito-shop/internal/repository/wrapper/transaction.go:29.51,30.30 1 0
github.com/k-ksu/avito-shop/internal/repository/wrapper/transaction.go:30.30,31.32 1 0
github.com/k-ksu/avito-shop/internal/repository/wrapper/transaction.go:31.32,33.5 1 0
github.com/k-ksu/avito-shop/internal/repository/wrapper/transaction.go:36.3,36.13 1 0
github.com/k-ksu/avito-shop/pkg/postgres/client.go:16.66,18.16 2 0
github.com/k-ksu/avito-shop/pkg/postgres/client.go:18.16,20.3 1 0
github.com/k-ksu/avito-shop/pkg/postgres/client.go:22.2,22.38 1 0
github.com/k-ksu/avito-shop/pkg/postgres/client.go:22.38,24.3 1 0
github.com/k-ksu/avito-shop/pkg/postgres/client.go:26.2,26.27 1 0
github.com/k-ksu/avito-shop/internal/repository/cache/merch.go:7.23,9.2 1 0
github.com/k-ksu/avito-shop/internal/repository/cache/merch.go:11.42,13.2 1 0
github.com/k-ksu/avito-shop/internal/repository/cache/merch.go:15.57,18.2 2 0
github.com/k-ksu/avito-shop/tests/e2e/helper/auth.go:10.56,17.16 3 0
github.com/k-ksu/avito-shop/tests/e2e/helper/auth.go:17.16,19.3 1 0
github.com/k-ksu/avito-shop/tests/e2e/helper/auth.go:21.2,22.16 2 0
github.com/k-ksu/avito-shop/tests/e2e/helper/auth.go:22.16,24.3 1 0
github.com/k-ksu/avito-shop/tests/e2e/helper/auth.go:26.2,27.67 2 0
github.com/k-ksu/avito-shop/tests/e2e/helper/auth.go:27.67,29.3 1 0
github.com/k-ksu/avito-shop/tests/e2e/helper/auth.go:31.2,31.27 1 0
github.com/k-ksu/avito-shop/tests/e2e/helper/buy.go:10.54,24.2 9 0
github.com/k-ksu/avito-shop/tests/e2e/helper/helper.go:11.91,20.23 6 0
github.com/k-ksu/avito-shop/tests/e2e/helper/helper.go:20.23,22.3 1 0
github.com/k-ksu/avito-shop/tests/e2e/helper/helper.go:24.2,25.25 2 0
github.com/k-ksu/avito-shop/tests/e2e/helper/send_coin.go:13.53,31.2 13 0
github.com/k-ksu/avito-shop/tests/e2e/helper/user_info.go:12.64,29.46 12 0
github.com/k-ksu/avito-shop/tests/e2e/helper/user_info.go:29.46,34.3 1 0
github.com/k-ksu/avito-shop/tests/e2e/helper/user_info.go:36.2,37.45 2 0
github.com/k-ksu/avito-shop/tests/e2e/helper/user_info.go:37.45,42.3 1 0
github.com/k-ksu/avito-shop/tests/e2e/helper/user_info.go:44.2,45.49 2 0
github.com/k-ksu/avito-shop/tests/e2e/helper/user_info.go:45.49,50.3 1 0
github.com/k-ksu/avito-shop/tests/e2e/helper/user_info.go:52.2,52.17 1 0
github.com/k-ksu/avito-shop/cmd/avito-shop/main.go:11.13,16.16 4 0
github.com/k-ksu/avito-shop/cmd/avito-shop/main.go:16.16,20.3 2 0
github.com/k-ksu/avito-shop/cmd/avito-shop/main.go:22.2,22.41 1 0
github.com/k-ksu/avito-shop/cmd/avito-shop/main.go:22.41,24.3 1 0
github.com/k-ksu/avito-shop/config/config.go:48.29,52.16 3 0
github.com/k-ksu/avito-shop/config/config.go:52.16,54.3 1 0
github.com/k-ksu/avito-shop/config/config.go:56.2,56.43 1 0
github.com/k-ksu/avito-shop/config/config.go:56.43,58.3 1 0
github.com/k-ksu/avito-shop/config/config.go:60.2,60.43 1 0
github.com/k-ksu/avito-shop/config/config.go:60.43,62.3 1 0
github.com/k-ksu/avito-shop/config/config.go:64.2,64.17 1 0
github.com/k-ksu/avito-shop/config/config.go:67.49,69.16 2 0
github.com/k-ksu/avito-shop/config/config.go:69.16,71.3 1 0
github.com/k-ksu/avito-shop/config/config.go:73.2,76.16 3 0
github.com/k-ksu/avito-shop/config/config.go:76.16,78.3 1 0
github.com/k-ksu/avito-shop/config/config.go:80.2,80.46 1 0
github.com/k-ksu/avito-shop/config/config.go:80.46,82.3 1 0
github.com/k-ksu/avito-shop/config/config.go:84.2,84.12 1 0
github.com/k-ksu/avito-shop/config/config.go:87.49,88.58 1 0
github.com/k-ksu/avito-shop/config/config.go:88.58,90.3 1 0
github.com/k-ksu/avito-shop/config/config.go:92.2,92.39 1 0
github.com/k-ksu/avito-shop/config/config.go:92.39,94.3 1 0
github.com/k-ksu/avito-shop/config/config.go:96.2,96.12 1 0
github.com/k-ksu/avito-shop/config/config.go:99.40,101.16 2 0
github.com/k-ksu/avito-shop/config/config.go:101.16,103.3 1 0
github.com/k-ksu/avito-shop/config/config.go:105.2,106.29 2 0
github.com/k-ksu/avito-shop/config/config.go:106.29,107.27 1 0
github.com/k-ksu/avito-shop/config/config.go:107.27,109.9 2 0
github.com/k-ksu/avito-shop/config/config.go:113.2,113.33 1 0
github.com/k-ksu/avito-shop/internal/app/app.go:17.57,26.12 6 0
github.com/k-ksu/avito-shop/internal/app/app.go:26.12,27.107 1 0
github.com/k-ksu/avito-shop/internal/app/app.go:27.107,29.4 1 0
github.com/k-ksu/avito-shop/internal/app/app.go:32.2,37.62 4 0
github.com/k-ksu/avito-shop/internal/app/app.go:37.62,39.3 1 0
github.com/k-ksu/avito-shop/internal/app/app.go:41.2,43.12 2 0
github.com/k-ksu/avito-shop/internal/app/container.go:51.71,60.2 3 0
github.com/k-ksu/avito-shop/internal/app/container.go:62.90,73.46 3 0
github.com/k-ksu/avito-shop/internal/app/container.go:73.46,75.3 1 0
github.com/k-ksu/avito-shop/internal/app/container.go:77.2,81.3 1 0
github.com/k-ksu/avito-shop/internal/app/container.go:84.70,86.16 2 0
github.com/k-ksu/avito-shop/internal/app/container.go:86.16,88.3 1 0
github.com/k-ksu/avito-shop/internal/app/container.go:90.2,97.3 1 0
github.com/k-ksu/avito-shop/internal/app/container.go:100.66,112.2 4 0
github.com/k-ksu/avito-shop/internal/controller/http/handler/api_auth_post.go:15.76,18.65 2 0
github.com/k-ksu/avito-shop/internal/controller/http/handler/api_auth_post.go:18.65,22.3 2 0
github.com/k-ksu/avito-shop/internal/controller/http/handler/api_auth_post.go:24.2,25.16 2 0
github.com/k-ksu/avito-shop/internal/controller/http/handler/api_auth_post.go:25.16,26.46 1 0
github.com/k-ksu/avito-shop/internal/controller/http/handler/api_auth_post.go:26.46,30.4 2 0
github.com/k-ksu/avito-shop/internal/controller/http/handler/api_auth_post.go:32.3,34.9 2 0
github.com/k-ksu/avito-shop/internal/controller/http/handler/api_auth_post.go:37.2,40.16 2 0
github.com/k-ksu/avito-shop/internal/controller/http/handler/api_auth_post.go:40.16,44.3 2 0
github.com/k-ksu/avito-shop/internal/controller/http/handler/api_auth_post.go:46.2,54.16 5 0
github.com/k-ksu/avito-shop/internal/controller/http/handler/api_auth_post.go:54.16,56.3 1 0
github.com/k-ksu/avito-shop/internal/controller/http/handler/api_buy_item_get.go:13.78,15.16 2 0
github.com/k-ksu/avito-shop/internal/controller/http/handler/api_buy_item_get.go:15.16,17.3 1 0
github.com/k-ksu/avito-shop/internal/controller/http/handler/api_buy_item_get.go:19.2,21.63 2 0
github.com/k-ksu/avito-shop/internal/controller/http/handler/api_buy_item_get.go:21.63,22.84 1 0
github.com/k-ksu/avito-shop/internal/controller/http/handler/api_buy_item_get.go:22.84,26.4 2 0
github.com/k-ksu/avito-shop/internal/controller/http/handler/api_buy_item_get.go:28.3,30.9 2 0
github.com/k-ksu/avito-shop/internal/controller/http/handler/api_buy_item_get.go:33.2,34.30 2 0
github.com/k-ksu/avito-shop/internal/controller/http/handler/api_info_get.go:12.75,14.16 2 0
github.com/k-ksu/avito-shop/internal/controller/http/handler/api_info_get.go:14.16,16.3 1 0
github.com/k-ksu/avito-shop/internal/controller/http/handler/api_info_get.go:18.2,19.16 2 0
github.com/k-ksu/avito-shop/internal/controller/http/handler/api_info_get.go:19.16,23.3 2 0
github.com/k-ksu/avito-shop/internal/controller/http/handler/api_info_get.go:25.2,28.42 4 0
github.com/k-ksu/avito-shop/internal/controller/http/handler/api_info_get.go:28.42,33.3 1 0
github.com/k-ksu/avito-shop/internal/controller/http/handler/api_info_get.go:35.2,37.49 3 0
github.com/k-ksu/avito-shop/internal/controller/http/handler/api_info_get.go:37.49,42.3 1 0
github.com/k-ksu/avito-shop/internal/controller/http/handler/api_info_get.go:44.2,45.53 2 0
github.com/k-ksu/avito-shop/internal/controller/http/handler/api_info_get.go:45.53,50.3 1 0
github.com/k-ksu/avito-shop/internal/controller/http/handler/api_info_get.go:52.2,53.16 2 0
github.com/k-ksu/avito-shop/internal/controller/http/handler/api_info_get.go:53.16,57.3 2 0
github.com/k-ksu/avito-shop/internal/controller/http/handler/api_info_get.go:59.2,62.16 4 0
github.com/k-ksu/avito-shop/internal/controller/http/handler/api_info_get.go:62.16,64.3 1 0
github.com/k-ksu/avito-shop/internal/controller/http/handler/api_send_coin_post.go:15.80,17.16 2 0
github.com/k-ksu/avito-shop/internal/controller/http/handler/api_send_coin_post.go:17.16,19.3 1 0
github.com/k-ksu/avito-shop/internal/controller/http/handler/api_send_coin_post.go:21.2,22.68 2 0
github.com/k-ksu/avito-shop/internal/controller/http/handler/api_send_coin_post.go:22.68,26.3 2 0
github.com/k-ksu/avito-shop/internal/controller/http/handler/api_send_coin_post.go:28.2,28.29 1 0
github.com/k-ksu/avito-shop/internal/controller/http/handler/api_send_coin_post.go:28.29,32.3 2 0
github.com/k-ksu/avito-shop/internal/controller/http/handler/api_send_coin_post.go:34.2,34.37 1 0
github.com/k-ksu/avito-shop/internal/controller/http/handler/api_send_coin_post.go:34.37,38.3 2 0
github.com/k-ksu/avito-shop/internal/controller/http/handler/api_send_coin_post.go:40.2,45.16 1 0
github.com/k-ksu/avito-shop/internal/controller/http/handler/api_send_coin_post.go:45.16,46.86 1 0
github.com/k-ksu/avito-shop/internal/controller/http/handler/api_send_coin_post.go:46.86,50.4 2 0
github.com/k-ksu/avito-shop/internal/controller/http/handler/api_send_coin_post.go:52.3,54.9 2 0
github.com/k-ksu/avito-shop/internal/controller/http/handler/api_send_coin_post.go:57.2,58.30 2 0
github.com/k-ksu/avito-shop/internal/controller/http/handler/service.go:58.76,63.2 1 0
github.com/k-ksu/avito-shop/internal/controller/http/handler/service.go:66.73,67.38 1 0
github.com/k-ksu/avito-shop/internal/controller/http/handler/service.go:67.38,77.3 4 0
github.com/k-ksu/avito-shop/internal/controller/http/handler/service.go:79.2,80.16 2 0
github.com/k-ksu/avito-shop/internal/controller/http/handler/service.go:80.16,82.3 1 0
github.com/k-ksu/avito-shop/internal/controller/http/handler/service.go:84.2,87.4 2 0
github.com/k-ksu/avito-shop/internal/controller/http/handler/service.go:91.43,121.2 1 0
github.com/k-ksu/avito-shop/internal/controller/http/handler/service.go:123.44,125.16 2 0
github.com/k-ksu/avito-shop/internal/controller/http/handler/service.go:125.16,127.3 1 0
github.com/k-ksu/avito-shop/internal/controller/http/handler/service.go:129.2,131.16 3 0
github.com/k-ksu/avito-shop/internal/controller/http/handler/service.go:131.16,133.3 1 0
github.com/k-ksu/avito-shop/internal/controller/http/handler/service.go:135.2,137.16 3 0
github.com/k-ksu/avito-shop/internal/controller/http/handler/service.go:137.16,139.3 1 0
github.com/k-ksu/avito-shop/internal/controller/http/handler/service.go:141.2,143.27 2 0
github.com/k-ksu/avito-shop/internal/controller/http/handler/service.go:146.45,147.54 1 0
github.com/k-ksu/avito-shop/internal/controller/http/handler/service.go:147.54,149.17 2 0
github.com/k-ksu/avito-shop/internal/controller/http/handler/service.go:149.17,151.4 1 0
github.com/k-ksu/avito-shop/internal/controller/http/handler/service.go:155.92,157.16 2 0
github.com/k-ksu/avito-shop/internal/controller/http/handler/service.go:157.16,161.3 2 0
github.com/k-ksu/avito-shop/internal/controller/http/handler/service.go:163.2,163.17 1 0
github.com/k-ksu/avito-shop/internal/controller/http/handler/service.go:163.17,167.3 2 0
github.com/k-ksu/avito-shop/internal/controller/http/handler/service.go:169.2,170.16 2 0
github.com/k-ksu/avito-shop/internal/controller/http/handler/service.go:170.16,174.3 2 0
github.com/k-ksu/avito-shop/internal/controller/http/handler/service.go:176.2,176.18 1 0
github.com/k-ksu/avito-shop/internal/controller/http/helper/helper.go:14.65,16.16 2 0
github.com/k-ksu/avito-shop/internal/controller/http/helper/helper.go:16.16,20.3 2 0
github.com/k-ksu/avito-shop/internal/controller/http/helper/helper.go:22.2,24.16 3 0
github.com/k-ksu/avito-shop/internal/controller/http/helper/helper.go:24.16,26.3 1 0
github.com/k-ksu/avito-shop/internal/controller/http/helper/helper.go:30.54,32.16 2 0
github.com/k-ksu/avito-shop/internal/controller/http/helper/helper.go:32.16,34.3 1 0
github.com/k-ksu/avito-shop/internal/controller/http/helper/helper.go:36.2,36.39 1 0
github.com/k-ksu/avito-shop/internal/controller/http/helper/helper.go:36.39,38.3 1 0
github.com/k-ksu/avito-shop/internal/controller/http/helper/helper.go:40.2,40.45 1 0
github.com/k-ksu/avito-shop/internal/controller/http/middleware/auth.go:22.60,23.56 1 0
github.com/k-ksu/avito-shop/internal/controller/http/middleware/auth.go:23.56,24.36 1 0
github.com/k-ksu/avito-shop/internal/controller/http/middleware/auth.go:24.36,28.4 2 0
github.com/k-ksu/avito-shop/internal/controller/http/middleware/auth.go:30.3,31.17 2 0
github.com/k-ksu/avito-shop/internal/controller/http/middleware/auth.go:31.17,35.4 2 0
github.com/k-ksu/avito-shop/internal/controller/http/middleware/auth.go:37.3,37.18 1 0
github.com/k-ksu/avito-shop/internal/controller/http/middleware/auth.go:37.18,41.4 2 0
github.com/k-ksu/avito-shop/internal/controller/http/middleware/auth.go:43.3,44.17 2 0
github.com/k-ksu/avito-shop/internal/controller/http/middleware/auth.go:44.17,48.4 2 0
github.com/k-ksu/avito-shop/internal/controller/http/middleware/auth.go:50.3,50.39 1 0
github.com/k-ksu/avito-shop/internal/controller/http/middleware/auth.go:50.39,54.4 2 0
github.com/k-ksu/avito-shop/internal/controller/http/middleware/auth.go:56.3,56.25 1 0
github.com/k-ksu/avito-shop/internal/controller/http/middleware/auth.go:60.43,62.2 1 0
github.com/k-ksu/avito-shop/internal/controller/http/middleware/logger.go:10.59,11.71 1 0
github.com/k-ksu/avito-shop/internal/controller/http/middleware/logger.go:11.71,23.3 3 0
github.com/k-ksu/avito-shop/internal/repository/merch.go:31.43,33.2 1 0
github.com/k-ksu/avito-shop/internal/repository/merch.go:36.83,42.16 3 0
github.com/k-ksu/avito-shop/internal/repository/merch.go:42.16,44.3 1 0
github.com/k-ksu/avito-shop/internal/repository/merch.go:46.2,47.96 2 0
github.com/k-ksu/avito-shop/internal/repository/merch.go:47.96,48.36 1 0
github.com/k-ksu/avito-shop/internal/repository/merch.go:48.36,50.4 1 0
github.com/k-ksu/avito-shop/internal/repository/merch.go:52.3,52.56 1 0
github.com/k-ksu/avito-shop/internal/repository/merch.go:55.2,55.19 1 0
github.com/k-ksu/avito-shop/internal/repository/merch.go:59.73,62.16 3 0
github.com/k-ksu/avito-shop/internal/repository/merch.go:62.16,64.3 1 0
github.com/k-ksu/avito-shop/internal/repository/merch.go:66.2,67.16 2 0
github.com/k-ksu/avito-shop/internal/repository/merch.go:67.16,69.3 1 0
github.com/k-ksu/avito-shop/internal/repository/merch.go:71.2,74.18 3 0
github.com/k-ksu/avito-shop/internal/repository/merch.go:74.18,76.72 2 0
github.com/k-ksu/avito-shop/internal/repository/merch.go:76.72,78.4 1 0
github.com/k-ksu/avito-shop/internal/repository/merch.go:80.3,80.33 1 0
github.com/k-ksu/avito-shop/internal/repository/merch.go:83.2,83.34 1 0
github.com/k-ksu/avito-shop/internal/repository/merch.go:83.34,85.3 1 0
github.com/k-ksu/avito-shop/internal/repository/merch.go:87.2,87.20 1 0
github.com/k-ksu/avito-shop/internal/repository/shop_history.go:28.55,30.2 1 0
github.com/k-ksu/avito-shop/internal/repository/shop_history.go:33.103,36.15 2 0
github.com/k-ksu/avito-shop/internal/repository/shop_history.go:36.15,38.17 2 0
github.com/k-ksu/avito-shop/internal/repository/shop_history.go:38.17,40.4 1 0
github.com/k-ksu/avito-shop/internal/repository/shop_history.go:42.3,42.16 1 0
github.com/k-ksu/avito-shop/internal/repository/shop_history.go:42.16,43.18 1 0
github.com/k-ksu/avito-shop/internal/repository/shop_history.go:43.18,47.5 2 0
github.com/k-ksu/avito-shop/internal/repository/shop_history.go:49.4,49.18 1 0
github.com/k-ksu/avito-shop/internal/repository/shop_history.go:53.2,58.16 3 0
github.com/k-ksu/avito-shop/internal/repository/shop_history.go:58.16,60.3 1 0
github.com/k-ksu/avito-shop/internal/repository/shop_history.go:62.2,62.53 1 0
github.com/k-ksu/avito-shop/internal/repository/shop_history.go:62.53,64.3 1 0
github.com/k-ksu/avito-shop/internal/repository/shop_history.go:66.2,66.12 1 0
github.com/k-ksu/avito-shop/internal/repository/shop_history.go:70.109,73.15 2 0
github.com/k-ksu/avito-shop/internal/repository/shop_history.go:73.15,75.17 2 0
github.com/k-ksu/avito-shop/internal/repository/shop_history.go:75.17,77.4 1 0
github.com/k-ksu/avito-shop/internal/repository/shop_history.go:79.3,79.16 1 0
github.com/k-ksu/avito-shop/internal/repository/shop_history.go:79.16,80.18 1 0
github.com/k-ksu/avito-shop/internal/repository/shop_history.go:80.18,84.5 2 0
github.com/k-ksu/avito-shop/internal/repository/shop_history.go:86.4,86.18 1 0
github.com/k-ksu/avito-shop/internal/repository/shop_history.go:90.2,97.16 3 0
github.com/k-ksu/avito-shop/internal/repository/shop_history.go:97.16,99.3 1 0
github.com/k-ksu/avito-shop/internal/repository/shop_history.go:101.2,102.16 2 0
github.com/k-ksu/avito-shop/internal/repository/shop_history.go:102.16,104.3 1 0
github.com/k-ksu/avito-shop/internal/repository/shop_history.go:106.2,109.18 3 0
github.com/k-ksu/avito-shop/internal/repository/shop_history.go:109.18,113.17 3 0
github.com/k-ksu/avito-shop/internal/repository/shop_history.go:113.17,115.4 1 0
github.com/k-ksu/avito-shop/internal/repository/shop_history.go:117.3,117.30 1 0
github.com/k-ksu/avito-shop/internal/repository/shop_history.go:120.2,120.19 1 0
github.com/k-ksu/avito-shop/internal/repository/transaction_history.go:28.69,30.2 1 0
github.com/k-ksu/avito-shop/internal/repository/transaction_history.go:33.110,36.15 2 0
github.com/k-ksu/avito-shop/internal/repository/transaction_history.go:36.15,38.17 2 0
github.com/k-ksu/avito-shop/internal/repository/transaction_history.go:38.17,40.4 1 0
github.com/k-ksu/avito-shop/internal/repository/transaction_history.go:42.3,42.16 1 0
github.com/k-ksu/avito-shop/internal/repository/transaction_history.go:42.16,43.18 1 0
github.com/k-ksu/avito-shop/internal/repository/transaction_history.go:43.18,47.5 2 0
github.com/k-ksu/avito-shop/internal/repository/transaction_history.go:49.4,49.18 1 0
github.com/k-ksu/avito-shop/internal/repository/transaction_history.go:53.2,58.16 3 0
github.com/k-ksu/avito-shop/internal/repository/transaction_history.go:58.16,60.3 1 0
github.com/k-ksu/avito-shop/internal/repository/transaction_history.go:62.2,62.53 1 0
github.com/k-ksu/avito-shop/internal/repository/transaction_history.go:62.53,64.3 1 0
github.com/k-ksu/avito-shop/internal/repository/transaction_history.go:66.2,66.12 1 0
github.com/k-ksu/avito-shop/internal/repository/transaction_history.go:72.118,75.15 2 0
github.com/k-ksu/avito-shop/internal/repository/transaction_history.go:75.15,77.17 2 0
github.com/k-ksu/avito-shop/internal/repository/transaction_history.go:77.17,79.4 1 0
github.com/k-ksu/avito-shop/internal/repository/transaction_history.go:81.3,81.16 1 0
github.com/k-ksu/avito-shop/internal/repository/transaction_history.go:81.16,82.18 1 0
github.com/k-ksu/avito-shop/internal/repository/transaction_history.go:82.18,86.5 2 0
github.com/k-ksu/avito-shop/internal/repository/transaction_history.go:88.4,88.18 1 0
github.com/k-ksu/avito-shop/internal/repository/transaction_history.go:92.2,100.16 3 0
github.com/k-ksu/avito-shop/internal/repository/transaction_history.go:100.16,102.3 1 0
github.com/k-ksu/avito-shop/internal/repository/transaction_history.go:104.2,105.16 2 0
github.com/k-ksu/avito-shop/internal/repository/transaction_history.go:105.16,107.3 1 0
github.com/k-ksu/avito-shop/internal/repository/transaction_history.go:109.2,112.18 3 0
github.com/k-ksu/avito-shop/internal/repository/transaction_history.go:112.18,116.17 3 0
github.com/k-ksu/avito-shop/internal/repository/transaction_history.go:116.17,118.4 1 0
github.com/k-ksu/avito-shop/internal/repository/transaction_history.go:120.3,120.30 1 0
github.com/k-ksu/avito-shop/internal/repository/transaction_history.go:123.2,123.19 1 0
github.com/k-ksu/avito-shop/internal/repository/transaction_history.go:129.118,132.15 2 0
github.com/k-ksu/avito-shop/internal/repository/transaction_history.go:132.15,134.17 2 0
github.com/k-ksu/avito-shop/internal/repository/transaction_history.go:134.17,136.4 1 0
github.com/k-ksu/avito-shop/internal/repository/transaction_history.go:138.3,138.16 1 0
github.com/k-ksu/avito-shop/internal/repository/transaction_history.go:138.16,139.18 1 0
github.com/k-ksu/avito-shop/internal/repository/transaction_history.go:139.18,143.5 2 0
github.com/k-ksu/avito-shop/internal/repository/transaction_history.go:145.4,145.18 1 0
github.com/k-ksu/avito-shop/internal/repository/transaction_history.go:149.2,157.16 3 0
github.com/k-ksu/avito-shop/internal/repository/transaction_history.go:157.16,159.3 1 0
github.com/k-ksu/avito-shop/internal/repository/transaction_history.go:161.2,162.16 2 0
github.com/k-ksu/avito-shop/internal/repository/transaction_history.go:162.16,164.3 1 0
github.com/k-ksu/avito-shop/internal/repository/transaction_history.go:166.2,169.18 3 0
github.com/k-ksu/avito-shop/internal/repository/transaction_history.go:169.18,173.17 3 0
github.com/k-ksu/avito-shop/internal/repository/transaction_history.go:173.17,175.4 1 0
github.com/k-ksu/avito-shop/internal/repository/transaction_history.go:177.3,177.30 1 0
github.com/k-ksu/avito-shop/internal/repository/transaction_history.go:180.2,180.19 1 0
github.com/k-ksu/avito-shop/internal/repository/users.go:35.43,37.2 1 0
github.com/k-ksu/avito-shop/internal/repository/users.go:40.82,46.16 3 0
github.com/k-ksu/avito-shop/internal/repository/users.go:46.16,48.3 1 0
github.com/k-ksu/avito-shop/internal/repository/users.go:50.2,51.119 2 0
github.com/k-ksu/avito-shop/internal/repository/users.go:51.119,52.36 1 0
github.com/k-ksu/avito-shop/internal/repository/users.go:52.36,54.4 1 0
github.com/k-ksu/avito-shop/internal/repository/users.go:56.3,56.55 1 0
github.com/k-ksu/avito-shop/internal/repository/users.go:59.2,59.18 1 0
github.com/k-ksu/avito-shop/internal/repository/users.go:63.104,66.15 2 0
github.com/k-ksu/avito-shop/internal/repository/users.go:66.15,68.17 2 0
github.com/k-ksu/avito-shop/internal/repository/users.go:68.17,70.4 1 0
github.com/k-ksu/avito-shop/internal/repository/users.go:72.3,72.16 1 0
github.com/k-ksu/avito-shop/internal/repository/users.go:72.16,73.18 1 0
github.com/k-ksu/avito-shop/internal/repository/users.go:73.18,77.5 2 0
github.com/k-ksu/avito-shop/internal/repository/users.go:79.4,79.18 1 0
github.com/k-ksu/avito-shop/internal/repository/users.go:83.2,88.16 3 0
github.com/k-ksu/avito-shop/internal/repository/users.go:88.16,90.3 1 0
github.com/k-ksu/avito-shop/internal/repository/users.go:92.2,95.16 3 0
github.com/k-ksu/avito-shop/internal/repository/users.go:95.16,96.36 1 0
github.com/k-ksu/avito-shop/internal/repository/users.go:96.36,98.4 1 0
github.com/k-ksu/avito-shop/internal/repository/users.go:100.3,100.46 1 0
github.com/k-ksu/avito-shop/internal/repository/users.go:103.2,104.18 2 0
github.com/k-ksu/avito-shop/internal/repository/users.go:104.18,106.95 2 0
github.com/k-ksu/avito-shop/internal/repository/users.go:106.95,108.4 1 0
github.com/k-ksu/avito-shop/internal/repository/users.go:110.3,110.30 1 0
github.com/k-ksu/avito-shop/internal/repository/users.go:113.2,113.19 1 0
github.com/k-ksu/avito-shop/internal/repository/users.go:117.88,124.16 3 0
github.com/k-ksu/avito-shop/internal/repository/users.go:124.16,126.3 1 0
github.com/k-ksu/avito-shop/internal/repository/users.go:128.2,129.63 2 0
github.com/k-ksu/avito-shop/internal/repository/users.go:129.63,131.3 1 0
github.com/k-ksu/avito-shop/internal/repository/users.go:133.2,137.8 1 0
github.com/k-ksu/avito-shop/internal/repository/users.go:141.89,142.21 1 0
github.com/k-ksu/avito-shop/internal/repository/users.go:142.21,144.3 1 0
github.com/k-ksu/avito-shop/internal/repository/users.go:146.2,148.15 2 0
github.com/k-ksu/avito-shop/internal/repository/users.go:148.15,150.17 2 0
github.com/k-ksu/avito-shop/internal/repository/users.go:150.17,152.4 1 0
github.com/k-ksu/avito-shop/internal/repository/users.go:154.3,154.16 1 0
github.com/k-ksu/avito-shop/internal/repository/users.go:154.16,155.18 1 0
github.com/k-ksu/avito-shop/internal/repository/users.go:155.18,159.5 2 0
github.com/k-ksu/avito-shop/internal/repository/users.go:161.4,161.18 1 0
github.com/k-ksu/avito-shop/internal/repository/users.go:165.2,166.29 2 0
github.com/k-ksu/avito-shop/internal/repository/users.go:166.29,168.3 1 0
github.com/k-ksu/avito-shop/internal/repository/users.go:170.2,173.16 3 0
github.com/k-ksu/avito-shop/internal/repository/users.go:173.16,175.3 1 0
github.com/k-ksu/avito-shop/internal/repository/users.go:177.2,178.16 2 0
github.com/k-ksu/avito-shop/internal/repository/users.go:178.16,180.3 1 0
github.com/k-ksu/avito-shop/internal/repository/users.go:182.2,182.12 1 0
github.com/k-ksu/avito-shop/internal/repository/users.go:186.91,187.21 1 0
github.com/k-ksu/avito-shop/internal/repository/users.go:187.21,189.3 1 0
github.com/k-ksu/avito-shop/internal/repository/users.go:191.2,193.15 2 0
github.com/k-ksu/avito-shop/internal/repository/users.go:193.15,195.17 2 0
github.com/k-ksu/avito-shop/internal/repository/users.go:195.17,197.4 1 0
github.com/k-ksu/avito-shop/internal/repository/users.go:199.3,199.16 1 0
github.com/k-ksu/avito-shop/internal/repository/users.go:199.16,200.18 1 0
github.com/k-ksu/avito-shop/internal/repository/users.go:200.18,204.5 2 0
github.com/k-ksu/avito-shop/internal/repository/users.go:206.4,206.18 1 0
github.com/k-ksu/avito-shop/internal/repository/users.go:210.2,211.29 2 0
github.com/k-ksu/avito-shop/internal/repository/users.go:211.29,213.3 1 0
github.com/k-ksu/avito-shop/internal/repository/users.go:215.2,217.16 3 0
github.com/k-ksu/avito-shop/internal/repository/users.go:217.16,219.3 1 0
github.com/k-ksu/avito-shop/internal/repository/users.go:221.2,222.16 2 0
github.com/k-ksu/avito-shop/internal/repository/users.go:222.16,224.3 1 0
github.com/k-ksu/avito-shop/internal/repository/users.go:226.2,226.12 1 0
github.com/k-ksu/avito-shop/internal/repository/cache/merch.go:7.23,9.2 1 0
github.com/k-ksu/avito-shop/internal/repository/cache/merch.go:11.42,13.2 1 0
github.com/k-ksu/avito-shop/internal/repository/cache/merch.go:15.57,18.2 2 0
github.com/k-ksu/avito-shop/internal/repository/wrapper/transaction.go:23.55,25.2 1 0
github.com/k-ksu/avito-shop/internal/repository/wrapper/transaction.go:28.86,29.51 1 0
github.com/k-ksu/avito-shop/internal/repository/wrapper/transaction.go:29.51,30.30 1 0
github.com/k-ksu/avito-shop/internal/repository/wrapper/transaction.go:30.30,31.32 1 0
github.com/k-ksu/avito-shop/internal/repository/wrapper/transaction.go:31.32,33.5 1 0
github.com/k-ksu/avito-shop/internal/repository/wrapper/transaction.go:36.3,36.13 1 0
github.com/k-ksu/avito-shop/internal/service/auth.go:19.62,24.2 1 1
github.com/k-ksu/avito-shop/internal/service/auth.go:27.72,28.106 1 1
github.com/k-ksu/avito-shop/internal/service/auth.go:28.106,30.3 1 1
github.com/k-ksu/avito-shop/internal/service/auth.go:31.2,31.16 1 1
github.com/k-ksu/avito-shop/internal/service/auth.go:31.16,33.3 1 0
github.com/k-ksu/avito-shop/internal/service/auth.go:35.2,36.9 2 1
github.com/k-ksu/avito-shop/internal/service/auth.go:36.9,38.3 1 0
github.com/k-ksu/avito-shop/internal/service/auth.go:40.2,40.21 1 1
github.com/k-ksu/avito-shop/internal/service/auth.go:44.66,58.16 5 1
github.com/k-ksu/avito-shop/internal/service/auth.go:58.16,60.3 1 0
github.com/k-ksu/avito-shop/internal/service/auth.go:62.2,62.25 1 1
github.com/k-ksu/avito-shop/internal/service/shop.go:63.9,72.2 1 1
github.com/k-ksu/avito-shop/internal/service/shop.go:75.96,76.55 1 1
github.com/k-ksu/avito-shop/internal/service/shop.go:76.55,77.88 1 1
github.com/k-ksu/avito-shop/internal/service/shop.go:77.88,79.4 1 1
github.com/k-ksu/avito-shop/internal/service/shop.go:81.3,82.17 2 1
github.com/k-ksu/avito-shop/internal/service/shop.go:82.17,84.4 1 1
github.com/k-ksu/avito-shop/internal/service/shop.go:87.3,87.22 1 1
github.com/k-ksu/avito-shop/internal/service/shop.go:87.22,89.4 1 1
github.com/k-ksu/avito-shop/internal/service/shop.go:91.3,91.37 1 1
github.com/k-ksu/avito-shop/internal/service/shop.go:91.37,93.4 1 1
github.com/k-ksu/avito-shop/internal/service/shop.go:95.3,98.30 3 1
github.com/k-ksu/avito-shop/internal/service/shop.go:98.30,100.4 1 1
github.com/k-ksu/avito-shop/internal/service/shop.go:102.3,104.89 3 1
github.com/k-ksu/avito-shop/internal/service/shop.go:104.89,106.4 1 1
github.com/k-ksu/avito-shop/internal/service/shop.go:108.3,112.18 1 1
github.com/k-ksu/avito-shop/internal/service/shop.go:112.18,114.4 1 1
github.com/k-ksu/avito-shop/internal/service/shop.go:116.3,116.13 1 1
github.com/k-ksu/avito-shop/internal/service/shop.go:121.81,123.16 2 1
github.com/k-ksu/avito-shop/internal/service/shop.go:123.16,125.3 1 1
github.com/k-ksu/avito-shop/internal/service/shop.go:127.2,127.55 1 1
github.com/k-ksu/avito-shop/internal/service/shop.go:127.55,128.75 1 1
github.com/k-ksu/avito-shop/internal/service/shop.go:128.75,130.4 1 1
github.com/k-ksu/avito-shop/internal/service/shop.go:132.3,133.17 2 1
github.com/k-ksu/avito-shop/internal/service/shop.go:133.17,135.4 1 1
github.com/k-ksu/avito-shop/internal/service/shop.go:139.3,140.31 2 1
github.com/k-ksu/avito-shop/internal/service/shop.go:140.31,142.4 1 1
github.com/k-ksu/avito-shop/internal/service/shop.go:144.3,145.77 2 1
github.com/k-ksu/avito-shop/internal/service/shop.go:145.77,147.4 1 1
github.com/k-ksu/avito-shop/internal/service/shop.go:149.3,152.18 1 1
github.com/k-ksu/avito-shop/internal/service/shop.go:152.18,154.4 1 1
github.com/k-ksu/avito-shop/internal/service/shop.go:156.3,156.13 1 1
github.com/k-ksu/avito-shop/internal/service/shop.go:161.80,163.8 2 1
github.com/k-ksu/avito-shop/internal/service/shop.go:163.8,165.3 1 1
github.com/k-ksu/avito-shop/internal/service/shop.go:167.2,168.16 2 1
github.com/k-ksu/avito-shop/internal/service/shop.go:168.16,169.37 1 1
github.com/k-ksu/avito-shop/internal/service/shop.go:169.37,171.4 1 0
github.com/k-ksu/avito-shop/internal/service/shop.go:173.3,173.68 1 1
github.com/k-ksu/avito-shop/internal/service/shop.go:176.2,176.19 1 1
github.com/k-ksu/avito-shop/internal/service/shop.go:180.55,182.16 2 1
github.com/k-ksu/avito-shop/internal/service/shop.go:182.16,184.3 1 1
github.com/k-ksu/avito-shop/internal/service/shop.go:186.2,186.31 1 1
github.com/k-ksu/avito-shop/internal/service/shop.go:186.31,188.3 1 1
github.com/k-ksu/avito-shop/internal/service/shop.go:190.2,190.12 1 1
github.com/k-ksu/avito-shop/internal/service/users.go:51.10,59.2 1 1
github.com/k-ksu/avito-shop/internal/service/users.go:62.65,64.16 2 1
github.com/k-ksu/avito-shop/internal/service/users.go:64.16,66.3 1 1
github.com/k-ksu/avito-shop/internal/service/users.go:68.2,71.8 1 1
github.com/k-ksu/avito-shop/internal/service/users.go:75.88,78.55 2 1
github.com/k-ksu/avito-shop/internal/service/users.go:78.55,79.71 1 1
github.com/k-ksu/avito-shop/internal/service/users.go:79.71,81.4 1 1
github.com/k-ksu/avito-shop/internal/service/users.go:83.3,84.17 2 1
github.com/k-ksu/avito-shop/internal/service/users.go:84.17,86.4 1 1
github.com/k-ksu/avito-shop/internal/service/users.go:88.3,92.17 4 1
github.com/k-ksu/avito-shop/internal/service/users.go:92.17,94.4 1 1
github.com/k-ksu/avito-shop/internal/service/users.go:96.3,97.17 2 1
github.com/k-ksu/avito-shop/internal/service/users.go:97.17,99.4 1 1
github.com/k-ksu/avito-shop/internal/service/users.go:101.3,105.17 4 1
github.com/k-ksu/avito-shop/internal/service/users.go:105.17,107.4 1 1
github.com/k-ksu/avito-shop/internal/service/users.go:109.3,111.13 2 1
github.com/k-ksu/avito-shop/internal/service/users.go:113.2,113.16 1 1
github.com/k-ksu/avito-shop/internal/service/users.go:113.16,115.3 1 1
github.com/k-ksu/avito-shop/internal/service/users.go:117.2,117.22 1 1
github.com/k-ksu/avito-shop/internal/service/users.go:121.82,123.16 2 1
github.com/k-ksu/avito-shop/internal/service/users.go:123.16,124.37 1 1
github.com/k-ksu/avito-shop/internal/service/users.go:124.37,126.4 1 0
github.com/k-ksu/avito-shop/internal/service/users.go:128.3,128.52 1 1
github.com/k-ksu/avito-shop/internal/service/users.go:131.2,131.100 1 1
github.com/k-ksu/avito-shop/internal/service/users.go:131.100,132.58 1 1
github.com/k-ksu/avito-shop/internal/service/users.go:132.58,134.4 1 1
github.com/k-ksu/avito-shop/internal/service/users.go:136.3,136.68 1 0
github.com/k-ksu/avito-shop/internal/service/users.go:139.2,140.16 2 1
github.com/k-ksu/avito-shop/internal/service/users.go:140.16,142.3 1 1
github.com/k-ksu/avito-shop/internal/service/users.go:144.2,144.19 1 1
github.com/k-ksu/avito-shop/internal/service/users.go:147.86,149.16 2 0
github.com/k-ksu/avito-shop/internal/service/users.go:149.16,151.3 1 0
github.com/k-ksu/avito-shop/internal/service/users.go:153.2,154.16 2 0
github.com/k-ksu/avito-shop/internal/service/users.go:154.16,156.3 1 0
github.com/k-ksu/avito-shop/internal/service/users.go:158.2,159.16 2 0
github.com/k-ksu/avito-shop/internal/service/users.go:159.16,161.3 1 0
github.com/k-ksu/avito-shop/internal/service/users.go:163.2,163.19 1 0
github.com/k-ksu/avito-shop/pkg/postgres/client.go:16.66,18.16 2 0
github.com/k-ksu/avito-shop/pkg/postgres/client.go:18.16,20.3 1 0
github.com/k-ksu/avito-shop/pkg/postgres/client.go:22.2,22.38 1 0
github.com/k-ksu/avito-shop/pkg/postgres/client.go:22.38,24.3 1 0
github.com/k-ksu/avito-shop/pkg/postgres/client.go:26.2,26.27 1 0
github.com/k-ksu/avito-shop/tests/e2e/helper/auth.go:10.56,17.16 3 0
github.com/k-ksu/avito-shop/tests/e2e/helper/auth.go:17.16,19.3 1 0
github.com/k-ksu/avito-shop/tests/e2e/helper/auth.go:21.2,22.16 2 0
github.com/k-ksu/avito-shop/tests/e2e/helper/auth.go:22.16,24.3 1 0
github.com/k-ksu/avito-shop/tests/e2e/helper/auth.go:26.2,27.67 2 0
github.com/k-ksu/avito-shop/tests/e2e/helper/auth.go:27.67,29.3 1 0
github.com/k-ksu/avito-shop/tests/e2e/helper/auth.go:31.2,31.27 1 0
github.com/k-ksu/avito-shop/tests/e2e/helper/buy.go:10.54,24.2 9 0
github.com/k-ksu/avito-shop/tests/e2e/helper/helper.go:11.91,20.23 6 0
github.com/k-ksu/avito-shop/tests/e2e/helper/helper.go:20.23,22.3 1 0
github.com/k-ksu/avito-shop/tests/e2e/helper/helper.go:24.2,25.25 2 0
github.com/k-ksu/avito-shop/tests/e2e/helper/send_coin.go:13.53,31.2 13 0
github.com/k-ksu/avito-shop/tests/e2e/helper/user_info.go:12.64,29.46 12 0
github.com/k-ksu/avito-shop/tests/e2e/helper/user_info.go:29.46,34.3 1 0
github.com/k-ksu/avito-shop/tests/e2e/helper/user_info.go:36.2,37.45 2 0
github.com/k-ksu/avito-shop/tests/e2e/helper/user_info.go:37.45,42.3 1 0
github.com/k-ksu/avito-shop/tests/e2e/helper/user_info.go:44.2,45.49 2 0
github.com/k-ksu/avito-shop/tests/e2e/helper/user_info.go:45.49,50.3 1 0
github.com/k-ksu/avito-shop/tests/e2e/helper/user_info.go:52.2,52.17 1 0
github.com/k-ksu/avito-shop/cmd/avito-shop/main.go:11.13,16.16 4 0
github.com/k-ksu/avito-shop/cmd/avito-shop/main.go:16.16,20.3 2 0
github.com/k-ksu/avito-shop/cmd/avito-shop/main.go:22.2,22.41 1 0
github.com/k-ksu/avito-shop/cmd/avito-shop/main.go:22.41,24.3 1 0
github.com/k-ksu/avito-shop/config/config.go:48.29,52.16 3 1
github.com/k-ksu/avito-shop/config/config.go:52.16,54.3 1 0
github.com/k-ksu/avito-shop/config/config.go:56.2,56.43 1 1
github.com/k-ksu/avito-shop/config/config.go:56.43,58.3 1 0
github.com/k-ksu/avito-shop/config/config.go:60.2,60.43 1 1
github.com/k-ksu/avito-shop/config/config.go:60.43,62.3 1 0
github.com/k-ksu/avito-shop/config/config.go:64.2,64.17 1 1
github.com/k-ksu/avito-shop/config/config.go:67.49,69.16 2 1
github.com/k-ksu/avito-shop/config/config.go:69.16,71.3 1 0
github.com/k-ksu/avito-shop/config/config.go:73.2,76.16 3 1
github.com/k-ksu/avito-shop/config/config.go:76.16,78.3 1 0
github.com/k-ksu/avito-shop/config/config.go:80.2,80.46 1 1
github.com/k-ksu/avito-shop/config/config.go:80.46,82.3 1 0
github.com/k-ksu/avito-shop/config/config.go:84.2,84.12 1 1
github.com/k-ksu/avito-shop/config/config.go:87.49,88.58 1 1
github.com/k-ksu/avito-shop/config/config.go:88.58,90.3 1 0
github.com/k-ksu/avito-shop/config/config.go:92.2,92.39 1 1
github.com/k-ksu/avito-shop/config/config.go:92.39,94.3 1 0
github.com/k-ksu/avito-shop/config/config.go:96.2,96.12 1 1
github.com/k-ksu/avito-shop/config/config.go:99.40,101.16 2 1
github.com/k-ksu/avito-shop/config/config.go:101.16,103.3 1 0
github.com/k-ksu/avito-shop/config/config.go:105.2,106.29 2 1
github.com/k-ksu/avito-shop/config/config.go:106.29,107.27 1 1
github.com/k-ksu/avito-shop/config/config.go:107.27,109.9 2 1
github.com/k-ksu/avito-shop/config/config.go:113.2,113.33 1 1
github.com/k-ksu/avito-shop/internal/app/app.go:17.57,26.12 6 0
github.com/k-ksu/avito-shop/internal/app/app.go:26.12,27.107 1 0
github.com/k-ksu/avito-shop/internal/app/app.go:27.107,29.4 1 0
github.com/k-ksu/avito-shop/internal/app/app.go:32.2,37.62 4 0
github.com/k-ksu/avito-shop/internal/app/app.go:37.62,39.3 1 0
github.com/k-ksu/avito-shop/internal/app/app.go:41.2,43.12 2 0
github.com/k-ksu/avito-shop/internal/app/container.go:51.71,60.2 3 1
github.com/k-ksu/avito-shop/internal/app/container.go:62.90,73.46 3 1
github.com/k-ksu/avito-shop/internal/app/container.go:73.46,75.3 1 0
github.com/k-ksu/avito-shop/internal/app/container.go:77.2,81.3 1 1
github.com/k-ksu/avito-shop/internal/app/container.go:84.70,86.16 2 1
github.com/k-ksu/avito-shop/internal/app/container.go:86.16,88.3 1 0
github.com/k-ksu/avito-shop/internal/app/container.go:90.2,97.3 1 1
github.com/k-ksu/avito-shop/internal/app/container.go:100.66,112.2 4 1
github.com/k-ksu/avito-shop/internal/controller/http/handler/api_auth_post.go:15.76,18.65 2 0
github.com/k-ksu/avito-shop/internal/controller/http/handler/api_auth_post.go:18.65,22.3 2 0
github.com/k-ksu/avito-shop/internal/controller/http/handler/api_auth_post.go:24.2,25.16 2 0
github.com/k-ksu/avito-shop/internal/controller/http/handler/api_auth_post.go:25.16,26.46 1 0
github.com/k-ksu/avito-shop/internal/controller/http/handler/api_auth_post.go:26.46,30.4 2 0
github.com/k-ksu/avito-shop/internal/controller/http/handler/api_auth_post.go:32.3,34.9 2 0
github.com/k-ksu/avito-shop/internal/controller/http/handler/api_auth_post.go:37.2,40.16 2 0
github.com/k-ksu/avito-shop/internal/controller/http/handler/api_auth_post.go:40.16,44.3 2 0
github.com/k-ksu/avito-shop/internal/controller/http/handler/api_auth_post.go:46.2,54.16 5 0
github.com/k-ksu/avito-shop/internal/controller/http/handler/api_auth_post.go:54.16,56.3 1 0
github.com/k-ksu/avito-shop/internal/controller/http/handler/api_buy_item_get.go:13.78,15.16 2 0
github.com/k-ksu/avito-shop/internal/controller/http/handler/api_buy_item_get.go:15.16,17.3 1 0
github.com/k-ksu/avito-shop/internal/controller/http/handler/api_buy_item_get.go:19.2,21.63 2 0
github.com/k-ksu/avito-shop/internal/controller/http/handler/api_buy_item_get.go:21.63,22.84 1 0
github.com/k-ksu/avito-shop/internal/controller/http/handler/api_buy_item_get.go:22.84,26.4 2 0
github.com/k-ksu/avito-shop/internal/controller/http/handler/api_buy_item_get.go:28.3,30.9 2 0
github.com/k-ksu/avito-shop/internal/controller/http/handler/api_buy_item_get.go:33.2,34.30 2 0
github.com/k-ksu/avito-shop/internal/controller/http/handler/api_info_get.go:12.75,14.16 2 0
github.com/k-ksu/avito-shop/internal/controller/http/handler/api_info_get.go:14.16,16.3 1 0
github.com/k-ksu/avito-shop/internal/controller/http/handler/api_info_get.go:18.2,19.16 2 0
github.com/k-ksu/avito-shop/internal/controller/http/handler/api_info_get.go:19.16,23.3 2 0
github.com/k-ksu/avito-shop/internal/controller/http/handler/api_info_get.go:25.2,28.42 4 0
github.com/k-ksu/avito-shop/internal/controller/http/handler/api_info_get.go:28.42,33.3 1 0
github.com/k-ksu/avito-shop/internal/controller/http/handler/api_info_get.go:35.2,37.49 3 0
github.com/k-ksu/avito-shop/internal/controller/http/handler/api_info_get.go:37.49,42.3 1 0
github.com/k-ksu/avito-shop/internal/controller/http/handler/api_info_get.go:44.2,45.53 2 0
github.com/k-ksu/avito-shop/internal/controller/http/handler/api_info_get.go:45.53,50.3 1 0
github.com/k-ksu/avito-shop/internal/controller/http/handler/api_info_get.go:52.2,53.16 2 0
github.com/k-ksu/avito-shop/internal/controller/http/handler/api_info_get.go:53.16,57.3 2 0
github.com/k-ksu/avito-shop/internal/controller/http/handler/api_info_get.go:59.2,62.16 4 0
github.com/k-ksu/avito-shop/internal/controller/http/handler/api_info_get.go:62.16,64.3 1 0
github.com/k-ksu/avito-shop/internal/controller/http/handler/api_send_coin_post.go:15.80,17.16 2 0
github.com/k-ksu/avito-shop/internal/controller/http/handler/api_send_coin_post.go:17.16,19.3 1 0
github.com/k-ksu/avito-shop/internal/controller/http/handler/api_send_coin_post.go:21.2,22.68 2 0
github.com/k-ksu/avito-shop/internal/controller/http/handler/api_send_coin_post.go:22.68,26.3 2 0
github.com/k-ksu/avito-shop/internal/controller/http/handler/api_send_coin_post.go:28.2,28.29 1 0
github.com/k-ksu/avito-shop/internal/controller/http/handler/api_send_coin_post.go:28.29,32.3 2 0
github.com/k-ksu/avito-shop/internal/controller/http/handler/api_send_coin_post.go:34.2,34.37 1 0
github.com/k-ksu/avito-shop/internal/controller/http/handler/api_send_coin_post.go:34.37,38.3 2 0
github.com/k-ksu/avito-shop/internal/controller/http/handler/api_send_coin_post.go:40.2,45.16 1 0
github.com/k-ksu/avito-shop/internal/controller/http/handler/api_send_coin_post.go:45.16,46.86 1 0
github.com/k-ksu/avito-shop/internal/controller/http/handler/api_send_coin_post.go:46.86,50.4 2 0
github.com/k-ksu/avito-shop/internal/controller/http/handler/api_send_coin_post.go:52.3,54.9 2 0
github.com/k-ksu/avito-shop/internal/controller/http/handler/api_send_coin_post.go:57.2,58.30 2 0
github.com/k-ksu/avito-shop/internal/controller/http/handler/service.go:58.76,63.2 1 0
github.com/k-ksu/avito-shop/internal/controller/http/handler/service.go:66.73,67.38 1 0
github.com/k-ksu/avito-shop/internal/controller/http/handler/service.go:67.38,77.3 4 0
github.com/k-ksu/avito-shop/internal/controller/http/handler/service.go:79.2,80.16 2 0
github.com/k-ksu/avito-shop/internal/controller/http/handler/service.go:80.16,82.3 1 0
github.com/k-ksu/avito-shop/internal/controller/http/handler/service.go:84.2,87.4 2 0
github.com/k-ksu/avito-shop/internal/controller/http/handler/service.go:91.43,121.2 1 0
github.com/k-ksu/avito-shop/internal/controller/http/handler/service.go:123.44,125.16 2 0
github.com/k-ksu/avito-shop/internal/controller/http/handler/service.go:125.16,127.3 1 0
github.com/k-ksu/avito-shop/internal/controller/http/handler/service.go:129.2,131.16 3 0
github.com/k-ksu/avito-shop/internal/controller/http/handler/service.go:131.16,133.3 1 0
github.com/k-ksu/avito-shop/internal/controller/http/handler/service.go:135.2,137.16 3 0
github.com/k-ksu/avito-shop/internal/controller/http/handler/service.go:137.16,139.3 1 0
github.com/k-ksu/avito-shop/internal/controller/http/handler/service.go:141.2,143.27 2 0
github.com/k-ksu/avito-shop/internal/controller/http/handler/service.go:146.45,147.54 1 0
github.com/k-ksu/avito-shop/internal/controller/http/handler/service.go:147.54,149.17 2 0
github.com/k-ksu/avito-shop/internal/controller/http/handler/service.go:149.17,151.4 1 0
github.com/k-ksu/avito-shop/internal/controller/http/handler/service.go:155.92,157.16 2 0
github.com/k-ksu/avito-shop/internal/controller/http/handler/service.go:157.16,161.3 2 0
github.com/k-ksu/avito-shop/internal/controller/http/handler/service.go:163.2,163.17 1 0
github.com/k-ksu/avito-shop/internal/controller/http/handler/service.go:163.17,167.3 2 0
github.com/k-ksu/avito-shop/internal/controller/http/handler/service.go:169.2,170.16 2 0
github.com/k-ksu/avito-shop/internal/controller/http/handler/service.go:170.16,174.3 2 0
github.com/k-ksu/avito-shop/internal/controller/http/handler/service.go:176.2,176.18 1 0
github.com/k-ksu/avito-shop/internal/controller/http/helper/helper.go:14.65,16.16 2 0
github.com/k-ksu/avito-shop/internal/controller/http/helper/helper.go:16.16,20.3 2 0
github.com/k-ksu/avito-shop/internal/controller/http/helper/helper.go:22.2,24.16 3 0
github.com/k-ksu/avito-shop/internal/controller/http/helper/helper.go:24.16,26.3 1 0
github.com/k-ksu/avito-shop/internal/controller/http/helper/helper.go:30.54,32.16 2 0
github.com/k-ksu/avito-shop/internal/controller/http/helper/helper.go:32.16,34.3 1 0
github.com/k-ksu/avito-shop/internal/controller/http/helper/helper.go:36.2,36.39 1 0
github.com/k-ksu/avito-shop/internal/controller/http/helper/helper.go:36.39,38.3 1 0
github.com/k-ksu/avito-shop/internal/controller/http/helper/helper.go:40.2,40.45 1 0
github.com/k-ksu/avito-shop/internal/controller/http/middleware/auth.go:22.60,23.56 1 1
github.com/k-ksu/avito-shop/internal/controller/http/middleware/auth.go:23.56,24.36 1 0
github.com/k-ksu/avito-shop/internal/controller/http/middleware/auth.go:24.36,28.4 2 0
github.com/k-ksu/avito-shop/internal/controller/http/middleware/auth.go:30.3,31.17 2 0
github.com/k-ksu/avito-shop/internal/controller/http/middleware/auth.go:31.17,35.4 2 0
github.com/k-ksu/avito-shop/internal/controller/http/middleware/auth.go:37.3,37.18 1 0
github.com/k-ksu/avito-shop/internal/controller/http/middleware/auth.go:37.18,41.4 2 0
github.com/k-ksu/avito-shop/internal/controller/http/middleware/auth.go:43.3,44.17 2 0
github.com/k-ksu/avito-shop/internal/controller/http/middleware/auth.go:44.17,48.4 2 0
github.com/k-ksu/avito-shop/internal/controller/http/middleware/auth.go:50.3,50.39 1 0
github.com/k-ksu/avito-shop/internal/controller/http/middleware/auth.go:50.39,54.4 2 0
github.com/k-ksu/avito-shop/internal/controller/http/middleware/auth.go:56.3,56.25 1 0
github.com/k-ksu/avito-shop/internal/controller/http/middleware/auth.go:60.43,62.2 1 0
github.com/k-ksu/avito-shop/internal/controller/http/middleware/logger.go:10.59,11.71 1 0
github.com/k-ksu/avito-shop/internal/controller/http/middleware/logger.go:11.71,23.3 3 0
github.com/k-ksu/avito-shop/internal/repository/merch.go:31.43,33.2 1 1
github.com/k-ksu/avito-shop/internal/repository/merch.go:36.83,42.16 3 0
github.com/k-ksu/avito-shop/internal/repository/merch.go:42.16,44.3 1 0
github.com/k-ksu/avito-shop/internal/repository/merch.go:46.2,47.96 2 0
github.com/k-ksu/avito-shop/internal/repository/merch.go:47.96,48.36 1 0
github.com/k-ksu/avito-shop/internal/repository/merch.go:48.36,50.4 1 0
github.com/k-ksu/avito-shop/internal/repository/merch.go:52.3,52.56 1 0
github.com/k-ksu/avito-shop/internal/repository/merch.go:55.2,55.19 1 0
github.com/k-ksu/avito-shop/internal/repository/merch.go:59.73,62.16 3 1
github.com/k-ksu/avito-shop/internal/repository/merch.go:62.16,64.3 1 0
github.com/k-ksu/avito-shop/internal/repository/merch.go:66.2,67.16 2 1
github.com/k-ksu/avito-shop/internal/repository/merch.go:67.16,69.3 1 0
github.com/k-ksu/avito-shop/internal/repository/merch.go:71.2,74.18 3 1
github.com/k-ksu/avito-shop/internal/repository/merch.go:74.18,76.72 2 1
github.com/k-ksu/avito-shop/internal/repository/merch.go:76.72,78.4 1 0
github.com/k-ksu/avito-shop/internal/repository/merch.go:80.3,80.33 1 1
github.com/k-ksu/avito-shop/internal/repository/merch.go:83.2,83.34 1 1
github.com/k-ksu/avito-shop/internal/repository/merch.go:83.34,85.3 1 0
github.com/k-ksu/avito-shop/internal/repository/merch.go:87.2,87.20 1 1
github.com/k-ksu/avito-shop/internal/repository/shop_history.go:28.55,30.2 1 1
github.com/k-ksu/avito-shop/internal/repository/shop_history.go:33.103,36.15 2 0
github.com/k-ksu/avito-shop/internal/repository/shop_history.go:36.15,38.17 2 0
github.com/k-ksu/avito-shop/internal/repository/shop_history.go:38.17,40.4 1 0
github.com/k-ksu/avito-shop/internal/repository/shop_history.go:42.3,42.16 1 0
github.com/k-ksu/avito-shop/internal/repository/shop_history.go:42.16,43.18 1 0
github.com/k-ksu/avito-shop/internal/repository/shop_history.go:43.18,47.5 2 0
github.com/k-ksu/avito-shop/internal/repository/shop_history.go:49.4,49.18 1 0
github.com/k-ksu/avito-shop/internal/repository/shop_history.go:53.2,58.16 3 0
github.com/k-ksu/avito-shop/internal/repository/shop_history.go:58.16,60.3 1 0
github.com/k-ksu/avito-shop/internal/repository/shop_history.go:62.2,62.53 1 0
github.com/k-ksu/avito-shop/internal/repository/shop_history.go:62.53,64.3 1 0
github.com/k-ksu/avito-shop/internal/repository/shop_history.go:66.2,66.12 1 0
github.com/k-ksu/avito-shop/internal/repository/shop_history.go:70.109,73.15 2 0
github.com/k-ksu/avito-shop/internal/repository/shop_history.go:73.15,75.17 2 0
github.com/k-ksu/avito-shop/internal/repository/shop_history.go:75.17,77.4 1 0
github.com/k-ksu/avito-shop/internal/repository/shop_history.go:79.3,79.16 1 0
github.com/k-ksu/avito-shop/internal/repository/shop_history.go:79.16,80.18 1 0
github.com/k-ksu/avito-shop/internal/repository/shop_history.go:80.18,84.5 2 0
github.com/k-ksu/avito-shop/internal/repository/shop_history.go:86.4,86.18 1 0
github.com/k-ksu/avito-shop/internal/repository/shop_history.go:90.2,97.16 3 0
github.com/k-ksu/avito-shop/internal/repository/shop_history.go:97.16,99.3 1 0
github.com/k-ksu/avito-shop/internal/repository/shop_history.go:101.2,102.16 2 0
github.com/k-ksu/avito-shop/internal/repository/shop_history.go:102.16,104.3 1 0
github.com/k-ksu/avito-shop/internal/repository/shop_history.go:106.2,109.18 3 0
github.com/k-ksu/avito-shop/internal/repository/shop_history.go:109.18,113.17 3 0
github.com/k-ksu/avito-shop/internal/repository/shop_history.go:113.17,115.4 1 0
github.com/k-ksu/avito-shop/internal/repository/shop_history.go:117.3,117.30 1 0
github.com/k-ksu/avito-shop/internal/repository/shop_history.go:120.2,120.19 1 0
github.com/k-ksu/avito-shop/internal/repository/transaction_history.go:28.69,30.2 1 1
github.com/k-ksu/avito-shop/internal/repository/transaction_history.go:33.110,36.15 2 0
github.com/k-ksu/avito-shop/internal/repository/transaction_history.go:36.15,38.17 2 0
github.com/k-ksu/avito-shop/internal/repository/transaction_history.go:38.17,40.4 1 0
github.com/k-ksu/avito-shop/internal/repository/transaction_history.go:42.3,42.16 1 0
github.com/k-ksu/avito-shop/internal/repository/transaction_history.go:42.16,43.18 1 0
github.com/k-ksu/avito-shop/internal/repository/transaction_history.go:43.18,47.5 2 0
github.com/k-ksu/avito-shop/internal/repository/transaction_history.go:49.4,49.18 1 0
github.com/k-ksu/avito-shop/internal/repository/transaction_history.go:53.2,58.16 3 0
github.com/k-ksu/avito-shop/internal/repository/transaction_history.go:58.16,60.3 1 0
github.com/k-ksu/avito-shop/internal/repository/transaction_history.go:62.2,62.53 1 0
github.com/k-ksu/avito-shop/internal/repository/transaction_history.go:62.53,64.3 1 0
github.com/k-ksu/avito-shop/internal/repository/transaction_history.go:66.2,66.12 1 0
github.com/k-ksu/avito-shop/internal/repository/transaction_history.go:72.118,75.15 2 0
github.com/k-ksu/avito-shop/internal/repository/transaction_history.go:75.15,77.17 2 0
github.com/k-ksu/avito-shop/internal/repository/transaction_history.go:77.17,79.4 1 0
github.com/k-ksu/avito-shop/internal/repository/transaction_history.go:81.3,81.16 1 0
github.com/k-ksu/avito-shop/internal/repository/transaction_history.go:81.16,82.18 1 0
github.com/k-ksu/avito-shop/internal/repository/transaction_history.go:82.18,86.5 2 0
github.com/k-ksu/avito-shop/internal/repository/transaction_history.go:88.4,88.18 1 0
github.com/k-ksu/avito-shop/internal/repository/transaction_history.go:92.2,100.16 3 0
github.com/k-ksu/avito-shop/internal/repository/transaction_history.go:100.16,102.3 1 0
github.com/k-ksu/avito-shop/internal/repository/transaction_history.go:104.2,105.16 2 0
github.com/k-ksu/avito-shop/internal/repository/transaction_history.go:105.16,107.3 1 0
github.com/k-ksu/avito-shop/internal/repository/transaction_history.go:109.2,112.18 3 0
github.com/k-ksu/avito-shop/internal/repository/transaction_history.go:112.18,116.17 3 0
github.com/k-ksu/avito-shop/internal/repository/transaction_history.go:116.17,118.4 1 0
github.com/k-ksu/avito-shop/internal/repository/transaction_history.go:120.3,120.30 1 0
github.com/k-ksu/avito-shop/internal/repository/transaction_history.go:123.2,123.19 1 0
github.com/k-ksu/avito-shop/internal/repository/transaction_history.go:129.118,132.15 2 0
github.com/k-ksu/avito-shop/internal/repository/transaction_history.go:132.15,134.17 2 0
github.com/k-ksu/avito-shop/internal/repository/transaction_history.go:134.17,136.4 1 0
github.com/k-ksu/avito-shop/internal/repository/transaction_history.go:138.3,138.16 1 0
github.com/k-ksu/avito-shop/internal/repository/transaction_history.go:138.16,139.18 1 0
github.com/k-ksu/avito-shop/internal/repository/transaction_history.go:139.18,143.5 2 0
github.com/k-ksu/avito-shop/internal/repository/transaction_history.go:145.4,145.18 1 0
github.com/k-ksu/avito-shop/internal/repository/transaction_history.go:149.2,157.16 3 0
github.com/k-ksu/avito-shop/internal/repository/transaction_history.go:157.16,159.3 1 0
github.com/k-ksu/avito-shop/internal/repository/transaction_history.go:161.2,162.16 2 0
github.com/k-ksu/avito-shop/internal/repository/transaction_history.go:162.16,164.3 1 0
github.com/k-ksu/avito-shop/internal/repository/transaction_history.go:166.2,169.18 3 0
github.com/k-ksu/avito-shop/internal/repository/transaction_history.go:169.18,173.17 3 0
github.com/k-ksu/avito-shop/internal/repository/transaction_history.go:173.17,175.4 1 0
github.com/k-ksu/avito-shop/internal/repository/transaction_history.go:177.3,177.30 1 0
github.com/k-ksu/avito-shop/internal/repository/transaction_history.go:180.2,180.19 1 0
github.com/k-ksu/avito-shop/internal/repository/users.go:35.43,37.2 1 1
github.com/k-ksu/avito-shop/internal/repository/users.go:40.82,46.16 3 0
github.com/k-ksu/avito-shop/internal/repository/users.go:46.16,48.3 1 0
github.com/k-ksu/avito-shop/internal/repository/users.go:50.2,51.119 2 0
github.com/k-ksu/avito-shop/internal/repository/users.go:51.119,52.36 1 0
github.com/k-ksu/avito-shop/internal/repository/users.go:52.36,54.4 1 0
github.com/k-ksu/avito-shop/internal/repository/users.go:56.3,56.55 1 0
github.com/k-ksu/avito-shop/internal/repository/users.go:59.2,59.18 1 0
github.com/k-ksu/avito-shop/internal/repository/users.go:63.104,66.15 2 1
github.com/k-ksu/avito-shop/internal/repository/users.go:66.15,68.17 2 1
github.com/k-ksu/avito-shop/internal/repository/users.go:68.17,70.4 1 0
github.com/k-ksu/avito-shop/internal/repository/users.go:72.3,72.16 1 1
github.com/k-ksu/avito-shop/internal/repository/users.go:72.16,73.18 1 1
github.com/k-ksu/avito-shop/internal/repository/users.go:73.18,77.5 2 0
github.com/k-ksu/avito-shop/internal/repository/users.go:79.4,79.18 1 1
github.com/k-ksu/avito-shop/internal/repository/users.go:83.2,88.16 3 1
github.com/k-ksu/avito-shop/internal/repository/users.go:88.16,90.3 1 0
github.com/k-ksu/avito-shop/internal/repository/users.go:92.2,95.16 3 1
github.com/k-ksu/avito-shop/internal/repository/users.go:95.16,96.36 1 0
github.com/k-ksu/avito-shop/internal/repository/users.go:96.36,98.4 1 0
github.com/k-ksu/avito-shop/internal/repository/users.go:100.3,100.46 1 0
github.com/k-ksu/avito-shop/internal/repository/users.go:103.2,104.18 2 1
github.com/k-ksu/avito-shop/internal/repository/users.go:104.18,106.95 2 1
github.com/k-ksu/avito-shop/internal/repository/users.go:106.95,108.4 1 0
github.com/k-ksu/avito-shop/internal/repository/users.go:110.3,110.30 1 1
github.com/k-ksu/avito-shop/internal/repository/users.go:113.2,113.19 1 1
github.com/k-ksu/avito-shop/internal/repository/users.go:117.88,124.16 3 0
github.com/k-ksu/avito-shop/internal/repository/users.go:124.16,126.3 1 0
github.com/k-ksu/avito-shop/internal/repository/users.go:128.2,129.63 2 0
github.com/k-ksu/avito-shop/internal/repository/users.go:129.63,131.3 1 0
github.com/k-ksu/avito-shop/internal/repository/users.go:133.2,137.8 1 0
github.com/k-ksu/avito-shop/internal/repository/users.go:141.89,142.21 1 0
github.com/k-ksu/avito-shop/internal/repository/users.go:142.21,144.3 1 0
github.com/k-ksu/avito-shop/internal/repository/users.go:146.2,148.15 2 0
github.com/k-ksu/avito-shop/internal/repository/users.go:148.15,150.17 2 0
github.com/k-ksu/avito-shop/internal/repository/users.go:150.17,152.4 1 0
github.com/k-ksu/avito-shop/internal/repository/users.go:154.3,154.16 1 0
github.com/k-ksu/avito-shop/internal/repository/users.go:154.16,155.18 1 0
github.com/k-ksu/avito-shop/internal/repository/users.go:155.18,159.5 2 0
github.com/k-ksu/avito-shop/internal/repository/users.go:161.4,161.18 1 0
github.com/k-ksu/avito-shop/internal/repository/users.go:165.2,166.29 2 0
github.com/k-ksu/avito-shop/internal/repository/users.go:166.29,168.3 1 0
github.com/k-ksu/avito-shop/internal/repository/users.go:170.2,173.16 3 0
github.com/k-ksu/avito-shop/internal/repository/users.go:173.16,175.3 1 0
github.com/k-ksu/avito-shop/internal/repository/users.go:177.2,178.16 2 0
github.com/k-ksu/avito-shop/internal/repository/users.go:178.16,180.3 1 0
github.com/k-ksu/avito-shop/internal/repository/users.go:182.2,182.12 1 0
github.com/k-ksu/avito-shop/internal/repository/users.go:186.91,187.21 1 1
github.com/k-ksu/avito-shop/internal/repository/users.go:187.21,189.3 1 0
github.com/k-ksu/avito-shop/internal/repository/users.go:191.2,193.15 2 1
github.com/k-ksu/avito-shop/internal/repository/users.go:193.15,195.17 2 1
github.com/k-ksu/avito-shop/internal/repository/users.go:195.17,197.4 1 0
github.com/k-ksu/avito-shop/internal/repository/users.go:199.3,199.16 1 1
github.com/k-ksu/avito-shop/internal/repository/users.go:199.16,200.18 1 1
github.com/k-ksu/avito-shop/internal/repository/users.go:200.18,204.5 2 0
github.com/k-ksu/avito-shop/internal/repository/users.go:206.4,206.18 1 1
github.com/k-ksu/avito-shop/internal/repository/users.go:210.2,211.29 2 1
github.com/k-ksu/avito-shop/internal/repository/users.go:211.29,213.3 1 1
github.com/k-ksu/avito-shop/internal/repository/users.go:215.2,217.16 3 1
github.com/k-ksu/avito-shop/internal/repository/users.go:217.16,219.3 1 0
github.com/k-ksu/avito-shop/internal/repository/users.go:221.2,222.16 2 1
github.com/k-ksu/avito-shop/internal/repository/users.go:222.16,224.3 1 0
github.com/k-ksu/avito-shop/internal/repository/users.go:226.2,226.12 1 1
github.com/k-ksu/avito-shop/internal/repository/cache/merch.go:7.23,9.2 1 1
github.com/k-ksu/avito-shop/internal/repository/cache/merch.go:11.42,13.2 1 1
github.com/k-ksu/avito-shop/internal/repository/cache/merch.go:15.57,18.2 2 0
github.com/k-ksu/avito-shop/internal/repository/wrapper/transaction.go:23.55,25.2 1 1
github.com/k-ksu/avito-shop/internal/repository/wrapper/transaction.go:28.86,29.51 1 0
github.com/k-ksu/avito-shop/internal/repository/wrapper/transaction.go:29.51,30.30 1 0
github.com/k-ksu/avito-shop/internal/repository/wrapper/transaction.go:30.30,31.32 1 0
github.com/k-ksu/avito-shop/internal/repository/wrapper/transaction.go:31.32,33.5 1 0
github.com/k-ksu/avito-shop/internal/repository/wrapper/transaction.go:36.3,36.13 1 0
github.com/k-ksu/avito-shop/internal/service/auth.go:19.62,24.2 1 1
github.com/k-ksu/avito-shop/internal/service/auth.go:27.72,28.106 1 0
github.com/k-ksu/avito-shop/internal/service/auth.go:28.106,30.3 1 0
github.com/k-ksu/avito-shop/internal/service/auth.go:31.2,31.16 1 0
github.com/k-ksu/avito-shop/internal/service/auth.go:31.16,33.3 1 0
github.com/k-ksu/avito-shop/internal/service/auth.go:35.2,36.9 2 0
github.com/k-ksu/avito-shop/internal/service/auth.go:36.9,38.3 1 0
github.com/k-ksu/avito-shop/internal/service/auth.go:40.2,40.21 1 0
github.com/k-ksu/avito-shop/internal/service/auth.go:44.66,58.16 5 0
github.com/k-ksu/avito-shop/internal/service/auth.go:58.16,60.3 1 0
github.com/k-ksu/avito-shop/internal/service/auth.go:62.2,62.25 1 0
github.com/k-ksu/avito-shop/internal/service/shop.go:63.9,72.2 1 1
github.com/k-ksu/avito-shop/internal/service/shop.go:75.96,76.55 1 0
github.com/k-ksu/avito-shop/internal/service/shop.go:76.55,77.88 1 0
github.com/k-ksu/avito-shop/internal/service/shop.go:77.88,79.4 1 0
github.com/k-ksu/avito-shop/internal/service/shop.go:81.3,82.17 2 0
github.com/k-ksu/avito-shop/internal/service/shop.go:82.17,84.4 1 0
github.com/k-ksu/avito-shop/internal/service/shop.go:87.3,87.22 1 0
github.com/k-ksu/avito-shop/internal/service/shop.go:87.22,89.4 1 0
github.com/k-ksu/avito-shop/internal/service/shop.go:91.3,91.37 1 0
github.com/k-ksu/avito-shop/internal/service/shop.go:91.37,93.4 1 0
github.com/k-ksu/avito-shop/internal/service/shop.go:95.3,98.30 3 0
github.com/k-ksu/avito-shop/internal/service/shop.go:98.30,100.4 1 0
github.com/k-ksu/avito-shop/internal/service/shop.go:102.3,104.89 3 0
github.com/k-ksu/avito-shop/internal/service/shop.go:104.89,106.4 1 0
github.com/k-ksu/avito-shop/internal/service/shop.go:108.3,112.18 1 0
github.com/k-ksu/avito-shop/internal/service/shop.go:112.18,114.4 1 0
github.com/k-ksu/avito-shop/internal/service/shop.go:116.3,116.13 1 0
github.com/k-ksu/avito-shop/internal/service/shop.go:121.81,123.16 2 0
github.com/k-ksu/avito-shop/internal/service/shop.go:123.16,125.3 1 0
github.com/k-ksu/avito-shop/internal/service/shop.go:127.2,127.55 1 0
github.com/k-ksu/avito-shop/internal/service/shop.go:127.55,128.75 1 0
github.com/k-ksu/avito-shop/internal/service/shop.go:128.75,130.4 1 0
github.com/k-ksu/avito-shop/internal/service/shop.go:132.3,133.17 2 0
github.com/k-ksu/avito-shop/internal/service/shop.go:133.17,135.4 1 0
github.com/k-ksu/avito-shop/internal/service/shop.go:139.3,140.31 2 0
github.com/k-ksu/avito-shop/internal/service/shop.go:140.31,142.4 1 0
github.com/k-ksu/avito-shop/internal/service/shop.go:144.3,145.77 2 0
github.com/k-ksu/avito-shop/internal/service/shop.go:145.77,147.4 1 0
github.com/k-ksu/avito-shop/internal/service/shop.go:149.3,152.18 1 0
github.com/k-ksu/avito-shop/internal/service/shop.go:152.18,154.4 1 0
github.com/k-ksu/avito-shop/internal/service/shop.go:156.3,156.13 1 0
github.com/k-ksu/avito-shop/internal/service/shop.go:161.80,163.8 2 0
github.com/k-ksu/avito-shop/internal/service/shop.go:163.8,165.3 1 0
github.com/k-ksu/avito-shop/internal/service/shop.go:167.2,168.16 2 0
github.com/k-ksu/avito-shop/internal/service/shop.go:168.16,169.37 1 0
github.com/k-ksu/avito-shop/internal/service/shop.go:169.37,171.4 1 0
github.com/k-ksu/avito-shop/internal/service/shop.go:173.3,173.68 1 0
github.com/k-ksu/avito-shop/internal/service/shop.go:176.2,176.19 1 0
github.com/k-ksu/avito-shop/internal/service/shop.go:180.55,182.16 2 1
github.com/k-ksu/avito-shop/internal/service/shop.go:182.16,184.3 1 0
github.com/k-ksu/avito-shop/internal/service/shop.go:186.2,186.31 1 1
github.com/k-ksu/avito-shop/internal/service/shop.go:186.31,188.3 1 1
github.com/k-ksu/avito-shop/internal/service/shop.go:190.2,190.12 1 1
github.com/k-ksu/avito-shop/internal/service/users.go:51.10,59.2 1 1
github.com/k-ksu/avito-shop/internal/service/users.go:62.65,64.16 2 0
github.com/k-ksu/avito-shop/internal/service/users.go:64.16,66.3 1 0
github.com/k-ksu/avito-shop/internal/service/users.go:68.2,71.8 1 0
github.com/k-ksu/avito-shop/internal/service/users.go:75.88,78.55 2 0
github.com/k-ksu/avito-shop/internal/service/users.go:78.55,79.71 1 0
github.com/k-ksu/avito-shop/internal/service/users.go:79.71,81.4 1 0
github.com/k-ksu/avito-shop/internal/service/users.go:83.3,84.17 2 0
github.com/k-ksu/avito-shop/internal/service/users.go:84.17,86.4 1 0
github.com/k-ksu/avito-shop/internal/service/users.go:88.3,92.17 4 0
github.com/k-ksu/avito-shop/internal/service/users.go:92.17,94.4 1 0
github.com/k-ksu/avito-shop/internal/service/users.go:96.3,97.17 2 0
github.com/k-ksu/avito-shop/internal/service/users.go:97.17,99.4 1 0
github.com/k-ksu/avito-shop/internal/service/users.go:101.3,105.17 4 0
github.com/k-ksu/avito-shop/internal/service/users.go:105.17,107.4 1 0
github.com/k-ksu/avito-shop/internal/service/users.go:109.3,111.13 2 0
github.com/k-ksu/avito-shop/internal/service/users.go:113.2,113.16 1 0
github.com/k-ksu/avito-shop/internal/service/users.go:113.16,115.3 1 0
github.com/k-ksu/avito-shop/internal/service/users.go:117.2,117.22 1 0
github.com/k-ksu/avito-shop/internal/service/users.go:121.82,123.16 2 0
github.com/k-ksu/avito-shop/internal/service/users.go:123.16,124.37 1 0
github.com/k-ksu/avito-shop/internal/service/users.go:124.37,126.4 1 0
github.com/k-ksu/avito-shop/internal/service/users.go:128.3,128.52 1 0
github.com/k-ksu/avito-shop/internal/service/users.go:131.2,131.100 1 0
github.com/k-ksu/avito-shop/internal/service/users.go:131.100,132.58 1 0
github.com/k-ksu/avito-shop/internal/service/users.go:132.58,134.4 1 0
github.com/k-ksu/avito-shop/internal/service/users.go:136.3,136.68 1 0
github.com/k-ksu/avito-shop/internal/service/users.go:139.2,140.16 2 0
github.com/k-ksu/avito-shop/internal/service/users.go:140.16,142.3 1 0
github.com/k-ksu/avito-shop/internal/service/users.go:144.2,144.19 1 0
github.com/k-ksu/avito-shop/internal/service/users.go:147.86,149.16 2 0
github.com/k-ksu/avito-shop/internal/service/users.go:149.16,151.3 1 0
github.com/k-ksu/avito-shop/internal/service/users.go:153.2,154.16 2 0
github.com/k-ksu/avito-shop/internal/service/users.go:154.16,156.3 1 0
github.com/k-ksu/avito-shop/internal/service/users.go:158.2,159.16 2 0
github.com/k-ksu/avito-shop/internal/service/users.go:159.16,161.3 1 0
github.com/k-ksu/avito-shop/internal/service/users.go:163.2,163.19 1 0
github.com/k-ksu/avito-shop/pkg/postgres/client.go:16.66,18.16 2 1
github.com/k-ksu/avito-shop/pkg/postgres/client.go:18.16,20.3 1 0
github.com/k-ksu/avito-shop/pkg/postgres/client.go:22.2,22.38 1 1
github.com/k-ksu/avito-shop/pkg/postgres/client.go:22.38,24.3 1 0
github.com/k-ksu/avito-shop/pkg/postgres/client.go:26.2,26.27 1 1
github.com/k-ksu/avito-shop/tests/e2e/helper/auth.go:10.56,17.16 3 1
github.com/k-ksu/avito-shop/tests/e2e/helper/auth.go:17.16,19.3 1 0
github.com/k-ksu/avito-shop/tests/e2e/helper/auth.go:21.2,22.16 2 1
github.com/k-ksu/avito-shop/tests/e2e/helper/auth.go:22.16,24.3 1 0
github.com/k-ksu/avito-shop/tests/e2e/helper/auth.go:26.2,27.67 2 1
github.com/k-ksu/avito-shop/tests/e2e/helper/auth.go:27.67,29.3 1 0
github.com/k-ksu/avito-shop/tests/e2e/helper/auth.go:31.2,31.27 1 1
github.com/k-ksu/avito-shop/tests/e2e/helper/buy.go:10.54,24.2 9 1
github.com/k-ksu/avito-shop/tests/e2e/helper/helper.go:11.91,20.23 6 1
github.com/k-ksu/avito-shop/tests/e2e/helper/helper.go:20.23,22.3 1 1
github.com/k-ksu/avito-shop/tests/e2e/helper/helper.go:24.2,25.25 2 1
github.com/k-ksu/avito-shop/tests/e2e/helper/send_coin.go:13.53,31.2 13 1
github.com/k-ksu/avito-shop/tests/e2e/helper/user_info.go:12.64,29.46 12 1
github.com/k-ksu/avito-shop/tests/e2e/helper/user_info.go:29.46,34.3 1 1
github.com/k-ksu/avito-shop/tests/e2e/helper/user_info.go:36.2,37.45 2 1
github.com/k-ksu/avito-shop/tests/e2e/helper/user_info.go:37.45,42.3 1 1
github.com/k-ksu/avito-shop/tests/e2e/helper/user_info.go:44.2,45.49 2 1
github.com/k-ksu/avito-shop/tests/e2e/helper/user_info.go:45.49,50.3 1 1
github.com/k-ksu/avito-shop/tests/e2e/helper/user_info.go:52.2,52.17 1 1
github.com/k-ksu/avito-shop/cmd/avito-shop/main.go:11.13,16.16 4 0
github.com/k-ksu/avito-shop/cmd/avito-shop/main.go:16.16,20.3 2 0
github.com/k-ksu/avito-shop/cmd/avito-shop/main.go:22.2,22.41 1 0
github.com/k-ksu/avito-shop/cmd/avito-shop/main.go:22.41,24.3 1 0
github.com/k-ksu/avito-shop/config/config.go:48.29,52.16 3 0
github.com/k-ksu/avito-shop/config/config.go:52.16,54.3 1 0
github.com/k-ksu/avito-shop/config/config.go:56.2,56.43 1 0
github.com/k-ksu/avito-shop/config/config.go:56.43,58.3 1 0
github.com/k-ksu/avito-shop/config/config.go:60.2,60.43 1 0
github.com/k-ksu/avito-shop/config/config.go:60.43,62.3 1 0
github.com/k-ksu/avito-shop/config/config.go:64.2,64.17 1 0
github.com/k-ksu/avito-shop/config/config.go:67.49,69.16 2 0
github.com/k-ksu/avito-shop/config/config.go:69.16,71.3 1 0
github.com/k-ksu/avito-shop/config/config.go:73.2,76.16 3 0
github.com/k-ksu/avito-shop/config/config.go:76.16,78.3 1 0
github.com/k-ksu/avito-shop/config/config.go:80.2,80.46 1 0
github.com/k-ksu/avito-shop/config/config.go:80.46,82.3 1 0
github.com/k-ksu/avito-shop/config/config.go:84.2,84.12 1 0
github.com/k-ksu/avito-shop/config/config.go:87.49,88.58 1 0
github.com/k-ksu/avito-shop/config/config.go:88.58,90.3 1 0
github.com/k-ksu/avito-shop/config/config.go:92.2,92.39 1 0
github.com/k-ksu/avito-shop/config/config.go:92.39,94.3 1 0
github.com/k-ksu/avito-shop/config/config.go:96.2,96.12 1 0
github.com/k-ksu/avito-shop/config/config.go:99.40,101.16 2 0
github.com/k-ksu/avito-shop/config/config.go:101.16,103.3 1 0
github.com/k-ksu/avito-shop/config/config.go:105.2,106.29 2 0
github.com/k-ksu/avito-shop/config/config.go:106.29,107.27 1 0
github.com/k-ksu/avito-shop/config/config.go:107.27,109.9 2 0
github.com/k-ksu/avito-shop/config/config.go:113.2,113.33 1 0
github.com/k-ksu/avito-shop/internal/app/app.go:17.57,26.12 6 0
github.com/k-ksu/avito-shop/internal/app/app.go:26.12,27.107 1 0
github.com/k-ksu/avito-shop/internal/app/app.go:27.107,29.4 1 0
github.com/k-ksu/avito-shop/internal/app/app.go:32.2,37.62 4 0
github.com/k-ksu/avito-shop/internal/app/app.go:37.62,39.3 1 0
github.com/k-ksu/avito-shop/internal/app/app.go:41.2,43.12 2 0
[...]
github.com/k-ksu/avito-shop/internal/repository/merch.go:80.3,80.33 1 1
github.com/k-ksu/avito-shop/internal/repository/merch.go:83.2,83.34 1 1
github.com/k-ksu/avito-shop/internal/repository/merch.go:83.34,85.3 1 0
github.com/k-ksu/avito-shop/internal/repository/merch.go:87.2,87.20 1 1
github.com/k-ksu/avito-shop/internal/repository/shop_history.go:28.55,30.2 1 1
github.com/k-ksu/avito-shop/internal/repository/shop_history.go:33.103,36.15 2 1
github.com/k-ksu/avito-shop/internal/repository/shop_history.go:36.15,38.17 2 1
github.com/k-ksu/avito-shop/internal/repository/shop_history.go:38.17,40.4 1 0
github.com/k-ksu/avito-shop/internal/repository/shop_history.go:42.3,42.16 1 1
github.com/k-ksu/avito-shop/internal/repository/shop_history.go:42.16,43.18 1 1
github.com/k-ksu/avito-shop/internal/repository/shop_history.go:43.18,47.5 2 0
github.com/k-ksu/avito-shop/internal/repository/shop_history.go:49.4,49.18 1 1
github.com/k-ksu/avito-shop/internal/repository/shop_history.go:53.2,58.16 3 1
github.com/k-ksu/avito-shop/internal/repository/shop_history.go:58.16,60.3 1 0
github.com/k-ksu/avito-shop/internal/repository/shop_history.go:62.2,62.53 1 1
github.com/k-ksu/avito-shop/internal/repository/shop_history.go:62.53,64.3 1 0
github.com/k-ksu/avito-shop/internal/repository/shop_history.go:66.2,66.12 1 1
github.com/k-ksu/avito-shop/internal/repository/shop_history.go:70.109,73.15 2 1
github.com/k-ksu/avito-shop/internal/repository/shop_history.go:73.15,75.17 2 1
github.com/k-ksu/avito-shop/internal/repository/shop_history.go:75.17,77.4 1 0
github.com/k-ksu/avito-shop/internal/repository/shop_history.go:79.3,79.16 1 1
github.com/k-ksu/avito-shop/internal/repository/shop_history.go:79.16,80.18 1 1
github.com/k-ksu/avito-shop/internal/repository/shop_history.go:80.18,84.5 2 0
github.com/k-ksu/avito-shop/internal/repository/shop_history.go:86.4,86.18 1 1
github.com/k-ksu/avito-shop/internal/repository/shop_history.go:90.2,97.16 3 1
github.com/k-ksu/avito-shop/internal/repository/shop_history.go:97.16,99.3 1 0
github.com/k-ksu/avito-shop/internal/repository/shop_history.go:101.2,102.16 2 1
github.com/k-ksu/avito-shop/internal/repository/shop_history.go:102.16,104.3 1 0
github.com/k-ksu/avito-shop/internal/repository/shop_history.go:106.2,109.18 3 1
github.com/k-ksu/avito-shop/internal/repository/shop_history.go:109.18,113.17 3 1
github.com/k-ksu/avito-shop/internal/repository/shop_history.go:113.17,115.4 1 0
github.com/k-ksu/avito-shop/internal/repository/shop_history.go:117.3,117.30 1 1
github.com/k-ksu/avito-shop/internal/repository/shop_history.go:120.2,120.19 1 1
github.com/k-ksu/avito-shop/internal/repository/transaction_history.go:28.69,30.2 1 1
github.com/k-ksu/avito-shop/internal/repository/transaction_history.go:33.110,36.15 2 1
github.com/k-ksu/avito-shop/internal/repository/transaction_history.go:36.15,38.17 2 1
github.com/k-ksu/avito-shop/internal/repository/transaction_history.go:38.17,40.4 1 0
github.com/k-ksu/avito-shop/internal/repository/transaction_history.go:42.3,42.16 1 1
github.com/k-ksu/avito-shop/internal/repository/transaction_history.go:42.16,43.18 1 1
github.com/k-ksu/avito-shop/internal/repository/transaction_history.go:43.18,47.5 2 0
github.com/k-ksu/avito-shop/internal/repository/transaction_history.go:49.4,49.18 1 1
github.com/k-ksu/avito-shop/internal/repository/transaction_history.go:53.2,58.16 3 1
github.com/k-ksu/avito-shop/internal/repository/transaction_history.go:58.16,60.3 1 0
github.com/k-ksu/avito-shop/internal/repository/transaction_history.go:62.2,62.53 1 1
github.com/k-ksu/avito-shop/internal/repository/transaction_history.go:62.53,64.3 1 0
github.com/k-ksu/avito-shop/internal/repository/transaction_history.go:66.2,66.12 1 1
github.com/k-ksu/avito-shop/internal/repository/transaction_history.go:72.118,75.15 2 1
github.com/k-ksu/avito-shop/internal/repository/transaction_history.go:75.15,77.17 2 1
github.com/k-ksu/avito-shop/internal/repository/transaction_history.go:77.17,79.4 1 0
github.com/k-ksu/avito-shop/internal/repository/transaction_history.go:81.3,81.16 1 1
github.com/k-ksu/avito-shop/internal/repository/transaction_history.go:81.16,82.18 1 1
github.com/k-ksu/avito-shop/internal/repository/transaction_history.go:82.18,86.5 2 0
github.com/k-ksu/avito-shop/internal/repository/transaction_history.go:88.4,88.18 1 1
github.com/k-ksu/avito-shop/internal/repository/transaction_history.go:92.2,100.16 3 1
github.com/k-ksu/avito-shop/internal/repository/transaction_history.go:100.16,102.3 1 0
github.com/k-ksu/avito-shop/internal/repository/transaction_history.go:104.2,105.16 2 1
github.com/k-ksu/avito-shop/internal/repository/transaction_history.go:105.16,107.3 1 0
github.com/k-ksu/avito-shop/internal/repository/transaction_history.go:109.2,112.18 3 1
github.com/k-ksu/avito-shop/internal/repository/transaction_history.go:112.18,116.17 3 1
github.com/k-ksu/avito-shop/internal/repository/transaction_history.go:116.17,118.4 1 0
github.com/k-ksu/avito-shop/internal/repository/transaction_history.go:120.3,120.30 1 1
github.com/k-ksu/avito-shop/internal/repository/transaction_history.go:123.2,123.19 1 1
github.com/k-ksu/avito-shop/internal/repository/transaction_history.go:129.118,132.15 2 1
github.com/k-ksu/avito-shop/internal/repository/transaction_history.go:132.15,134.17 2 1
github.com/k-ksu/avito-shop/internal/repository/transaction_history.go:134.17,136.4 1 0
github.com/k-ksu/avito-shop/internal/repository/transaction_history.go:138.3,138.16 1 1
github.com/k-ksu/avito-shop/internal/repository/transaction_history.go:138.16,139.18 1 1
github.com/k-ksu/avito-shop/internal/repository/transaction_history.go:139.18,143.5 2 0
github.com/k-ksu/avito-shop/internal/repository/transaction_history.go:145.4,145.18 1 1
github.com/k-ksu/avito-shop/internal/repository/transaction_history.go:149.2,157.16 3 1
github.com/k-ksu/avito-shop/internal/repository/transaction_history.go:157.16,159.3 1 0
github.com/k-ksu/avito-shop/internal/repository/transaction_history.go:161.2,162.16 2 1
github.com/k-ksu/avito-shop/internal/repository/transaction_history.go:162.16,164.3 1 0
github.com/k-ksu/avito-shop/internal/repository/transaction_history.go:166.2,169.18 3 1
github.com/k-ksu/avito-shop/internal/repository/transaction_history.go:169.18,173.17 3 1
github.com/k-ksu/avito-shop/internal/repository/transaction_history.go:173.17,175.4 1 0
github.com/k-ksu/avito-shop/internal/repository/transaction_history.go:177.3,177.30 1 1
github.com/k-ksu/avito-shop/internal/repository/transaction_history.go:180.2,180.19 1 1
github.com/k-ksu/avito-shop/internal/repository/users.go:35.43,37.2 1 1
github.com/k-ksu/avito-shop/internal/repository/users.go:40.82,46.16 3 1
github.com/k-ksu/avito-shop/internal/repository/users.go:46.16,48.3 1 0
github.com/k-ksu/avito-shop/internal/repository/users.go:50.2,51.119 2 1
github.com/k-ksu/avito-shop/internal/repository/users.go:51.119,52.36 1 0
github.com/k-ksu/avito-shop/internal/repository/users.go:52.36,54.4 1 0
github.com/k-ksu/avito-shop/internal/repository/users.go:56.3,56.55 1 0
github.com/k-ksu/avito-shop/internal/repository/users.go:59.2,59.18 1 1
github.com/k-ksu/avito-shop/internal/repository/users.go:63.104,66.15 2 1
github.com/k-ksu/avito-shop/internal/repository/users.go:66.15,68.17 2 1
github.com/k-ksu/avito-shop/internal/repository/users.go:68.17,70.4 1 0
github.com/k-ksu/avito-shop/internal/repository/users.go:72.3,72.16 1 1
github.com/k-ksu/avito-shop/internal/repository/users.go:72.16,73.18 1 1
github.com/k-ksu/avito-shop/internal/repository/users.go:73.18,77.5 2 0
github.com/k-ksu/avito-shop/internal/repository/users.go:79.4,79.18 1 1
github.com/k-ksu/avito-shop/internal/repository/users.go:83.2,88.16 3 1
github.com/k-ksu/avito-shop/internal/repository/users.go:88.16,90.3 1 0
github.com/k-ksu/avito-shop/internal/repository/users.go:92.2,95.16 3 1
github.com/k-ksu/avito-shop/internal/repository/users.go:95.16,96.36 1 0
github.com/k-ksu/avito-shop/internal/repository/users.go:96.36,98.4 1 0
github.com/k-ksu/avito-shop/internal/repository/users.go:100.3,100.46 1 0
github.com/k-ksu/avito-shop/internal/repository/users.go:103.2,104.18 2 1
github.com/k-ksu/avito-shop/internal/repository/users.go:104.18,106.95 2 1
github.com/k-ksu/avito-shop/internal/repository/users.go:106.95,108.4 1 0
github.com/k-ksu/avito-shop/internal/repository/users.go:110.3,110.30 1 1
github.com/k-ksu/avito-shop/internal/repository/users.go:113.2,113.19 1 1
github.com/k-ksu/avito-shop/internal/repository/users.go:117.88,124.16 3 1
github.com/k-ksu/avito-shop/internal/repository/users.go:124.16,126.3 1 0
github.com/k-ksu/avito-shop/internal/repository/users.go:128.2,129.63 2 1
github.com/k-ksu/avito-shop/internal/repository/users.go:129.63,131.3 1 0
github.com/k-ksu/avito-shop/internal/repository/users.go:133.2,137.8 1 1
github.com/k-ksu/avito-shop/internal/repository/users.go:141.89,142.21 1 0
github.com/k-ksu/avito-shop/internal/repository/users.go:142.21,144.3 1 0
github.com/k-ksu/avito-shop/internal/repository/users.go:146.2,148.15 2 0
github.com/k-ksu/avito-shop/internal/repository/users.go:148.15,150.17 2 0
github.com/k-ksu/avito-shop/internal/repository/users.go:150.17,152.4 1 0
github.com/k-ksu/avito-shop/internal/repository/users.go:154.3,154.16 1 0
github.com/k-ksu/avito-shop/internal/repository/users.go:154.16,155.18 1 0
github.com/k-ksu/avito-shop/internal/repository/users.go:155.18,159.5 2 0
github.com/k-ksu/avito-shop/internal/repository/users.go:161.4,161.18 1 0
github.com/k-ksu/avito-shop/internal/repository/users.go:165.2,166.29 2 0
github.com/k-ksu/avito-shop/internal/repository/users.go:166.29,168.3 1 0
github.com/k-ksu/avito-shop/internal/repository/users.go:170.2,173.16 3 0
github.com/k-ksu/avito-shop/internal/repository/users.go:173.16,175.3 1 0
github.com/k-ksu/avito-shop/internal/repository/users.go:177.2,178.16 2 0
github.com/k-ksu/avito-shop/internal/repository/users.go:178.16,180.3 1 0
github.com/k-ksu/avito-shop/internal/repository/users.go:182.2,182.12 1 0
github.com/k-ksu/avito-shop/internal/repository/users.go:186.91,187.21 1 1
github.com/k-ksu/avito-shop/internal/repository/users.go:187.21,189.3 1 0
github.com/k-ksu/avito-shop/internal/repository/users.go:191.2,193.15 2 1
github.com/k-ksu/avito-shop/internal/repository/users.go:193.15,195.17 2 1
github.com/k-ksu/avito-shop/internal/repository/users.go:195.17,197.4 1 0
github.com/k-ksu/avito-shop/internal/repository/users.go:199.3,199.16 1 1
github.com/k-ksu/avito-shop/internal/repository/users.go:199.16,200.18 1 1
github.com/k-ksu/avito-shop/internal/repository/users.go:200.18,204.5 2 0
github.com/k-ksu/avito-shop/internal/repository/users.go:206.4,206.18 1 1
github.com/k-ksu/avito-shop/internal/repository/users.go:210.2,211.29 2 1
github.com/k-ksu/avito-shop/internal/repository/users.go:211.29,213.3 1 1
github.com/k-ksu/avito-shop/internal/repository/users.go:215.2,217.16 3 1
github.com/k-ksu/avito-shop/internal/repository/users.go:217.16,219.3 1 0
github.com/k-ksu/avito-shop/internal/repository/users.go:221.2,222.16 2 1
github.com/k-ksu/avito-shop/internal/repository/users.go:222.16,224.3 1 0
github.com/k-ksu/avito-shop/internal/repository/users.go:226.2,226.12 1 1
github.com/k-ksu/avito-shop/internal/repository/cache/merch.go:7.23,9.2 1 0
github.com/k-ksu/avito-shop/internal/repository/cache/merch.go:11.42,13.2 1 0
github.com/k-ksu/avito-shop/internal/repository/cache/merch.go:15.57,18.2 2 0
github.com/k-ksu/avito-shop/internal/repository/wrapper/transaction.go:23.55,25.2 1 0
github.com/k-ksu/avito-shop/internal/repository/wrapper/transaction.go:28.86,29.51 1 0
github.com/k-ksu/avito-shop/internal/repository/wrapper/transaction.go:29.51,30.30 1 0
github.com/k-ksu/avito-shop/internal/repository/wrapper/transaction.go:30.30,31.32 1 0
github.com/k-ksu/avito-shop/internal/repository/wrapper/transaction.go:31.32,33.5 1 0
github.com/k-ksu/avito-shop/internal/repository/wrapper/transaction.go:36.3,36.13 1 0
github.com/k-ksu/avito-shop/internal/service/auth.go:19.62,24.2 1 0
github.com/k-ksu/avito-shop/internal/service/auth.go:27.72,28.106 1 0
github.com/k-ksu/avito-shop/internal/service/auth.go:28.106,30.3 1 0
github.com/k-ksu/avito-shop/internal/service/auth.go:31.2,31.16 1 0
github.com/k-ksu/avito-shop/internal/service/auth.go:31.16,33.3 1 0
github.com/k-ksu/avito-shop/internal/service/auth.go:35.2,36.9 2 0
github.com/k-ksu/avito-shop/internal/service/auth.go:36.9,38.3 1 0
github.com/k-ksu/avito-shop/internal/service/auth.go:40.2,40.21 1 0
github.com/k-ksu/avito-shop/internal/service/auth.go:44.66,58.16 5 0
github.com/k-ksu/avito-shop/internal/service/auth.go:58.16,60.3 1 0
github.com/k-ksu/avito-shop/internal/service/auth.go:62.2,62.25 1 0
github.com/k-ksu/avito-shop/internal/service/shop.go:63.9,72.2 1 0
github.com/k-ksu/avito-shop/internal/service/shop.go:75.96,76.55 1 0
github.com/k-ksu/avito-shop/internal/service/shop.go:76.55,77.88 1 0
github.com/k-ksu/avito-shop/internal/service/shop.go:77.88,79.4 1 0
github.com/k-ksu/avito-shop/internal/service/shop.go:81.3,82.17 2 0
github.com/k-ksu/avito-shop/internal/service/shop.go:82.17,84.4 1 0
github.com/k-ksu/avito-shop/internal/service/shop.go:87.3,87.22 1 0
github.com/k-ksu/avito-shop/internal/service/shop.go:87.22,89.4 1 0
github.com/k-ksu/avito-shop/internal/service/shop.go:91.3,91.37 1 0
github.com/k-ksu/avito-shop/internal/service/shop.go:91.37,93.4 1 0
github.com/k-ksu/avito-shop/internal/service/shop.go:95.3,98.30 3 0
github.com/k-ksu/avito-shop/internal/service/shop.go:98.30,100.4 1 0
github.com/k-ksu/avito-shop/internal/service/shop.go:102.3,104.89 3 0
github.com/k-ksu/avito-shop/internal/service/shop.go:104.89,106.4 1 0
github.com/k-ksu/avito-shop/internal/service/shop.go:108.3,112.18 1 0
github.com/k-ksu/avito-shop/internal/service/shop.go:112.18,114.4 1 0
github.com/k-ksu/avito-shop/internal/service/shop.go:116.3,116.13 1 0
github.com/k-ksu/avito-shop/internal/service/shop.go:121.81,123.16 2 0
github.com/k-ksu/avito-shop/internal/service/shop.go:123.16,125.3 1 0
github.com/k-ksu/avito-shop/internal/service/shop.go:127.2,127.55 1 0
github.com/k-ksu/avito-shop/internal/service/shop.go:127.55,128.75 1 0
github.com/k-ksu/avito-shop/internal/service/shop.go:128.75,130.4 1 0
github.com/k-ksu/avito-shop/internal/service/shop.go:132.3,133.17 2 0
github.com/k-ksu/avito-shop/internal/service/shop.go:133.17,135.4 1 0
github.com/k-ksu/avito-shop/internal/service/shop.go:139.3,140.31 2 0
github.com/k-ksu/avito-shop/internal/service/shop.go:140.31,142.4 1 0
github.com/k-ksu/avito-shop/internal/service/shop.go:144.3,145.77 2 0
github.com/k-ksu/avito-shop/internal/service/shop.go:145.77,147.4 1 0
github.com/k-ksu/avito-shop/internal/service/shop.go:149.3,152.18 1 0
github.com/k-ksu/avito-shop/internal/service/shop.go:152.18,154.4 1 0
github.com/k-ksu/avito-shop/internal/service/shop.go:156.3,156.13 1 0
github.com/k-ksu/avito-shop/internal/service/shop.go:161.80,163.8 2 0
github.com/k-ksu/avito-shop/internal/service/shop.go:163.8,165.3 1 0
github.com/k-ksu/avito-shop/internal/service/shop.go:167.2,168.16 2 0
github.com/k-ksu/avito-shop/internal/service/shop.go:168.16,169.37 1 0
github.com/k-ksu/avito-shop/internal/service/shop.go:169.37,171.4 1 0
github.com/k-ksu/avito-shop/internal/service/shop.go:173.3,173.68 1 0
github.com/k-ksu/avito-shop/internal/service/shop.go:176.2,176.19 1 0
github.com/k-ksu/avito-shop/internal/service/shop.go:180.55,182.16 2 0
github.com/k-ksu/avito-shop/internal/service/shop.go:182.16,184.3 1 0
github.com/k-ksu/avito-shop/internal/service/shop.go:186.2,186.31 1 0
github.com/k-ksu/avito-shop/internal/service/shop.go:186.31,188.3 1 0
github.com/k-ksu/avito-shop/internal/service/shop.go:190.2,190.12 1 0
github.com/k-ksu/avito-shop/internal/service/users.go:51.10,59.2 1 0
github.com/k-ksu/avito-shop/internal/service/users.go:62.65,64.16 2 0
github.com/k-ksu/avito-shop/internal/service/users.go:64.16,66.3 1 0
github.com/k-ksu/avito-shop/internal/service/users.go:68.2,71.8 1 0
github.com/k-ksu/avito-shop/internal/service/users.go:75.88,78.55 2 0
github.com/k-ksu/avito-shop/internal/service/users.go:78.55,79.71 1 0
github.com/k-ksu/avito-shop/internal/service/users.go:79.71,81.4 1 0
github.com/k-ksu/avito-shop/internal/service/users.go:83.3,84.17 2 0
github.com/k-ksu/avito-shop/internal/service/users.go:84.17,86.4 1 0
github.com/k-ksu/avito-shop/internal/service/users.go:88.3,92.17 4 0
github.com/k-ksu/avito-shop/internal/service/users.go:92.17,94.4 1 0
github.com/k-ksu/avito-shop/internal/service/users.go:96.3,97.17 2 0
github.com/k-ksu/avito-shop/internal/service/users.go:97.17,99.4 1 0
github.com/k-ksu/avito-shop/internal/service/users.go:101.3,105.17 4 0
github.com/k-ksu/avito-shop/internal/service/users.go:105.17,107.4 1 0
github.com/k-ksu/avito-shop/internal/service/users.go:109.3,111.13 2 0
github.com/k-ksu/avito-shop/internal/service/users.go:113.2,113.16 1 0
github.com/k-ksu/avito-shop/internal/service/users.go:113.16,115.3 1 0
github.com/k-ksu/avito-shop/internal/service/users.go:117.2,117.22 1 0
github.com/k-ksu/avito-shop/internal/service/users.go:121.82,123.16 2 0
github.com/k-ksu/avito-shop/internal/service/users.go:123.16,124.37 1 0
github.com/k-ksu/avito-shop/internal/service/users.go:124.37,126.4 1 0
github.com/k-ksu/avito-shop/internal/service/users.go:128.3,128.52 1 0
github.com/k-ksu/avito-shop/internal/service/users.go:131.2,131.100 1 0
github.com/k-ksu/avito-shop/internal/service/users.go:131.100,132.58 1 0
github.com/k-ksu/avito-shop/internal/service/users.go:132.58,134.4 1 0
github.com/k-ksu/avito-shop/internal/service/users.go:136.3,136.68 1 0
github.com/k-ksu/avito-shop/internal/service/users.go:139.2,140.16 2 0
github.com/k-ksu/avito-shop/internal/service/users.go:140.16,142.3 1 0
github.com/k-ksu/avito-shop/internal/service/users.go:144.2,144.19 1 0
github.com/k-ksu/avito-shop/internal/service/users.go:147.86,149.16 2 0
github.com/k-ksu/avito-shop/internal/service/users.go:149.16,151.3 1 0
github.com/k-ksu/avito-shop/internal/service/users.go:153.2,154.16 2 0
github.com/k-ksu/avito-shop/internal/service/users.go:154.16,156.3 1 0
github.com/k-ksu/avito-shop/internal/service/users.go:158.2,159.16 2 0
github.com/k-ksu/avito-shop/internal/service/users.go:159.16,161.3 1 0
github.com/k-ksu/avito-shop/internal/service/users.go:163.2,163.19 1 0
github.com/k-ksu/avito-shop/pkg/postgres/client.go:16.66,18.16 2 0
github.com/k-ksu/avito-shop/pkg/postgres/client.go:18.16,20.3 1 0
github.com/k-ksu/avito-shop/pkg/postgres/client.go:22.2,22.38 1 0
github.com/k-ksu/avito-shop/pkg/postgres/client.go:22.38,24.3 1 0
github.com/k-ksu/avito-shop/pkg/postgres/client.go:26.2,26.27 1 0
github.com/k-ksu/avito-shop/tests/e2e/helper/auth.go:10.56,17.16 3 0
github.com/k-ksu/avito-shop/tests/e2e/helper/auth.go:17.16,19.3 1 0
github.com/k-ksu/avito-shop/tests/e2e/helper/auth.go:21.2,22.16 2 0
github.com/k-ksu/avito-shop/tests/e2e/helper/auth.go:22.16,24.3 1 0
github.com/k-ksu/avito-shop/tests/e2e/helper/auth.go:26.2,27.67 2 0
github.com/k-ksu/avito-shop/tests/e2e/helper/auth.go:27.67,29.3 1 0
github.com/k-ksu/avito-shop/tests/e2e/helper/auth.go:31.2,31.27 1 0
github.com/k-ksu/avito-shop/tests/e2e/helper/buy.go:10.54,24.2 9 0
github.com/k-ksu/avito-shop/tests/e2e/helper/helper.go:11.91,20.23 6 0
github.com/k-ksu/avito-shop/tests/e2e/helper/helper.go:20.23,22.3 1 0
github.com/k-ksu/avito-shop/tests/e2e/helper/helper.go:24.2,25.25 2 0
github.com/k-ksu/avito-shop/tests/e2e/helper/send_coin.go:13.53,31.2 13 0
github.com/k-ksu/avito-shop/tests/e2e/helper/user_info.go:12.64,29.46 12 0
github.com/k-ksu/avito-shop/tests/e2e/helper/user_info.go:29.46,34.3 1 0
github.com/k-ksu/avito-shop/tests/e2e/helper/user_info.go:36.2,37.45 2 0
github.com/k-ksu/avito-shop/tests/e2e/helper/user_info.go:37.45,42.3 1 0
github.com/k-ksu/avito-shop/tests/e2e/helper/user_info.go:44.2,45.49 2 0
github.com/k-ksu/avito-shop/tests/e2e/helper/user_info.go:45.49,50.3 1 0
github.com/k-ksu/avito-shop/tests/e2e/helper/user_info.go:52.2,52.17 1 0
