mode: set
github.com/k-ksu/avito-shop/cmd/avito-shop/main.go:11.13,16.16 4 0
github.com/k-ksu/avito-shop/cmd/avito-shop/main.go:16.16,20.3 2 0
github.com/k-ksu/avito-shop/cmd/avito-shop/main.go:22.2,22.41 1 0
github.com/k-ksu/avito-shop/cmd/avito-shop/main.go:22.41,24.3 1 0
github.com/k-ksu/avito-shop/config/config.go:48.29,52.16 3 0
github.com/k-ksu/avito-shop/config/config.go:52.16,54.3 1 0
github.com/k-ksu/avito-shop/config/config.go:56.2,56.43 1 0
github.com/k-ksu/avito-shop/config/config.go:56.43,58.3 1 0
github.com/k-ksu/avito-shop/config/config.go:60.2,60.43 1 0
github.com/k-ksu/avito-shop/config/config.go:60.43,62.3 1 0
github.com/k-ksu/avito-shop/config/config.go:64.2,64.17 1 0
github.com/k-ksu/avito-shop/config/config.go:67.49,69.16 2 0
github.com/k-ksu/avito-shop/config/config.go:69.16,71.3 1 0
github.com/k-ksu/avito-shop/config/config.go:73.2,76.16 3 0
github.com/k-ksu/avito-shop/config/config.go:76.16,78.3 1 0
github.com/k-ksu/avito-shop/config/config.go:80.2,80.46 1 0
github.com/k-ksu/avito-shop/config/config.go:80.46,82.3 1 0
github.com/k-ksu/avito-shop/config/config.go:84.2,84.12 1 0
github.com/k-ksu/avito-shop/config/config.go:87.49,88.58 1 0
github.com/k-ksu/avito-shop/config/config.go:88.58,90.3 1 0
github.com/k-ksu/avito-shop/config/config.go:92.2,92.39 1 0
github.com/k-ksu/avito-shop/config/config.go:92.39,94.3 1 0
github.com/k-ksu/avito-shop/config/config.go:96.2,96.12 1 0
github.com/k-ksu/avito-shop/config/config.go:99.40,101.16 2 0
github.com/k-ksu/avito-shop/config/config.go:101.16,103.3 1 0
github.com/k-ksu/avito-shop/config/config.go:105.2,106.29 2 0
github.com/k-ksu/avito-shop/config/config.go:106.29,107.27 1 0
github.com/k-ksu/avito-shop/config/config.go:107.27,109.9 2 0
github.com/k-ksu/avito-shop/config/config.go:113.2,113.33 1 0
github.com/k-ksu/avito-shop/internal/controller/http/helper/helper.go:14.65,16.16 2 0
github.com/k-ksu/avito-shop/internal/controller/http/helper/helper.go:16.16,20.3 2 0
github.com/k-ksu/avito-shop/internal/controller/http/helper/helper.go:22.2,24.16 3 0
github.com/k-ksu/avito-shop/internal/controller/http/helper/helper.go:24.16,26.3 1 0
github.com/k-ksu/avito-shop/internal/controller/http/helper/helper.go:30.54,32.16 2 0
github.com/k-ksu/avito-shop/internal/controller/http/helper/helper.go:32.16,34.3 1 0
github.com/k-ksu/avito-shop/internal/controller/http/helper/helper.go:36.2,36.39 1 0
github.com/k-ksu/avito-shop/internal/controller/http/helper/helper.go:36.39,38.3 1 0
github.com/k-ksu/avito-shop/internal/controller/http/helper/helper.go:40.2,40.45 1 0
github.com/k-ksu/avito-shop/internal/app/app.go:17.57,26.12 6 0
github.com/k-ksu/avito-shop/internal/app/app.go:26.12,27.107 1 0
github.com/k-ksu/avito-shop/internal/app/app.go:27.107,29.4 1 0
github.com/k-ksu/avito-shop/internal/app/app.go:32.2,37.62 4 0
github.com/k-ksu/avito-shop/internal/app/app.go:37.62,39.3 1 0
github.com/k-ksu/avito-shop/internal/app/app.go:41.2,43.12 2 0
github.com/k-ksu/avito-shop/internal/app/container.go:51.71,60.2 3 0
github.com/k-ksu/avito-shop/internal/app/container.go:62.90,73.46 3 0
github.com/k-ksu/avito-shop/internal/app/container.go:73.46,75.3 1 0
github.com/k-ksu/avito-shop/internal/app/container.go:77.2,81.3 1 0
github.com/k-ksu/avito-shop/internal/app/container.go:84.70,86.16 2 0
github.com/k-ksu/avito-shop/internal/app/container.go:86.16,88.3 1 0
github.com/k-ksu/avito-shop/internal/app/container.go:90.2,97.3 1 0
github.com/k-ksu/avito-shop/internal/app/container.go:100.66,112.2 4 0
github.com/k-ksu/avito-shop/internal/controller/http/middleware/auth.go:22.60,23.56 1 0
github.com/k-ksu/avito-shop/internal/controller/http/middleware/auth.go:23.56,24.36 1 0
github.com/k-ksu/avito-shop/internal/controller/http/middleware/auth.go:24.36,28.4 2 0
github.com/k-ksu/avito-shop/internal/controller/http/middleware/auth.go:30.3,31.17 2 0
github.com/k-ksu/avito-shop/internal/controller/http/middleware/auth.go:31.17,35.4 2 0
github.com/k-ksu/avito-shop/internal/controller/http/middleware/auth.go:37.3,37.18 1 0
github.com/k-ksu/avito-shop/internal/controller/http/middleware/auth.go:37.18,41.4 2 0
github.com/k-ksu/avito-shop/internal/controller/http/middleware/auth.go:43.3,44.17 2 0
github.com/k-ksu/avito-shop/internal/controller/http/middleware/auth.go:44.17,48.4 2 0
github.com/k-ksu/avito-shop/internal/controller/http/middleware/auth.go:50.3,50.39 1 0
github.com/k-ksu/avito-shop/internal/controller/http/middleware/auth.go:50.39,54.4 2 0
github.com/k-ksu/avito-shop/internal/controller/http/middleware/auth.go:56.3,56.25 1 0
github.com/k-ksu/avito-shop/internal/controller/http/middleware/auth.go:60.43,62.2 1 0
github.com/k-ksu/avito-shop/internal/controller/http/middleware/logger.go:10.59,11.71 1 0
github.com/k-ksu/avito-shop/internal/controller/http/middleware/logger.go:11.71,23.3 3 0
github.com/k-ksu/avito-shop/internal/controller/http/handler/api_auth_post.go:15.76,18.65 2 0
github.com/k-ksu/avito-shop/internal/controller/http/handler/api_auth_post.go:18.65,22.3 2 0
github.com/k-ksu/avito-shop/internal/controller/http/handler/api_auth_post.go:24.2,25.16 2 0
github.com/k-ksu/avito-shop/internal/controller/http/handler/api_auth_post.go:25.16,26.46 1 0
github.com/k-ksu/avito-shop/internal/controller/http/handler/api_auth_post.go:26.46,30.4 2 0
github.com/k-ksu/avito-shop/internal/controller/http/handler/api_auth_post.go:32.3,34.9 2 0
github.com/k-ksu/avito-shop/internal/controller/http/handler/api_auth_post.go:37.2,40.16 2 0
github.com/k-ksu/avito-shop/internal/controller/http/handler/api_auth_post.go:40.16,44.3 2 0
github.com/k-ksu/avito-shop/internal/controller/http/handler/api_auth_post.go:46.2,54.16 5 0
github.com/k-ksu/avito-shop/internal/controller/http/handler/api_auth_post.go:54.16,56.3 1 0
github.com/k-ksu/avito-shop/internal/controller/http/handler/api_buy_item_get.go:13.78,15.16 2 0
github.com/k-ksu/avito-shop/internal/controller/http/handler/api_buy_item_get.go:15.16,17.3 1 0
github.com/k-ksu/avito-shop/internal/controller/http/handler/api_buy_item_get.go:19.2,21.63 2 0
github.com/k-ksu/avito-shop/internal/controller/http/handler/api_buy_item_get.go:21.63,22.84 1 0
github.com/k-ksu/avito-shop/internal/controller/http/handler/api_buy_item_get.go:22.84,26.4 2 0
github.com/k-ksu/avito-shop/internal/controller/http/handler/api_buy_item_get.go:28.3,30.9 2 0
github.com/k-ksu/avito-shop/internal/controller/http/handler/api_buy_item_get.go:33.2,34.30 2 0
github.com/k-ksu/avito-shop/internal/controller/http/handler/api_info_get.go:12.75,14.16 2 0
github.com/k-ksu/avito-shop/internal/controller/http/handler/api_info_get.go:14.16,16.3 1 0
github.com/k-ksu/avito-shop/internal/controller/http/handler/api_info_get.go:18.2,19.16 2 0
github.com/k-ksu/avito-shop/internal/controller/http/handler/api_info_get.go:19.16,23.3 2 0
github.com/k-ksu/avito-shop/internal/controller/http/handler/api_info_get.go:25.2,28.42 4 0
github.com/k-ksu/avito-shop/internal/controller/http/handler/api_info_get.go:28.42,33.3 1 0
github.com/k-ksu/avito-shop/internal/controller/http/handler/api_info_get.go:35.2,37.49 3 0
github.com/k-ksu/avito-shop/internal/controller/http/handler/api_info_get.go:37.49,42.3 1 0
github.com/k-ksu/avito-shop/internal/controller/http/handler/api_info_get.go:44.2,45.53 2 0
github.com/k-ksu/avito-shop/internal/controller/http/handler/api_info_get.go:45.53,50.3 1 0
github.com/k-ksu/avito-shop/internal/controller/http/handler/api_info_get.go:52.2,53.16 2 0
github.com/k-ksu/avito-shop/internal/controller/http/handler/api_info_get.go:53.16,57.3 2 0
github.com/k-ksu/avito-shop/internal/controller/http/handler/api_info_get.go:59.2,62.16 4 0
github.com/k-ksu/avito-shop/internal/controller/http/handler/api_info_get.go:62.16,64.3 1 0
github.com/k-ksu/avito-shop/internal/controller/http/handler/api_send_coin_post.go:15.80,17.16 2 0
github.com/k-ksu/avito-shop/internal/controller/http/handler/api_send_coin_post.go:17.16,19.3 1 0
github.com/k-ksu/avito-shop/internal/controller/http/handler/api_send_coin_post.go:21.2,22.68 2 0
github.com/k-ksu/avito-shop/internal/controller/http/handler/api_send_coin_post.go:22.68,26.3 2 0
github.com/k-ksu/avito-shop/internal/controller/http/handler/api_send_coin_post.go:28.2,28.29 1 0
github.com/k-ksu/avito-shop/internal/controller/http/handler/api_send_coin_post.go:28.29,32.3 2 0
github.com/k-ksu/avito-shop/internal/controller/http/handler/api_send_coin_post.go:34.2,34.37 1 0
github.com/k-ksu/avito-shop/internal/controller/http/handler/api_send_coin_post.go:34.37,38.3 2 0
github.com/k-ksu/avito-shop/internal/controller/http/handler/api_send_coin_post.go:40.2,45.16 1 0
github.com/k-ksu/avito-shop/internal/controller/http/handler/api_send_coin_post.go:45.16,46.86 1 0
github.com/k-ksu/avito-shop/internal/controller/http/handler/api_send_coin_post.go:46.86,50.4 2 0
github.com/k-ksu/avito-shop/internal/controller/http/handler/api_send_coin_post.go:52.3,54.9 2 0
github.com/k-ksu/avito-shop/internal/controller/http/handler/api_send_coin_post.go:57.2,58.30 2 0
github.com/k-ksu/avito-shop/internal/controller/http/handler/service.go:58.76,63.2 1 0
github.com/k-ksu/avito-shop/internal/controller/http/handler/service.go:66.73,67.38 1 0
github.com/k-ksu/avito-shop/internal/controller/http/handler/service.go:67.38,77.3 4 0
github.com/k-ksu/avito-shop/internal/controller/http/handler/service.go:79.2,80.16 2 0
github.com/k-ksu/avito-shop/internal/controller/http/handler/service.go:80.16,82.3 1 0
github.com/k-ksu/avito-shop/internal/controller/http/handler/service.go:84.2,87.4 2 0
github.com/k-ksu/avito-shop/internal/controller/http/handler/service.go:91.43,121.2 1 0
github.com/k-ksu/avito-shop/internal/controller/http/handler/service.go:123.44,125.16 2 0
github.com/k-ksu/avito-shop/internal/controller/http/handler/service.go:125.16,127.3 1 0
github.com/k-ksu/avito-shop/internal/controller/http/handler/service.go:129.2,131.16 3 0
github.com/k-ksu/avito-shop/internal/controller/http/handler/service.go:131.16,133.3 1 0
github.com/k-ksu/avito-shop/internal/controller/http/handler/service.go:135.2,137.16 3 0
github.com/k-ksu/avito-shop/internal/controller/http/handler/service.go:137.16,139.3 1 0
github.com/k-ksu/avito-shop/internal/controller/http/handler/service.go:141.2,143.27 2 0
github.com/k-ksu/avito-shop/internal/controller/http/handler/service.go:146.45,147.54 1 0
github.com/k-ksu/avito-shop/internal/controller/http/handler/service.go:147.54,149.17 2 0
github.com/k-ksu/avito-shop/internal/controller/http/handler/service.go:149.17,151.4 1 0
github.com/k-ksu/avito-shop/internal/controller/http/handler/service.go:155.92,157.16 2 0
github.com/k-ksu/avito-shop/internal/controller/http/handler/service.go:157.16,161.3 2 0
github.com/k-ksu/avito-shop/internal/controller/http/handler/service.go:163.2,163.17 1 0
github.com/k-ksu/avito-shop/internal/controller/http/handler/service.go:163.17,167.3 2 0
github.com/k-ksu/avito-shop/internal/controller/http/handler/service.go:169.2,170.16 2 0
github.com/k-ksu/avito-shop/internal/controller/http/handler/service.go:170.16,174.3 2 0
github.com/k-ksu/avito-shop/internal/controller/http/handler/service.go:176.2,176.18 1 0
github.com/k-ksu/avito-shop/internal/repository/wrapper/transaction.go:23.55,25.2 1 0
github.com/k-ksu/avito-shop/internal/repository/wrapper/transaction.go:28.86,29.51 1 0
github.com/k-ksu/avito-shop/internal/repository/wrapper/transaction.go:29.51,30.30 1 0
github.com/k-ksu/avito-shop/internal/repository/wrapper/transaction.go:30.30,31.32 1 0
github.com/k-ksu/avito-shop/internal/repository/wrapper/transaction.go:31.32,33.5 1 0
github.com/k-ksu/avito-shop/internal/repository/wrapper/transaction.go:36.3,36.13 1 0
github.com/k-ksu/avito-shop/pkg/postgres/client.go:16.66,18.16 2 0
github.com/k-ksu/avito-shop/pkg/postgres/client.go:18.16,20.3 1 0
github.com/k-ksu/avito-shop/pkg/postgres/client.go:22.2,22.38 1 0
github.com/k-ksu/avito-shop/pkg/postgres/client.go:22.38,24.3 1 0
github.com/k-ksu/avito-shop/pkg/postgres/client.go:26.2,26.27 1 0
github.com/k-ksu/avito-shop/internal/repository/cache/merch.go:7.23,9.2 1 0
github.com/k-ksu/avito-shop/internal/repository/cache/merch.go:11.42,13.2 1 0
github.com/k-ksu/avito-shop/internal/repository/cache/merch.go:15.57,18.2 2 0
github.com/k-ksu/avito-shop/internal/service/mocks/auther.go:34.43,36.55 2 0
github.com/k-ksu/avito-shop/internal/service/mocks/auther.go:36.55,38.3 1 0
github.com/k-ksu/avito-shop/internal/service/mocks/auther.go:40.2,46.10 5 0
github.com/k-ksu/avito-shop/internal/service/mocks/auther.go:78.92,79.51 1 0
github.com/k-ksu/avito-shop/internal/service/mocks/auther.go:79.51,81.3 1 0
github.com/k-ksu/avito-shop/internal/service/mocks/auther.go:83.2,83.47 1 0
github.com/k-ksu/avito-shop/internal/service/mocks/auther.go:83.47,85.3 1 0
github.com/k-ksu/avito-shop/internal/service/mocks/auther.go:87.2,88.49 2 0
github.com/k-ksu/avito-shop/internal/service/mocks/auther.go:88.49,89.74 1 0
github.com/k-ksu/avito-shop/internal/service/mocks/auther.go:89.74,91.4 1 0
github.com/k-ksu/avito-shop/internal/service/mocks/auther.go:94.2,94.24 1 0
github.com/k-ksu/avito-shop/internal/service/mocks/auther.go:98.101,99.58 1 0
github.com/k-ksu/avito-shop/internal/service/mocks/auther.go:99.58,101.3 1 0
github.com/k-ksu/avito-shop/internal/service/mocks/auther.go:103.2,105.24 2 0
github.com/k-ksu/avito-shop/internal/service/mocks/auther.go:109.83,110.51 1 0
github.com/k-ksu/avito-shop/internal/service/mocks/auther.go:110.51,112.3 1 0
github.com/k-ksu/avito-shop/internal/service/mocks/auther.go:114.2,114.47 1 0
github.com/k-ksu/avito-shop/internal/service/mocks/auther.go:114.47,116.3 1 0
github.com/k-ksu/avito-shop/internal/service/mocks/auther.go:117.2,118.29 2 0
github.com/k-ksu/avito-shop/internal/service/mocks/auther.go:122.106,123.47 1 0
github.com/k-ksu/avito-shop/internal/service/mocks/auther.go:123.47,125.3 1 0
github.com/k-ksu/avito-shop/internal/service/mocks/auther.go:127.2,127.43 1 0
github.com/k-ksu/avito-shop/internal/service/mocks/auther.go:127.43,129.3 1 0
github.com/k-ksu/avito-shop/internal/service/mocks/auther.go:131.2,132.29 2 0
github.com/k-ksu/avito-shop/internal/service/mocks/auther.go:137.100,138.51 1 0
github.com/k-ksu/avito-shop/internal/service/mocks/auther.go:138.51,140.3 1 0
github.com/k-ksu/avito-shop/internal/service/mocks/auther.go:142.2,147.20 3 0
github.com/k-ksu/avito-shop/internal/service/mocks/auther.go:151.77,154.2 2 0
github.com/k-ksu/avito-shop/internal/service/mocks/auther.go:157.86,161.53 3 0
github.com/k-ksu/avito-shop/internal/service/mocks/auther.go:161.53,163.3 1 0
github.com/k-ksu/avito-shop/internal/service/mocks/auther.go:165.2,172.67 5 0
github.com/k-ksu/avito-shop/internal/service/mocks/auther.go:172.67,173.42 1 0
github.com/k-ksu/avito-shop/internal/service/mocks/auther.go:173.42,176.4 2 0
github.com/k-ksu/avito-shop/internal/service/mocks/auther.go:179.2,179.65 1 0
github.com/k-ksu/avito-shop/internal/service/mocks/auther.go:179.65,183.58 4 0
github.com/k-ksu/avito-shop/internal/service/mocks/auther.go:183.58,185.4 1 0
github.com/k-ksu/avito-shop/internal/service/mocks/auther.go:187.3,188.24 2 0
github.com/k-ksu/avito-shop/internal/service/mocks/auther.go:188.24,190.4 1 0
github.com/k-ksu/avito-shop/internal/service/mocks/auther.go:191.3,191.45 1 0
github.com/k-ksu/avito-shop/internal/service/mocks/auther.go:193.2,193.46 1 0
github.com/k-ksu/avito-shop/internal/service/mocks/auther.go:193.46,195.3 1 0
github.com/k-ksu/avito-shop/internal/service/mocks/auther.go:196.2,197.8 2 0
github.com/k-ksu/avito-shop/internal/service/mocks/auther.go:201.67,203.2 1 0
github.com/k-ksu/avito-shop/internal/service/mocks/auther.go:206.68,208.2 1 0
github.com/k-ksu/avito-shop/internal/service/mocks/auther.go:212.83,221.2 5 0
github.com/k-ksu/avito-shop/internal/service/mocks/auther.go:225.51,226.53 1 0
github.com/k-ksu/avito-shop/internal/service/mocks/auther.go:226.53,227.43 1 0
github.com/k-ksu/avito-shop/internal/service/mocks/auther.go:227.43,229.4 1 0
github.com/k-ksu/avito-shop/internal/service/mocks/auther.go:233.2,233.109 1 0
github.com/k-ksu/avito-shop/internal/service/mocks/auther.go:233.109,235.3 1 0
github.com/k-ksu/avito-shop/internal/service/mocks/auther.go:237.2,237.90 1 0
github.com/k-ksu/avito-shop/internal/service/mocks/auther.go:237.90,239.3 1 0
github.com/k-ksu/avito-shop/internal/service/mocks/auther.go:240.2,240.13 1 0
github.com/k-ksu/avito-shop/internal/service/mocks/auther.go:244.49,245.53 1 0
github.com/k-ksu/avito-shop/internal/service/mocks/auther.go:245.53,246.43 1 0
github.com/k-ksu/avito-shop/internal/service/mocks/auther.go:246.43,248.4 1 0
github.com/k-ksu/avito-shop/internal/service/mocks/auther.go:252.2,252.109 1 0
github.com/k-ksu/avito-shop/internal/service/mocks/auther.go:252.109,253.59 1 0
github.com/k-ksu/avito-shop/internal/service/mocks/auther.go:253.59,255.4 1 0
github.com/k-ksu/avito-shop/internal/service/mocks/auther.go:255.9,257.4 1 0
github.com/k-ksu/avito-shop/internal/service/mocks/auther.go:260.2,260.90 1 0
github.com/k-ksu/avito-shop/internal/service/mocks/auther.go:260.90,262.3 1 0
github.com/k-ksu/avito-shop/internal/service/mocks/auther.go:294.86,295.45 1 0
github.com/k-ksu/avito-shop/internal/service/mocks/auther.go:295.45,297.3 1 0
github.com/k-ksu/avito-shop/internal/service/mocks/auther.go:299.2,299.44 1 0
github.com/k-ksu/avito-shop/internal/service/mocks/auther.go:299.44,301.3 1 0
github.com/k-ksu/avito-shop/internal/service/mocks/auther.go:303.2,304.46 2 0
github.com/k-ksu/avito-shop/internal/service/mocks/auther.go:304.46,305.71 1 0
github.com/k-ksu/avito-shop/internal/service/mocks/auther.go:305.71,307.4 1 0
github.com/k-ksu/avito-shop/internal/service/mocks/auther.go:310.2,310.21 1 0
github.com/k-ksu/avito-shop/internal/service/mocks/auther.go:314.95,315.52 1 0
github.com/k-ksu/avito-shop/internal/service/mocks/auther.go:315.52,317.3 1 0
github.com/k-ksu/avito-shop/internal/service/mocks/auther.go:319.2,321.21 2 0
github.com/k-ksu/avito-shop/internal/service/mocks/auther.go:325.83,326.45 1 0
github.com/k-ksu/avito-shop/internal/service/mocks/auther.go:326.45,328.3 1 0
github.com/k-ksu/avito-shop/internal/service/mocks/auther.go:330.2,330.44 1 0
github.com/k-ksu/avito-shop/internal/service/mocks/auther.go:330.44,332.3 1 0
github.com/k-ksu/avito-shop/internal/service/mocks/auther.go:333.2,334.26 2 0
github.com/k-ksu/avito-shop/internal/service/mocks/auther.go:338.109,339.44 1 0
github.com/k-ksu/avito-shop/internal/service/mocks/auther.go:339.44,341.3 1 0
github.com/k-ksu/avito-shop/internal/service/mocks/auther.go:343.2,343.40 1 0
github.com/k-ksu/avito-shop/internal/service/mocks/auther.go:343.40,345.3 1 0
github.com/k-ksu/avito-shop/internal/service/mocks/auther.go:347.2,348.26 2 0
github.com/k-ksu/avito-shop/internal/service/mocks/auther.go:353.94,354.45 1 0
github.com/k-ksu/avito-shop/internal/service/mocks/auther.go:354.45,356.3 1 0
github.com/k-ksu/avito-shop/internal/service/mocks/auther.go:358.2,363.20 3 0
github.com/k-ksu/avito-shop/internal/service/mocks/auther.go:367.80,370.2 2 0
github.com/k-ksu/avito-shop/internal/service/mocks/auther.go:373.89,377.47 3 0
github.com/k-ksu/avito-shop/internal/service/mocks/auther.go:377.47,379.3 1 0
github.com/k-ksu/avito-shop/internal/service/mocks/auther.go:381.2,388.61 5 0
github.com/k-ksu/avito-shop/internal/service/mocks/auther.go:388.61,389.42 1 0
github.com/k-ksu/avito-shop/internal/service/mocks/auther.go:389.42,392.4 2 0
github.com/k-ksu/avito-shop/internal/service/mocks/auther.go:395.2,395.59 1 0
github.com/k-ksu/avito-shop/internal/service/mocks/auther.go:395.59,399.58 4 0
github.com/k-ksu/avito-shop/internal/service/mocks/auther.go:399.58,401.4 1 0
github.com/k-ksu/avito-shop/internal/service/mocks/auther.go:403.3,404.24 2 0
github.com/k-ksu/avito-shop/internal/service/mocks/auther.go:404.24,406.4 1 0
github.com/k-ksu/avito-shop/internal/service/mocks/auther.go:407.3,407.45 1 0
github.com/k-ksu/avito-shop/internal/service/mocks/auther.go:409.2,409.40 1 0
github.com/k-ksu/avito-shop/internal/service/mocks/auther.go:409.40,411.3 1 0
github.com/k-ksu/avito-shop/internal/service/mocks/auther.go:412.2,413.8 2 0
github.com/k-ksu/avito-shop/internal/service/mocks/auther.go:417.61,419.2 1 0
github.com/k-ksu/avito-shop/internal/service/mocks/auther.go:422.62,424.2 1 0
github.com/k-ksu/avito-shop/internal/service/mocks/auther.go:428.74,437.2 5 0
github.com/k-ksu/avito-shop/internal/service/mocks/auther.go:441.48,442.50 1 0
github.com/k-ksu/avito-shop/internal/service/mocks/auther.go:442.50,443.43 1 0
github.com/k-ksu/avito-shop/internal/service/mocks/auther.go:443.43,445.4 1 0
github.com/k-ksu/avito-shop/internal/service/mocks/auther.go:449.2,449.103 1 0
github.com/k-ksu/avito-shop/internal/service/mocks/auther.go:449.103,451.3 1 0
github.com/k-ksu/avito-shop/internal/service/mocks/auther.go:453.2,453.84 1 0
github.com/k-ksu/avito-shop/internal/service/mocks/auther.go:453.84,455.3 1 0
github.com/k-ksu/avito-shop/internal/service/mocks/auther.go:456.2,456.13 1 0
github.com/k-ksu/avito-shop/internal/service/mocks/auther.go:460.46,461.50 1 0
github.com/k-ksu/avito-shop/internal/service/mocks/auther.go:461.50,462.43 1 0
github.com/k-ksu/avito-shop/internal/service/mocks/auther.go:462.43,464.4 1 0
github.com/k-ksu/avito-shop/internal/service/mocks/auther.go:468.2,468.103 1 0
github.com/k-ksu/avito-shop/internal/service/mocks/auther.go:468.103,469.56 1 0
github.com/k-ksu/avito-shop/internal/service/mocks/auther.go:469.56,471.4 1 0
github.com/k-ksu/avito-shop/internal/service/mocks/auther.go:471.9,473.4 1 0
github.com/k-ksu/avito-shop/internal/service/mocks/auther.go:476.2,476.84 1 0
github.com/k-ksu/avito-shop/internal/service/mocks/auther.go:476.84,478.3 1 0
github.com/k-ksu/avito-shop/internal/service/mocks/auther.go:482.35,483.23 1 0
github.com/k-ksu/avito-shop/internal/service/mocks/auther.go:483.23,488.3 3 0
github.com/k-ksu/avito-shop/internal/service/mocks/auther.go:492.57,494.6 2 0
github.com/k-ksu/avito-shop/internal/service/mocks/auther.go:494.6,495.23 1 0
github.com/k-ksu/avito-shop/internal/service/mocks/auther.go:495.23,497.4 1 0
github.com/k-ksu/avito-shop/internal/service/mocks/auther.go:498.3,498.10 1 0
github.com/k-ksu/avito-shop/internal/service/mocks/auther.go:499.20,501.10 2 0
github.com/k-ksu/avito-shop/internal/service/mocks/auther.go:502.50,502.50 0 0
github.com/k-ksu/avito-shop/internal/service/mocks/auther.go:507.38,512.2 2 0
github.com/k-ksu/avito-shop/internal/service/mocks/merch_cacher.go:34.53,36.55 2 0
github.com/k-ksu/avito-shop/internal/service/mocks/merch_cacher.go:36.55,38.3 1 0
github.com/k-ksu/avito-shop/internal/service/mocks/merch_cacher.go:40.2,46.10 5 0
github.com/k-ksu/avito-shop/internal/service/mocks/merch_cacher.go:72.73,73.31 1 0
github.com/k-ksu/avito-shop/internal/service/mocks/merch_cacher.go:73.31,75.3 1 0
github.com/k-ksu/avito-shop/internal/service/mocks/merch_cacher.go:77.2,77.37 1 0
github.com/k-ksu/avito-shop/internal/service/mocks/merch_cacher.go:77.37,79.3 1 0
github.com/k-ksu/avito-shop/internal/service/mocks/merch_cacher.go:81.2,82.39 2 0
github.com/k-ksu/avito-shop/internal/service/mocks/merch_cacher.go:82.39,83.64 1 0
github.com/k-ksu/avito-shop/internal/service/mocks/merch_cacher.go:83.64,85.4 1 0
github.com/k-ksu/avito-shop/internal/service/mocks/merch_cacher.go:88.2,88.14 1 0
github.com/k-ksu/avito-shop/internal/service/mocks/merch_cacher.go:92.82,93.38 1 0
github.com/k-ksu/avito-shop/internal/service/mocks/merch_cacher.go:93.38,95.3 1 0
github.com/k-ksu/avito-shop/internal/service/mocks/merch_cacher.go:97.2,99.14 2 0
github.com/k-ksu/avito-shop/internal/service/mocks/merch_cacher.go:103.53,104.31 1 0
github.com/k-ksu/avito-shop/internal/service/mocks/merch_cacher.go:104.31,106.3 1 0
github.com/k-ksu/avito-shop/internal/service/mocks/merch_cacher.go:108.2,108.37 1 0
github.com/k-ksu/avito-shop/internal/service/mocks/merch_cacher.go:108.37,110.3 1 0
github.com/k-ksu/avito-shop/internal/service/mocks/merch_cacher.go:112.2,112.19 1 0
github.com/k-ksu/avito-shop/internal/service/mocks/merch_cacher.go:116.74,117.37 1 0
github.com/k-ksu/avito-shop/internal/service/mocks/merch_cacher.go:117.37,119.3 1 0
github.com/k-ksu/avito-shop/internal/service/mocks/merch_cacher.go:121.2,121.33 1 0
github.com/k-ksu/avito-shop/internal/service/mocks/merch_cacher.go:121.33,123.3 1 0
github.com/k-ksu/avito-shop/internal/service/mocks/merch_cacher.go:125.2,126.19 2 0
github.com/k-ksu/avito-shop/internal/service/mocks/merch_cacher.go:130.49,134.33 3 0
github.com/k-ksu/avito-shop/internal/service/mocks/merch_cacher.go:134.33,136.3 1 0
github.com/k-ksu/avito-shop/internal/service/mocks/merch_cacher.go:138.2,145.47 5 0
github.com/k-ksu/avito-shop/internal/service/mocks/merch_cacher.go:145.47,146.42 1 0
github.com/k-ksu/avito-shop/internal/service/mocks/merch_cacher.go:146.42,149.4 2 0
github.com/k-ksu/avito-shop/internal/service/mocks/merch_cacher.go:152.2,152.45 1 0
github.com/k-ksu/avito-shop/internal/service/mocks/merch_cacher.go:152.45,156.58 4 0
github.com/k-ksu/avito-shop/internal/service/mocks/merch_cacher.go:156.58,158.4 1 0
github.com/k-ksu/avito-shop/internal/service/mocks/merch_cacher.go:160.3,160.9 1 0
github.com/k-ksu/avito-shop/internal/service/mocks/merch_cacher.go:163.2,163.26 1 0
github.com/k-ksu/avito-shop/internal/service/mocks/merch_cacher.go:163.26,166.3 2 0
github.com/k-ksu/avito-shop/internal/service/mocks/merch_cacher.go:167.2,167.64 1 0
github.com/k-ksu/avito-shop/internal/service/mocks/merch_cacher.go:172.52,174.2 1 0
github.com/k-ksu/avito-shop/internal/service/mocks/merch_cacher.go:177.53,179.2 1 0
github.com/k-ksu/avito-shop/internal/service/mocks/merch_cacher.go:183.63,192.2 5 0
github.com/k-ksu/avito-shop/internal/service/mocks/merch_cacher.go:196.46,197.43 1 0
github.com/k-ksu/avito-shop/internal/service/mocks/merch_cacher.go:197.43,198.43 1 0
github.com/k-ksu/avito-shop/internal/service/mocks/merch_cacher.go:198.43,200.4 1 0
github.com/k-ksu/avito-shop/internal/service/mocks/merch_cacher.go:204.2,204.89 1 0
github.com/k-ksu/avito-shop/internal/service/mocks/merch_cacher.go:204.89,206.3 1 0
github.com/k-ksu/avito-shop/internal/service/mocks/merch_cacher.go:208.2,208.70 1 0
github.com/k-ksu/avito-shop/internal/service/mocks/merch_cacher.go:208.70,210.3 1 0
github.com/k-ksu/avito-shop/internal/service/mocks/merch_cacher.go:211.2,211.13 1 0
github.com/k-ksu/avito-shop/internal/service/mocks/merch_cacher.go:215.44,216.43 1 0
github.com/k-ksu/avito-shop/internal/service/mocks/merch_cacher.go:216.43,217.43 1 0
github.com/k-ksu/avito-shop/internal/service/mocks/merch_cacher.go:217.43,219.4 1 0
github.com/k-ksu/avito-shop/internal/service/mocks/merch_cacher.go:223.2,223.89 1 0
github.com/k-ksu/avito-shop/internal/service/mocks/merch_cacher.go:223.89,224.49 1 0
github.com/k-ksu/avito-shop/internal/service/mocks/merch_cacher.go:224.49,226.4 1 0
github.com/k-ksu/avito-shop/internal/service/mocks/merch_cacher.go:226.9,228.4 1 0
github.com/k-ksu/avito-shop/internal/service/mocks/merch_cacher.go:231.2,231.70 1 0
github.com/k-ksu/avito-shop/internal/service/mocks/merch_cacher.go:231.70,233.3 1 0
github.com/k-ksu/avito-shop/internal/service/mocks/merch_cacher.go:265.68,266.31 1 0
github.com/k-ksu/avito-shop/internal/service/mocks/merch_cacher.go:266.31,268.3 1 0
github.com/k-ksu/avito-shop/internal/service/mocks/merch_cacher.go:270.2,270.37 1 0
github.com/k-ksu/avito-shop/internal/service/mocks/merch_cacher.go:270.37,272.3 1 0
github.com/k-ksu/avito-shop/internal/service/mocks/merch_cacher.go:274.2,275.39 2 0
github.com/k-ksu/avito-shop/internal/service/mocks/merch_cacher.go:275.39,276.64 1 0
github.com/k-ksu/avito-shop/internal/service/mocks/merch_cacher.go:276.64,278.4 1 0
github.com/k-ksu/avito-shop/internal/service/mocks/merch_cacher.go:281.2,281.14 1 0
github.com/k-ksu/avito-shop/internal/service/mocks/merch_cacher.go:285.77,286.38 1 0
github.com/k-ksu/avito-shop/internal/service/mocks/merch_cacher.go:286.38,288.3 1 0
github.com/k-ksu/avito-shop/internal/service/mocks/merch_cacher.go:290.2,292.14 2 0
github.com/k-ksu/avito-shop/internal/service/mocks/merch_cacher.go:296.76,297.31 1 0
github.com/k-ksu/avito-shop/internal/service/mocks/merch_cacher.go:297.31,299.3 1 0
github.com/k-ksu/avito-shop/internal/service/mocks/merch_cacher.go:301.2,301.37 1 0
github.com/k-ksu/avito-shop/internal/service/mocks/merch_cacher.go:301.37,303.3 1 0
github.com/k-ksu/avito-shop/internal/service/mocks/merch_cacher.go:304.2,305.19 2 0
github.com/k-ksu/avito-shop/internal/service/mocks/merch_cacher.go:309.95,310.37 1 0
github.com/k-ksu/avito-shop/internal/service/mocks/merch_cacher.go:310.37,312.3 1 0
github.com/k-ksu/avito-shop/internal/service/mocks/merch_cacher.go:314.2,314.33 1 0
github.com/k-ksu/avito-shop/internal/service/mocks/merch_cacher.go:314.33,316.3 1 0
github.com/k-ksu/avito-shop/internal/service/mocks/merch_cacher.go:318.2,319.19 2 0
github.com/k-ksu/avito-shop/internal/service/mocks/merch_cacher.go:324.76,325.31 1 0
github.com/k-ksu/avito-shop/internal/service/mocks/merch_cacher.go:325.31,327.3 1 0
github.com/k-ksu/avito-shop/internal/service/mocks/merch_cacher.go:329.2,334.20 3 0
github.com/k-ksu/avito-shop/internal/service/mocks/merch_cacher.go:338.80,341.2 2 0
github.com/k-ksu/avito-shop/internal/service/mocks/merch_cacher.go:344.70,348.33 3 0
github.com/k-ksu/avito-shop/internal/service/mocks/merch_cacher.go:348.33,350.3 1 0
github.com/k-ksu/avito-shop/internal/service/mocks/merch_cacher.go:352.2,359.47 5 0
github.com/k-ksu/avito-shop/internal/service/mocks/merch_cacher.go:359.47,360.42 1 0
github.com/k-ksu/avito-shop/internal/service/mocks/merch_cacher.go:360.42,363.4 2 0
github.com/k-ksu/avito-shop/internal/service/mocks/merch_cacher.go:366.2,366.45 1 0
github.com/k-ksu/avito-shop/internal/service/mocks/merch_cacher.go:366.45,370.58 4 0
github.com/k-ksu/avito-shop/internal/service/mocks/merch_cacher.go:370.58,372.4 1 0
github.com/k-ksu/avito-shop/internal/service/mocks/merch_cacher.go:374.3,375.24 2 0
github.com/k-ksu/avito-shop/internal/service/mocks/merch_cacher.go:375.24,377.4 1 0
github.com/k-ksu/avito-shop/internal/service/mocks/merch_cacher.go:378.3,378.44 1 0
github.com/k-ksu/avito-shop/internal/service/mocks/merch_cacher.go:380.2,380.26 1 0
github.com/k-ksu/avito-shop/internal/service/mocks/merch_cacher.go:380.26,382.3 1 0
github.com/k-ksu/avito-shop/internal/service/mocks/merch_cacher.go:383.2,384.8 2 0
github.com/k-ksu/avito-shop/internal/service/mocks/merch_cacher.go:388.52,390.2 1 0
github.com/k-ksu/avito-shop/internal/service/mocks/merch_cacher.go:393.53,395.2 1 0
github.com/k-ksu/avito-shop/internal/service/mocks/merch_cacher.go:399.63,408.2 5 0
github.com/k-ksu/avito-shop/internal/service/mocks/merch_cacher.go:412.46,413.43 1 0
github.com/k-ksu/avito-shop/internal/service/mocks/merch_cacher.go:413.43,414.43 1 0
github.com/k-ksu/avito-shop/internal/service/mocks/merch_cacher.go:414.43,416.4 1 0
github.com/k-ksu/avito-shop/internal/service/mocks/merch_cacher.go:420.2,420.89 1 0
github.com/k-ksu/avito-shop/internal/service/mocks/merch_cacher.go:420.89,422.3 1 0
github.com/k-ksu/avito-shop/internal/service/mocks/merch_cacher.go:424.2,424.70 1 0
github.com/k-ksu/avito-shop/internal/service/mocks/merch_cacher.go:424.70,426.3 1 0
github.com/k-ksu/avito-shop/internal/service/mocks/merch_cacher.go:427.2,427.13 1 0
github.com/k-ksu/avito-shop/internal/service/mocks/merch_cacher.go:431.44,432.43 1 0
github.com/k-ksu/avito-shop/internal/service/mocks/merch_cacher.go:432.43,433.43 1 0
github.com/k-ksu/avito-shop/internal/service/mocks/merch_cacher.go:433.43,435.4 1 0
github.com/k-ksu/avito-shop/internal/service/mocks/merch_cacher.go:439.2,439.89 1 0
github.com/k-ksu/avito-shop/internal/service/mocks/merch_cacher.go:439.89,440.49 1 0
github.com/k-ksu/avito-shop/internal/service/mocks/merch_cacher.go:440.49,442.4 1 0
github.com/k-ksu/avito-shop/internal/service/mocks/merch_cacher.go:442.9,444.4 1 0
github.com/k-ksu/avito-shop/internal/service/mocks/merch_cacher.go:447.2,447.70 1 0
github.com/k-ksu/avito-shop/internal/service/mocks/merch_cacher.go:447.70,449.3 1 0
github.com/k-ksu/avito-shop/internal/service/mocks/merch_cacher.go:453.40,454.23 1 0
github.com/k-ksu/avito-shop/internal/service/mocks/merch_cacher.go:454.23,459.3 3 0
github.com/k-ksu/avito-shop/internal/service/mocks/merch_cacher.go:463.62,465.6 2 0
github.com/k-ksu/avito-shop/internal/service/mocks/merch_cacher.go:465.6,466.23 1 0
github.com/k-ksu/avito-shop/internal/service/mocks/merch_cacher.go:466.23,468.4 1 0
github.com/k-ksu/avito-shop/internal/service/mocks/merch_cacher.go:469.3,469.10 1 0
github.com/k-ksu/avito-shop/internal/service/mocks/merch_cacher.go:470.20,472.10 2 0
github.com/k-ksu/avito-shop/internal/service/mocks/merch_cacher.go:473.50,473.50 0 0
github.com/k-ksu/avito-shop/internal/service/mocks/merch_cacher.go:478.43,483.2 2 0
github.com/k-ksu/avito-shop/internal/service/mocks/merch_repo.go:35.49,37.55 2 0
github.com/k-ksu/avito-shop/internal/service/mocks/merch_repo.go:37.55,39.3 1 0
github.com/k-ksu/avito-shop/internal/service/mocks/merch_repo.go:41.2,47.10 5 0
github.com/k-ksu/avito-shop/internal/service/mocks/merch_repo.go:79.96,80.47 1 0
github.com/k-ksu/avito-shop/internal/service/mocks/merch_repo.go:80.47,82.3 1 0
github.com/k-ksu/avito-shop/internal/service/mocks/merch_repo.go:84.2,84.45 1 0
github.com/k-ksu/avito-shop/internal/service/mocks/merch_repo.go:84.45,86.3 1 0
github.com/k-ksu/avito-shop/internal/service/mocks/merch_repo.go:88.2,89.47 2 0
github.com/k-ksu/avito-shop/internal/service/mocks/merch_repo.go:89.47,90.72 1 0
github.com/k-ksu/avito-shop/internal/service/mocks/merch_repo.go:90.72,92.4 1 0
github.com/k-ksu/avito-shop/internal/service/mocks/merch_repo.go:95.2,95.22 1 0
github.com/k-ksu/avito-shop/internal/service/mocks/merch_repo.go:99.105,100.54 1 0
github.com/k-ksu/avito-shop/internal/service/mocks/merch_repo.go:100.54,102.3 1 0
github.com/k-ksu/avito-shop/internal/service/mocks/merch_repo.go:104.2,106.22 2 0
github.com/k-ksu/avito-shop/internal/service/mocks/merch_repo.go:110.93,111.47 1 0
github.com/k-ksu/avito-shop/internal/service/mocks/merch_repo.go:111.47,113.3 1 0
github.com/k-ksu/avito-shop/internal/service/mocks/merch_repo.go:115.2,115.45 1 0
github.com/k-ksu/avito-shop/internal/service/mocks/merch_repo.go:115.45,117.3 1 0
github.com/k-ksu/avito-shop/internal/service/mocks/merch_repo.go:118.2,119.27 2 0
github.com/k-ksu/avito-shop/internal/service/mocks/merch_repo.go:123.120,124.45 1 0
github.com/k-ksu/avito-shop/internal/service/mocks/merch_repo.go:124.45,126.3 1 0
github.com/k-ksu/avito-shop/internal/service/mocks/merch_repo.go:128.2,128.41 1 0
github.com/k-ksu/avito-shop/internal/service/mocks/merch_repo.go:128.41,130.3 1 0
github.com/k-ksu/avito-shop/internal/service/mocks/merch_repo.go:132.2,133.27 2 0
github.com/k-ksu/avito-shop/internal/service/mocks/merch_repo.go:138.104,139.47 1 0
github.com/k-ksu/avito-shop/internal/service/mocks/merch_repo.go:139.47,141.3 1 0
github.com/k-ksu/avito-shop/internal/service/mocks/merch_repo.go:143.2,148.20 3 0
github.com/k-ksu/avito-shop/internal/service/mocks/merch_repo.go:152.89,155.2 2 0
github.com/k-ksu/avito-shop/internal/service/mocks/merch_repo.go:158.97,162.49 3 0
github.com/k-ksu/avito-shop/internal/service/mocks/merch_repo.go:162.49,164.3 1 0
github.com/k-ksu/avito-shop/internal/service/mocks/merch_repo.go:166.2,173.63 5 0
github.com/k-ksu/avito-shop/internal/service/mocks/merch_repo.go:173.63,174.42 1 0
github.com/k-ksu/avito-shop/internal/service/mocks/merch_repo.go:174.42,177.4 2 0
github.com/k-ksu/avito-shop/internal/service/mocks/merch_repo.go:180.2,180.61 1 0
github.com/k-ksu/avito-shop/internal/service/mocks/merch_repo.go:180.61,184.58 4 0
github.com/k-ksu/avito-shop/internal/service/mocks/merch_repo.go:184.58,186.4 1 0
github.com/k-ksu/avito-shop/internal/service/mocks/merch_repo.go:188.3,189.24 2 0
github.com/k-ksu/avito-shop/internal/service/mocks/merch_repo.go:189.24,191.4 1 0
github.com/k-ksu/avito-shop/internal/service/mocks/merch_repo.go:192.3,192.46 1 0
github.com/k-ksu/avito-shop/internal/service/mocks/merch_repo.go:194.2,194.42 1 0
github.com/k-ksu/avito-shop/internal/service/mocks/merch_repo.go:194.42,196.3 1 0
github.com/k-ksu/avito-shop/internal/service/mocks/merch_repo.go:197.2,198.8 2 0
github.com/k-ksu/avito-shop/internal/service/mocks/merch_repo.go:202.66,204.2 1 0
github.com/k-ksu/avito-shop/internal/service/mocks/merch_repo.go:207.67,209.2 1 0
github.com/k-ksu/avito-shop/internal/service/mocks/merch_repo.go:213.83,222.2 5 0
github.com/k-ksu/avito-shop/internal/service/mocks/merch_repo.go:226.52,227.51 1 0
github.com/k-ksu/avito-shop/internal/service/mocks/merch_repo.go:227.51,228.43 1 0
github.com/k-ksu/avito-shop/internal/service/mocks/merch_repo.go:228.43,230.4 1 0
github.com/k-ksu/avito-shop/internal/service/mocks/merch_repo.go:234.2,234.105 1 0
github.com/k-ksu/avito-shop/internal/service/mocks/merch_repo.go:234.105,236.3 1 0
github.com/k-ksu/avito-shop/internal/service/mocks/merch_repo.go:238.2,238.86 1 0
github.com/k-ksu/avito-shop/internal/service/mocks/merch_repo.go:238.86,240.3 1 0
github.com/k-ksu/avito-shop/internal/service/mocks/merch_repo.go:241.2,241.13 1 0
github.com/k-ksu/avito-shop/internal/service/mocks/merch_repo.go:245.50,246.51 1 0
github.com/k-ksu/avito-shop/internal/service/mocks/merch_repo.go:246.51,247.43 1 0
github.com/k-ksu/avito-shop/internal/service/mocks/merch_repo.go:247.43,249.4 1 0
github.com/k-ksu/avito-shop/internal/service/mocks/merch_repo.go:253.2,253.105 1 0
github.com/k-ksu/avito-shop/internal/service/mocks/merch_repo.go:253.105,254.57 1 0
github.com/k-ksu/avito-shop/internal/service/mocks/merch_repo.go:254.57,256.4 1 0
github.com/k-ksu/avito-shop/internal/service/mocks/merch_repo.go:256.9,258.4 1 0
github.com/k-ksu/avito-shop/internal/service/mocks/merch_repo.go:261.2,261.86 1 0
github.com/k-ksu/avito-shop/internal/service/mocks/merch_repo.go:261.86,263.3 1 0
github.com/k-ksu/avito-shop/internal/service/mocks/merch_repo.go:296.106,297.45 1 0
github.com/k-ksu/avito-shop/internal/service/mocks/merch_repo.go:297.45,299.3 1 0
github.com/k-ksu/avito-shop/internal/service/mocks/merch_repo.go:301.2,301.44 1 0
github.com/k-ksu/avito-shop/internal/service/mocks/merch_repo.go:301.44,303.3 1 0
github.com/k-ksu/avito-shop/internal/service/mocks/merch_repo.go:305.2,306.46 2 0
github.com/k-ksu/avito-shop/internal/service/mocks/merch_repo.go:306.46,307.71 1 0
github.com/k-ksu/avito-shop/internal/service/mocks/merch_repo.go:307.71,309.4 1 0
github.com/k-ksu/avito-shop/internal/service/mocks/merch_repo.go:312.2,312.21 1 0
github.com/k-ksu/avito-shop/internal/service/mocks/merch_repo.go:316.115,317.52 1 0
github.com/k-ksu/avito-shop/internal/service/mocks/merch_repo.go:317.52,319.3 1 0
github.com/k-ksu/avito-shop/internal/service/mocks/merch_repo.go:321.2,323.21 2 0
github.com/k-ksu/avito-shop/internal/service/mocks/merch_repo.go:327.88,328.45 1 0
github.com/k-ksu/avito-shop/internal/service/mocks/merch_repo.go:328.45,330.3 1 0
github.com/k-ksu/avito-shop/internal/service/mocks/merch_repo.go:332.2,332.44 1 0
github.com/k-ksu/avito-shop/internal/service/mocks/merch_repo.go:332.44,334.3 1 0
github.com/k-ksu/avito-shop/internal/service/mocks/merch_repo.go:335.2,336.26 2 0
github.com/k-ksu/avito-shop/internal/service/mocks/merch_repo.go:340.128,341.44 1 0
github.com/k-ksu/avito-shop/internal/service/mocks/merch_repo.go:341.44,343.3 1 0
github.com/k-ksu/avito-shop/internal/service/mocks/merch_repo.go:345.2,345.40 1 0
github.com/k-ksu/avito-shop/internal/service/mocks/merch_repo.go:345.40,347.3 1 0
github.com/k-ksu/avito-shop/internal/service/mocks/merch_repo.go:349.2,350.26 2 0
github.com/k-ksu/avito-shop/internal/service/mocks/merch_repo.go:355.114,356.45 1 0
github.com/k-ksu/avito-shop/internal/service/mocks/merch_repo.go:356.45,358.3 1 0
github.com/k-ksu/avito-shop/internal/service/mocks/merch_repo.go:360.2,365.20 3 0
github.com/k-ksu/avito-shop/internal/service/mocks/merch_repo.go:369.85,372.2 2 0
github.com/k-ksu/avito-shop/internal/service/mocks/merch_repo.go:375.105,379.47 3 0
github.com/k-ksu/avito-shop/internal/service/mocks/merch_repo.go:379.47,381.3 1 0
github.com/k-ksu/avito-shop/internal/service/mocks/merch_repo.go:383.2,390.61 5 0
github.com/k-ksu/avito-shop/internal/service/mocks/merch_repo.go:390.61,391.42 1 0
github.com/k-ksu/avito-shop/internal/service/mocks/merch_repo.go:391.42,394.4 2 0
github.com/k-ksu/avito-shop/internal/service/mocks/merch_repo.go:397.2,397.59 1 0
github.com/k-ksu/avito-shop/internal/service/mocks/merch_repo.go:397.59,401.58 4 0
github.com/k-ksu/avito-shop/internal/service/mocks/merch_repo.go:401.58,403.4 1 0
github.com/k-ksu/avito-shop/internal/service/mocks/merch_repo.go:405.3,406.24 2 0
github.com/k-ksu/avito-shop/internal/service/mocks/merch_repo.go:406.24,408.4 1 0
github.com/k-ksu/avito-shop/internal/service/mocks/merch_repo.go:409.3,409.45 1 0
github.com/k-ksu/avito-shop/internal/service/mocks/merch_repo.go:411.2,411.40 1 0
github.com/k-ksu/avito-shop/internal/service/mocks/merch_repo.go:411.40,413.3 1 0
github.com/k-ksu/avito-shop/internal/service/mocks/merch_repo.go:414.2,415.8 2 0
github.com/k-ksu/avito-shop/internal/service/mocks/merch_repo.go:419.64,421.2 1 0
github.com/k-ksu/avito-shop/internal/service/mocks/merch_repo.go:424.65,426.2 1 0
github.com/k-ksu/avito-shop/internal/service/mocks/merch_repo.go:430.80,439.2 5 0
github.com/k-ksu/avito-shop/internal/service/mocks/merch_repo.go:443.51,444.50 1 0
github.com/k-ksu/avito-shop/internal/service/mocks/merch_repo.go:444.50,445.43 1 0
github.com/k-ksu/avito-shop/internal/service/mocks/merch_repo.go:445.43,447.4 1 0
github.com/k-ksu/avito-shop/internal/service/mocks/merch_repo.go:451.2,451.103 1 0
github.com/k-ksu/avito-shop/internal/service/mocks/merch_repo.go:451.103,453.3 1 0
github.com/k-ksu/avito-shop/internal/service/mocks/merch_repo.go:455.2,455.84 1 0
github.com/k-ksu/avito-shop/internal/service/mocks/merch_repo.go:455.84,457.3 1 0
github.com/k-ksu/avito-shop/internal/service/mocks/merch_repo.go:458.2,458.13 1 0
github.com/k-ksu/avito-shop/internal/service/mocks/merch_repo.go:462.49,463.50 1 0
github.com/k-ksu/avito-shop/internal/service/mocks/merch_repo.go:463.50,464.43 1 0
github.com/k-ksu/avito-shop/internal/service/mocks/merch_repo.go:464.43,466.4 1 0
github.com/k-ksu/avito-shop/internal/service/mocks/merch_repo.go:470.2,470.103 1 0
github.com/k-ksu/avito-shop/internal/service/mocks/merch_repo.go:470.103,471.56 1 0
github.com/k-ksu/avito-shop/internal/service/mocks/merch_repo.go:471.56,473.4 1 0
github.com/k-ksu/avito-shop/internal/service/mocks/merch_repo.go:473.9,475.4 1 0
github.com/k-ksu/avito-shop/internal/service/mocks/merch_repo.go:478.2,478.84 1 0
github.com/k-ksu/avito-shop/internal/service/mocks/merch_repo.go:478.84,480.3 1 0
github.com/k-ksu/avito-shop/internal/service/mocks/merch_repo.go:484.38,485.23 1 0
github.com/k-ksu/avito-shop/internal/service/mocks/merch_repo.go:485.23,490.3 3 0
github.com/k-ksu/avito-shop/internal/service/mocks/merch_repo.go:494.60,496.6 2 0
github.com/k-ksu/avito-shop/internal/service/mocks/merch_repo.go:496.6,497.23 1 0
github.com/k-ksu/avito-shop/internal/service/mocks/merch_repo.go:497.23,499.4 1 0
github.com/k-ksu/avito-shop/internal/service/mocks/merch_repo.go:500.3,500.10 1 0
github.com/k-ksu/avito-shop/internal/service/mocks/merch_repo.go:501.20,503.10 2 0
github.com/k-ksu/avito-shop/internal/service/mocks/merch_repo.go:504.50,504.50 0 0
github.com/k-ksu/avito-shop/internal/service/mocks/merch_repo.go:509.41,514.2 2 0
github.com/k-ksu/avito-shop/internal/service/mocks/shop_history_repo.go:36.61,38.55 2 0
github.com/k-ksu/avito-shop/internal/service/mocks/shop_history_repo.go:38.55,40.3 1 0
github.com/k-ksu/avito-shop/internal/service/mocks/shop_history_repo.go:42.2,48.10 5 0
github.com/k-ksu/avito-shop/internal/service/mocks/shop_history_repo.go:81.139,82.37 1 0
github.com/k-ksu/avito-shop/internal/service/mocks/shop_history_repo.go:82.37,84.3 1 0
github.com/k-ksu/avito-shop/internal/service/mocks/shop_history_repo.go:86.2,86.40 1 0
github.com/k-ksu/avito-shop/internal/service/mocks/shop_history_repo.go:86.40,88.3 1 0
github.com/k-ksu/avito-shop/internal/service/mocks/shop_history_repo.go:90.2,91.42 2 0
github.com/k-ksu/avito-shop/internal/service/mocks/shop_history_repo.go:91.42,92.67 1 0
github.com/k-ksu/avito-shop/internal/service/mocks/shop_history_repo.go:92.67,94.4 1 0
github.com/k-ksu/avito-shop/internal/service/mocks/shop_history_repo.go:97.2,97.17 1 0
github.com/k-ksu/avito-shop/internal/service/mocks/shop_history_repo.go:101.148,102.44 1 0
github.com/k-ksu/avito-shop/internal/service/mocks/shop_history_repo.go:102.44,104.3 1 0
github.com/k-ksu/avito-shop/internal/service/mocks/shop_history_repo.go:106.2,108.17 2 0
github.com/k-ksu/avito-shop/internal/service/mocks/shop_history_repo.go:112.76,113.37 1 0
github.com/k-ksu/avito-shop/internal/service/mocks/shop_history_repo.go:113.37,115.3 1 0
github.com/k-ksu/avito-shop/internal/service/mocks/shop_history_repo.go:117.2,117.40 1 0
github.com/k-ksu/avito-shop/internal/service/mocks/shop_history_repo.go:117.40,119.3 1 0
github.com/k-ksu/avito-shop/internal/service/mocks/shop_history_repo.go:120.2,121.22 2 0
github.com/k-ksu/avito-shop/internal/service/mocks/shop_history_repo.go:125.149,126.40 1 0
github.com/k-ksu/avito-shop/internal/service/mocks/shop_history_repo.go:126.40,128.3 1 0
github.com/k-ksu/avito-shop/internal/service/mocks/shop_history_repo.go:130.2,130.36 1 0
github.com/k-ksu/avito-shop/internal/service/mocks/shop_history_repo.go:130.36,132.3 1 0
github.com/k-ksu/avito-shop/internal/service/mocks/shop_history_repo.go:134.2,135.22 2 0
github.com/k-ksu/avito-shop/internal/service/mocks/shop_history_repo.go:140.147,141.37 1 0
github.com/k-ksu/avito-shop/internal/service/mocks/shop_history_repo.go:141.37,143.3 1 0
github.com/k-ksu/avito-shop/internal/service/mocks/shop_history_repo.go:145.2,150.20 3 0
github.com/k-ksu/avito-shop/internal/service/mocks/shop_history_repo.go:154.77,157.2 2 0
github.com/k-ksu/avito-shop/internal/service/mocks/shop_history_repo.go:160.120,164.39 3 0
github.com/k-ksu/avito-shop/internal/service/mocks/shop_history_repo.go:164.39,166.3 1 0
github.com/k-ksu/avito-shop/internal/service/mocks/shop_history_repo.go:168.2,175.53 5 0
github.com/k-ksu/avito-shop/internal/service/mocks/shop_history_repo.go:175.53,176.42 1 0
github.com/k-ksu/avito-shop/internal/service/mocks/shop_history_repo.go:176.42,179.4 2 0
github.com/k-ksu/avito-shop/internal/service/mocks/shop_history_repo.go:182.2,182.51 1 0
github.com/k-ksu/avito-shop/internal/service/mocks/shop_history_repo.go:182.51,186.58 4 0
github.com/k-ksu/avito-shop/internal/service/mocks/shop_history_repo.go:186.58,188.4 1 0
github.com/k-ksu/avito-shop/internal/service/mocks/shop_history_repo.go:190.3,191.24 2 0
github.com/k-ksu/avito-shop/internal/service/mocks/shop_history_repo.go:191.24,193.4 1 0
github.com/k-ksu/avito-shop/internal/service/mocks/shop_history_repo.go:194.3,194.27 1 0
github.com/k-ksu/avito-shop/internal/service/mocks/shop_history_repo.go:196.2,196.32 1 0
github.com/k-ksu/avito-shop/internal/service/mocks/shop_history_repo.go:196.32,198.3 1 0
github.com/k-ksu/avito-shop/internal/service/mocks/shop_history_repo.go:199.2,200.8 2 0
github.com/k-ksu/avito-shop/internal/service/mocks/shop_history_repo.go:204.62,206.2 1 0
github.com/k-ksu/avito-shop/internal/service/mocks/shop_history_repo.go:209.63,211.2 1 0
github.com/k-ksu/avito-shop/internal/service/mocks/shop_history_repo.go:215.80,224.2 5 0
github.com/k-ksu/avito-shop/internal/service/mocks/shop_history_repo.go:228.53,229.46 1 0
github.com/k-ksu/avito-shop/internal/service/mocks/shop_history_repo.go:229.46,230.43 1 0
github.com/k-ksu/avito-shop/internal/service/mocks/shop_history_repo.go:230.43,232.4 1 0
github.com/k-ksu/avito-shop/internal/service/mocks/shop_history_repo.go:236.2,236.95 1 0
github.com/k-ksu/avito-shop/internal/service/mocks/shop_history_repo.go:236.95,238.3 1 0
github.com/k-ksu/avito-shop/internal/service/mocks/shop_history_repo.go:240.2,240.76 1 0
github.com/k-ksu/avito-shop/internal/service/mocks/shop_history_repo.go:240.76,242.3 1 0
github.com/k-ksu/avito-shop/internal/service/mocks/shop_history_repo.go:243.2,243.13 1 0
github.com/k-ksu/avito-shop/internal/service/mocks/shop_history_repo.go:247.51,248.46 1 0
github.com/k-ksu/avito-shop/internal/service/mocks/shop_history_repo.go:248.46,249.43 1 0
github.com/k-ksu/avito-shop/internal/service/mocks/shop_history_repo.go:249.43,251.4 1 0
github.com/k-ksu/avito-shop/internal/service/mocks/shop_history_repo.go:255.2,255.95 1 0
github.com/k-ksu/avito-shop/internal/service/mocks/shop_history_repo.go:255.95,256.52 1 0
github.com/k-ksu/avito-shop/internal/service/mocks/shop_history_repo.go:256.52,258.4 1 0
github.com/k-ksu/avito-shop/internal/service/mocks/shop_history_repo.go:258.9,260.4 1 0
github.com/k-ksu/avito-shop/internal/service/mocks/shop_history_repo.go:263.2,263.76 1 0
github.com/k-ksu/avito-shop/internal/service/mocks/shop_history_repo.go:263.76,265.3 1 0
github.com/k-ksu/avito-shop/internal/service/mocks/shop_history_repo.go:299.136,300.49 1 0
github.com/k-ksu/avito-shop/internal/service/mocks/shop_history_repo.go:300.49,302.3 1 0
github.com/k-ksu/avito-shop/internal/service/mocks/shop_history_repo.go:304.2,304.46 1 0
github.com/k-ksu/avito-shop/internal/service/mocks/shop_history_repo.go:304.46,306.3 1 0
github.com/k-ksu/avito-shop/internal/service/mocks/shop_history_repo.go:308.2,309.48 2 0
github.com/k-ksu/avito-shop/internal/service/mocks/shop_history_repo.go:309.48,310.73 1 0
github.com/k-ksu/avito-shop/internal/service/mocks/shop_history_repo.go:310.73,312.4 1 0
github.com/k-ksu/avito-shop/internal/service/mocks/shop_history_repo.go:315.2,315.23 1 0
github.com/k-ksu/avito-shop/internal/service/mocks/shop_history_repo.go:319.145,320.56 1 0
github.com/k-ksu/avito-shop/internal/service/mocks/shop_history_repo.go:320.56,322.3 1 0
github.com/k-ksu/avito-shop/internal/service/mocks/shop_history_repo.go:324.2,326.23 2 0
github.com/k-ksu/avito-shop/internal/service/mocks/shop_history_repo.go:330.111,331.49 1 0
github.com/k-ksu/avito-shop/internal/service/mocks/shop_history_repo.go:331.49,333.3 1 0
github.com/k-ksu/avito-shop/internal/service/mocks/shop_history_repo.go:335.2,335.46 1 0
github.com/k-ksu/avito-shop/internal/service/mocks/shop_history_repo.go:335.46,337.3 1 0
github.com/k-ksu/avito-shop/internal/service/mocks/shop_history_repo.go:338.2,339.28 2 0
github.com/k-ksu/avito-shop/internal/service/mocks/shop_history_repo.go:343.163,344.46 1 0
github.com/k-ksu/avito-shop/internal/service/mocks/shop_history_repo.go:344.46,346.3 1 0
github.com/k-ksu/avito-shop/internal/service/mocks/shop_history_repo.go:348.2,348.42 1 0
github.com/k-ksu/avito-shop/internal/service/mocks/shop_history_repo.go:348.42,350.3 1 0
github.com/k-ksu/avito-shop/internal/service/mocks/shop_history_repo.go:352.2,353.28 2 0
github.com/k-ksu/avito-shop/internal/service/mocks/shop_history_repo.go:358.144,359.49 1 0
github.com/k-ksu/avito-shop/internal/service/mocks/shop_history_repo.go:359.49,361.3 1 0
github.com/k-ksu/avito-shop/internal/service/mocks/shop_history_repo.go:363.2,368.20 3 0
github.com/k-ksu/avito-shop/internal/service/mocks/shop_history_repo.go:372.106,375.2 2 0
github.com/k-ksu/avito-shop/internal/service/mocks/shop_history_repo.go:378.134,382.51 3 0
github.com/k-ksu/avito-shop/internal/service/mocks/shop_history_repo.go:382.51,384.3 1 0
github.com/k-ksu/avito-shop/internal/service/mocks/shop_history_repo.go:386.2,393.65 5 0
github.com/k-ksu/avito-shop/internal/service/mocks/shop_history_repo.go:393.65,394.42 1 0
github.com/k-ksu/avito-shop/internal/service/mocks/shop_history_repo.go:394.42,397.4 2 0
github.com/k-ksu/avito-shop/internal/service/mocks/shop_history_repo.go:400.2,400.63 1 0
github.com/k-ksu/avito-shop/internal/service/mocks/shop_history_repo.go:400.63,404.58 4 0
github.com/k-ksu/avito-shop/internal/service/mocks/shop_history_repo.go:404.58,406.4 1 0
github.com/k-ksu/avito-shop/internal/service/mocks/shop_history_repo.go:408.3,409.24 2 0
github.com/k-ksu/avito-shop/internal/service/mocks/shop_history_repo.go:409.24,411.4 1 0
github.com/k-ksu/avito-shop/internal/service/mocks/shop_history_repo.go:412.3,412.46 1 0
github.com/k-ksu/avito-shop/internal/service/mocks/shop_history_repo.go:414.2,414.44 1 0
github.com/k-ksu/avito-shop/internal/service/mocks/shop_history_repo.go:414.44,416.3 1 0
github.com/k-ksu/avito-shop/internal/service/mocks/shop_history_repo.go:417.2,418.8 2 0
github.com/k-ksu/avito-shop/internal/service/mocks/shop_history_repo.go:422.74,424.2 1 0
github.com/k-ksu/avito-shop/internal/service/mocks/shop_history_repo.go:427.75,429.2 1 0
github.com/k-ksu/avito-shop/internal/service/mocks/shop_history_repo.go:433.98,442.2 5 0
github.com/k-ksu/avito-shop/internal/service/mocks/shop_history_repo.go:446.59,447.52 1 0
github.com/k-ksu/avito-shop/internal/service/mocks/shop_history_repo.go:447.52,448.43 1 0
github.com/k-ksu/avito-shop/internal/service/mocks/shop_history_repo.go:448.43,450.4 1 0
github.com/k-ksu/avito-shop/internal/service/mocks/shop_history_repo.go:454.2,454.107 1 0
github.com/k-ksu/avito-shop/internal/service/mocks/shop_history_repo.go:454.107,456.3 1 0
github.com/k-ksu/avito-shop/internal/service/mocks/shop_history_repo.go:458.2,458.88 1 0
github.com/k-ksu/avito-shop/internal/service/mocks/shop_history_repo.go:458.88,460.3 1 0
github.com/k-ksu/avito-shop/internal/service/mocks/shop_history_repo.go:461.2,461.13 1 0
github.com/k-ksu/avito-shop/internal/service/mocks/shop_history_repo.go:465.57,466.52 1 0
github.com/k-ksu/avito-shop/internal/service/mocks/shop_history_repo.go:466.52,467.43 1 0
github.com/k-ksu/avito-shop/internal/service/mocks/shop_history_repo.go:467.43,469.4 1 0
github.com/k-ksu/avito-shop/internal/service/mocks/shop_history_repo.go:473.2,473.107 1 0
github.com/k-ksu/avito-shop/internal/service/mocks/shop_history_repo.go:473.107,474.58 1 0
github.com/k-ksu/avito-shop/internal/service/mocks/shop_history_repo.go:474.58,476.4 1 0
github.com/k-ksu/avito-shop/internal/service/mocks/shop_history_repo.go:476.9,478.4 1 0
github.com/k-ksu/avito-shop/internal/service/mocks/shop_history_repo.go:481.2,481.88 1 0
github.com/k-ksu/avito-shop/internal/service/mocks/shop_history_repo.go:481.88,483.3 1 0
github.com/k-ksu/avito-shop/internal/service/mocks/shop_history_repo.go:487.44,488.23 1 0
github.com/k-ksu/avito-shop/internal/service/mocks/shop_history_repo.go:488.23,493.3 3 0
github.com/k-ksu/avito-shop/internal/service/mocks/shop_history_repo.go:497.66,499.6 2 0
github.com/k-ksu/avito-shop/internal/service/mocks/shop_history_repo.go:499.6,500.23 1 0
github.com/k-ksu/avito-shop/internal/service/mocks/shop_history_repo.go:500.23,502.4 1 0
github.com/k-ksu/avito-shop/internal/service/mocks/shop_history_repo.go:503.3,503.10 1 0
github.com/k-ksu/avito-shop/internal/service/mocks/shop_history_repo.go:504.20,506.10 2 0
github.com/k-ksu/avito-shop/internal/service/mocks/shop_history_repo.go:507.50,507.50 0 0
github.com/k-ksu/avito-shop/internal/service/mocks/shop_history_repo.go:512.47,517.2 2 0
github.com/k-ksu/avito-shop/internal/service/mocks/tx_historier.go:42.53,44.55 2 0
github.com/k-ksu/avito-shop/internal/service/mocks/tx_historier.go:44.55,46.3 1 0
github.com/k-ksu/avito-shop/internal/service/mocks/tx_historier.go:48.2,57.10 7 0
github.com/k-ksu/avito-shop/internal/service/mocks/tx_historier.go:90.131,91.37 1 0
github.com/k-ksu/avito-shop/internal/service/mocks/tx_historier.go:91.37,93.3 1 0
github.com/k-ksu/avito-shop/internal/service/mocks/tx_historier.go:95.2,95.40 1 0
github.com/k-ksu/avito-shop/internal/service/mocks/tx_historier.go:95.40,97.3 1 0
github.com/k-ksu/avito-shop/internal/service/mocks/tx_historier.go:99.2,100.42 2 0
github.com/k-ksu/avito-shop/internal/service/mocks/tx_historier.go:100.42,101.67 1 0
github.com/k-ksu/avito-shop/internal/service/mocks/tx_historier.go:101.67,103.4 1 0
github.com/k-ksu/avito-shop/internal/service/mocks/tx_historier.go:106.2,106.17 1 0
github.com/k-ksu/avito-shop/internal/service/mocks/tx_historier.go:110.140,111.44 1 0
github.com/k-ksu/avito-shop/internal/service/mocks/tx_historier.go:111.44,113.3 1 0
github.com/k-ksu/avito-shop/internal/service/mocks/tx_historier.go:115.2,117.17 2 0
github.com/k-ksu/avito-shop/internal/service/mocks/tx_historier.go:121.68,122.37 1 0
github.com/k-ksu/avito-shop/internal/service/mocks/tx_historier.go:122.37,124.3 1 0
github.com/k-ksu/avito-shop/internal/service/mocks/tx_historier.go:126.2,126.40 1 0
github.com/k-ksu/avito-shop/internal/service/mocks/tx_historier.go:126.40,128.3 1 0
github.com/k-ksu/avito-shop/internal/service/mocks/tx_historier.go:129.2,130.22 2 0
github.com/k-ksu/avito-shop/internal/service/mocks/tx_historier.go:134.141,135.40 1 0
github.com/k-ksu/avito-shop/internal/service/mocks/tx_historier.go:135.40,137.3 1 0
github.com/k-ksu/avito-shop/internal/service/mocks/tx_historier.go:139.2,139.36 1 0
github.com/k-ksu/avito-shop/internal/service/mocks/tx_historier.go:139.36,141.3 1 0
github.com/k-ksu/avito-shop/internal/service/mocks/tx_historier.go:143.2,144.22 2 0
github.com/k-ksu/avito-shop/internal/service/mocks/tx_historier.go:149.139,150.37 1 0
github.com/k-ksu/avito-shop/internal/service/mocks/tx_historier.go:150.37,152.3 1 0
github.com/k-ksu/avito-shop/internal/service/mocks/tx_historier.go:154.2,159.20 3 0
github.com/k-ksu/avito-shop/internal/service/mocks/tx_historier.go:163.69,166.2 2 0
github.com/k-ksu/avito-shop/internal/service/mocks/tx_historier.go:169.116,173.39 3 0
github.com/k-ksu/avito-shop/internal/service/mocks/tx_historier.go:173.39,175.3 1 0
github.com/k-ksu/avito-shop/internal/service/mocks/tx_historier.go:177.2,184.53 5 0
github.com/k-ksu/avito-shop/internal/service/mocks/tx_historier.go:184.53,185.42 1 0
github.com/k-ksu/avito-shop/internal/service/mocks/tx_historier.go:185.42,188.4 2 0
github.com/k-ksu/avito-shop/internal/service/mocks/tx_historier.go:191.2,191.51 1 0
github.com/k-ksu/avito-shop/internal/service/mocks/tx_historier.go:191.51,195.58 4 0
github.com/k-ksu/avito-shop/internal/service/mocks/tx_historier.go:195.58,197.4 1 0
github.com/k-ksu/avito-shop/internal/service/mocks/tx_historier.go:199.3,200.24 2 0
github.com/k-ksu/avito-shop/internal/service/mocks/tx_historier.go:200.24,202.4 1 0
github.com/k-ksu/avito-shop/internal/service/mocks/tx_historier.go:203.3,203.27 1 0
github.com/k-ksu/avito-shop/internal/service/mocks/tx_historier.go:205.2,205.32 1 0
github.com/k-ksu/avito-shop/internal/service/mocks/tx_historier.go:205.32,207.3 1 0
github.com/k-ksu/avito-shop/internal/service/mocks/tx_historier.go:208.2,209.8 2 0
github.com/k-ksu/avito-shop/internal/service/mocks/tx_historier.go:213.58,215.2 1 0
github.com/k-ksu/avito-shop/internal/service/mocks/tx_historier.go:218.59,220.2 1 0
github.com/k-ksu/avito-shop/internal/service/mocks/tx_historier.go:224.72,233.2 5 0
github.com/k-ksu/avito-shop/internal/service/mocks/tx_historier.go:237.49,238.46 1 0
github.com/k-ksu/avito-shop/internal/service/mocks/tx_historier.go:238.46,239.43 1 0
github.com/k-ksu/avito-shop/internal/service/mocks/tx_historier.go:239.43,241.4 1 0
github.com/k-ksu/avito-shop/internal/service/mocks/tx_historier.go:245.2,245.95 1 0
github.com/k-ksu/avito-shop/internal/service/mocks/tx_historier.go:245.95,247.3 1 0
github.com/k-ksu/avito-shop/internal/service/mocks/tx_historier.go:249.2,249.76 1 0
github.com/k-ksu/avito-shop/internal/service/mocks/tx_historier.go:249.76,251.3 1 0
github.com/k-ksu/avito-shop/internal/service/mocks/tx_historier.go:252.2,252.13 1 0
github.com/k-ksu/avito-shop/internal/service/mocks/tx_historier.go:256.47,257.46 1 0
github.com/k-ksu/avito-shop/internal/service/mocks/tx_historier.go:257.46,258.43 1 0
github.com/k-ksu/avito-shop/internal/service/mocks/tx_historier.go:258.43,260.4 1 0
github.com/k-ksu/avito-shop/internal/service/mocks/tx_historier.go:264.2,264.95 1 0
github.com/k-ksu/avito-shop/internal/service/mocks/tx_historier.go:264.95,265.52 1 0
github.com/k-ksu/avito-shop/internal/service/mocks/tx_historier.go:265.52,267.4 1 0
github.com/k-ksu/avito-shop/internal/service/mocks/tx_historier.go:267.9,269.4 1 0
github.com/k-ksu/avito-shop/internal/service/mocks/tx_historier.go:272.2,272.76 1 0
github.com/k-ksu/avito-shop/internal/service/mocks/tx_historier.go:272.76,274.3 1 0
github.com/k-ksu/avito-shop/internal/service/mocks/tx_historier.go:308.126,309.45 1 0
github.com/k-ksu/avito-shop/internal/service/mocks/tx_historier.go:309.45,311.3 1 0
github.com/k-ksu/avito-shop/internal/service/mocks/tx_historier.go:313.2,313.44 1 0
github.com/k-ksu/avito-shop/internal/service/mocks/tx_historier.go:313.44,315.3 1 0
github.com/k-ksu/avito-shop/internal/service/mocks/tx_historier.go:317.2,318.46 2 0
github.com/k-ksu/avito-shop/internal/service/mocks/tx_historier.go:318.46,319.71 1 0
github.com/k-ksu/avito-shop/internal/service/mocks/tx_historier.go:319.71,321.4 1 0
github.com/k-ksu/avito-shop/internal/service/mocks/tx_historier.go:324.2,324.21 1 0
github.com/k-ksu/avito-shop/internal/service/mocks/tx_historier.go:328.135,329.52 1 0
github.com/k-ksu/avito-shop/internal/service/mocks/tx_historier.go:329.52,331.3 1 0
github.com/k-ksu/avito-shop/internal/service/mocks/tx_historier.go:333.2,335.21 2 0
github.com/k-ksu/avito-shop/internal/service/mocks/tx_historier.go:339.99,340.45 1 0
github.com/k-ksu/avito-shop/internal/service/mocks/tx_historier.go:340.45,342.3 1 0
github.com/k-ksu/avito-shop/internal/service/mocks/tx_historier.go:344.2,344.44 1 0
github.com/k-ksu/avito-shop/internal/service/mocks/tx_historier.go:344.44,346.3 1 0
github.com/k-ksu/avito-shop/internal/service/mocks/tx_historier.go:347.2,348.26 2 0
github.com/k-ksu/avito-shop/internal/service/mocks/tx_historier.go:352.155,353.44 1 0
github.com/k-ksu/avito-shop/internal/service/mocks/tx_historier.go:353.44,355.3 1 0
github.com/k-ksu/avito-shop/internal/service/mocks/tx_historier.go:357.2,357.40 1 0
github.com/k-ksu/avito-shop/internal/service/mocks/tx_historier.go:357.40,359.3 1 0
github.com/k-ksu/avito-shop/internal/service/mocks/tx_historier.go:361.2,362.26 2 0
github.com/k-ksu/avito-shop/internal/service/mocks/tx_historier.go:367.134,368.45 1 0
github.com/k-ksu/avito-shop/internal/service/mocks/tx_historier.go:368.45,370.3 1 0
github.com/k-ksu/avito-shop/internal/service/mocks/tx_historier.go:372.2,377.20 3 0
github.com/k-ksu/avito-shop/internal/service/mocks/tx_historier.go:381.96,384.2 2 0
github.com/k-ksu/avito-shop/internal/service/mocks/tx_historier.go:387.130,391.47 3 0
github.com/k-ksu/avito-shop/internal/service/mocks/tx_historier.go:391.47,393.3 1 0
github.com/k-ksu/avito-shop/internal/service/mocks/tx_historier.go:395.2,402.61 5 0
github.com/k-ksu/avito-shop/internal/service/mocks/tx_historier.go:402.61,403.42 1 0
github.com/k-ksu/avito-shop/internal/service/mocks/tx_historier.go:403.42,406.4 2 0
github.com/k-ksu/avito-shop/internal/service/mocks/tx_historier.go:409.2,409.59 1 0
github.com/k-ksu/avito-shop/internal/service/mocks/tx_historier.go:409.59,413.58 4 0
github.com/k-ksu/avito-shop/internal/service/mocks/tx_historier.go:413.58,415.4 1 0
github.com/k-ksu/avito-shop/internal/service/mocks/tx_historier.go:417.3,418.24 2 0
github.com/k-ksu/avito-shop/internal/service/mocks/tx_historier.go:418.24,420.4 1 0
github.com/k-ksu/avito-shop/internal/service/mocks/tx_historier.go:421.3,421.46 1 0
github.com/k-ksu/avito-shop/internal/service/mocks/tx_historier.go:423.2,423.40 1 0
github.com/k-ksu/avito-shop/internal/service/mocks/tx_historier.go:423.40,425.3 1 0
github.com/k-ksu/avito-shop/internal/service/mocks/tx_historier.go:426.2,427.8 2 0
github.com/k-ksu/avito-shop/internal/service/mocks/tx_historier.go:431.66,433.2 1 0
github.com/k-ksu/avito-shop/internal/service/mocks/tx_historier.go:436.67,438.2 1 0
github.com/k-ksu/avito-shop/internal/service/mocks/tx_historier.go:442.84,451.2 5 0
github.com/k-ksu/avito-shop/internal/service/mocks/tx_historier.go:455.53,456.50 1 0
github.com/k-ksu/avito-shop/internal/service/mocks/tx_historier.go:456.50,457.43 1 0
github.com/k-ksu/avito-shop/internal/service/mocks/tx_historier.go:457.43,459.4 1 0
github.com/k-ksu/avito-shop/internal/service/mocks/tx_historier.go:463.2,463.103 1 0
github.com/k-ksu/avito-shop/internal/service/mocks/tx_historier.go:463.103,465.3 1 0
github.com/k-ksu/avito-shop/internal/service/mocks/tx_historier.go:467.2,467.84 1 0
github.com/k-ksu/avito-shop/internal/service/mocks/tx_historier.go:467.84,469.3 1 0
github.com/k-ksu/avito-shop/internal/service/mocks/tx_historier.go:470.2,470.13 1 0
github.com/k-ksu/avito-shop/internal/service/mocks/tx_historier.go:474.51,475.50 1 0
github.com/k-ksu/avito-shop/internal/service/mocks/tx_historier.go:475.50,476.43 1 0
github.com/k-ksu/avito-shop/internal/service/mocks/tx_historier.go:476.43,478.4 1 0
github.com/k-ksu/avito-shop/internal/service/mocks/tx_historier.go:482.2,482.103 1 0
github.com/k-ksu/avito-shop/internal/service/mocks/tx_historier.go:482.103,483.56 1 0
github.com/k-ksu/avito-shop/internal/service/mocks/tx_historier.go:483.56,485.4 1 0
github.com/k-ksu/avito-shop/internal/service/mocks/tx_historier.go:485.9,487.4 1 0
github.com/k-ksu/avito-shop/internal/service/mocks/tx_historier.go:490.2,490.84 1 0
github.com/k-ksu/avito-shop/internal/service/mocks/tx_historier.go:490.84,492.3 1 0
github.com/k-ksu/avito-shop/internal/service/mocks/tx_historier.go:526.118,527.41 1 0
github.com/k-ksu/avito-shop/internal/service/mocks/tx_historier.go:527.41,529.3 1 0
github.com/k-ksu/avito-shop/internal/service/mocks/tx_historier.go:531.2,531.42 1 0
github.com/k-ksu/avito-shop/internal/service/mocks/tx_historier.go:531.42,533.3 1 0
github.com/k-ksu/avito-shop/internal/service/mocks/tx_historier.go:535.2,536.44 2 0
github.com/k-ksu/avito-shop/internal/service/mocks/tx_historier.go:536.44,537.69 1 0
github.com/k-ksu/avito-shop/internal/service/mocks/tx_historier.go:537.69,539.4 1 0
github.com/k-ksu/avito-shop/internal/service/mocks/tx_historier.go:542.2,542.19 1 0
github.com/k-ksu/avito-shop/internal/service/mocks/tx_historier.go:546.127,547.48 1 0
github.com/k-ksu/avito-shop/internal/service/mocks/tx_historier.go:547.48,549.3 1 0
github.com/k-ksu/avito-shop/internal/service/mocks/tx_historier.go:551.2,553.19 2 0
github.com/k-ksu/avito-shop/internal/service/mocks/tx_historier.go:557.99,558.41 1 0
github.com/k-ksu/avito-shop/internal/service/mocks/tx_historier.go:558.41,560.3 1 0
github.com/k-ksu/avito-shop/internal/service/mocks/tx_historier.go:562.2,562.42 1 0
github.com/k-ksu/avito-shop/internal/service/mocks/tx_historier.go:562.42,564.3 1 0
github.com/k-ksu/avito-shop/internal/service/mocks/tx_historier.go:565.2,566.24 2 0
github.com/k-ksu/avito-shop/internal/service/mocks/tx_historier.go:570.153,571.42 1 0
github.com/k-ksu/avito-shop/internal/service/mocks/tx_historier.go:571.42,573.3 1 0
github.com/k-ksu/avito-shop/internal/service/mocks/tx_historier.go:575.2,575.38 1 0
github.com/k-ksu/avito-shop/internal/service/mocks/tx_historier.go:575.38,577.3 1 0
github.com/k-ksu/avito-shop/internal/service/mocks/tx_historier.go:579.2,580.24 2 0
github.com/k-ksu/avito-shop/internal/service/mocks/tx_historier.go:585.126,586.41 1 0
github.com/k-ksu/avito-shop/internal/service/mocks/tx_historier.go:586.41,588.3 1 0
github.com/k-ksu/avito-shop/internal/service/mocks/tx_historier.go:590.2,595.20 3 0
github.com/k-ksu/avito-shop/internal/service/mocks/tx_historier.go:599.98,602.2 2 0
github.com/k-ksu/avito-shop/internal/service/mocks/tx_historier.go:605.128,609.43 3 0
github.com/k-ksu/avito-shop/internal/service/mocks/tx_historier.go:609.43,611.3 1 0
github.com/k-ksu/avito-shop/internal/service/mocks/tx_historier.go:613.2,620.57 5 0
github.com/k-ksu/avito-shop/internal/service/mocks/tx_historier.go:620.57,621.42 1 0
github.com/k-ksu/avito-shop/internal/service/mocks/tx_historier.go:621.42,624.4 2 0
github.com/k-ksu/avito-shop/internal/service/mocks/tx_historier.go:627.2,627.55 1 0
github.com/k-ksu/avito-shop/internal/service/mocks/tx_historier.go:627.55,631.58 4 0
github.com/k-ksu/avito-shop/internal/service/mocks/tx_historier.go:631.58,633.4 1 0
github.com/k-ksu/avito-shop/internal/service/mocks/tx_historier.go:635.3,636.24 2 0
github.com/k-ksu/avito-shop/internal/service/mocks/tx_historier.go:636.24,638.4 1 0
github.com/k-ksu/avito-shop/internal/service/mocks/tx_historier.go:639.3,639.46 1 0
github.com/k-ksu/avito-shop/internal/service/mocks/tx_historier.go:641.2,641.36 1 0
github.com/k-ksu/avito-shop/internal/service/mocks/tx_historier.go:641.36,643.3 1 0
github.com/k-ksu/avito-shop/internal/service/mocks/tx_historier.go:644.2,645.8 2 0
github.com/k-ksu/avito-shop/internal/service/mocks/tx_historier.go:649.62,651.2 1 0
github.com/k-ksu/avito-shop/internal/service/mocks/tx_historier.go:654.63,656.2 1 0
github.com/k-ksu/avito-shop/internal/service/mocks/tx_historier.go:660.78,669.2 5 0
github.com/k-ksu/avito-shop/internal/service/mocks/tx_historier.go:673.51,674.48 1 0
github.com/k-ksu/avito-shop/internal/service/mocks/tx_historier.go:674.48,675.43 1 0
github.com/k-ksu/avito-shop/internal/service/mocks/tx_historier.go:675.43,677.4 1 0
github.com/k-ksu/avito-shop/internal/service/mocks/tx_historier.go:681.2,681.99 1 0
github.com/k-ksu/avito-shop/internal/service/mocks/tx_historier.go:681.99,683.3 1 0
github.com/k-ksu/avito-shop/internal/service/mocks/tx_historier.go:685.2,685.80 1 0
github.com/k-ksu/avito-shop/internal/service/mocks/tx_historier.go:685.80,687.3 1 0
github.com/k-ksu/avito-shop/internal/service/mocks/tx_historier.go:688.2,688.13 1 0
github.com/k-ksu/avito-shop/internal/service/mocks/tx_historier.go:692.49,693.48 1 0
github.com/k-ksu/avito-shop/internal/service/mocks/tx_historier.go:693.48,694.43 1 0
github.com/k-ksu/avito-shop/internal/service/mocks/tx_historier.go:694.43,696.4 1 0
github.com/k-ksu/avito-shop/internal/service/mocks/tx_historier.go:700.2,700.99 1 0
github.com/k-ksu/avito-shop/internal/service/mocks/tx_historier.go:700.99,701.54 1 0
github.com/k-ksu/avito-shop/internal/service/mocks/tx_historier.go:701.54,703.4 1 0
github.com/k-ksu/avito-shop/internal/service/mocks/tx_historier.go:703.9,705.4 1 0
github.com/k-ksu/avito-shop/internal/service/mocks/tx_historier.go:708.2,708.80 1 0
github.com/k-ksu/avito-shop/internal/service/mocks/tx_historier.go:708.80,710.3 1 0
github.com/k-ksu/avito-shop/internal/service/mocks/tx_historier.go:714.40,715.23 1 0
github.com/k-ksu/avito-shop/internal/service/mocks/tx_historier.go:715.23,722.3 4 0
github.com/k-ksu/avito-shop/internal/service/mocks/tx_historier.go:726.62,728.6 2 0
github.com/k-ksu/avito-shop/internal/service/mocks/tx_historier.go:728.6,729.23 1 0
github.com/k-ksu/avito-shop/internal/service/mocks/tx_historier.go:729.23,731.4 1 0
github.com/k-ksu/avito-shop/internal/service/mocks/tx_historier.go:732.3,732.10 1 0
github.com/k-ksu/avito-shop/internal/service/mocks/tx_historier.go:733.20,735.10 2 0
github.com/k-ksu/avito-shop/internal/service/mocks/tx_historier.go:736.50,736.50 0 0
github.com/k-ksu/avito-shop/internal/service/mocks/tx_historier.go:741.43,747.2 2 0
github.com/k-ksu/avito-shop/internal/service/mocks/txwrapper_mock.go:10.40,12.2 1 0
github.com/k-ksu/avito-shop/internal/service/mocks/txwrapper_mock.go:14.94,15.35 1 0
github.com/k-ksu/avito-shop/internal/service/mocks/txwrapper_mock.go:15.35,16.38 1 0
github.com/k-ksu/avito-shop/internal/service/mocks/txwrapper_mock.go:16.38,18.4 1 0
github.com/k-ksu/avito-shop/internal/service/mocks/txwrapper_mock.go:21.2,21.12 1 0
github.com/k-ksu/avito-shop/internal/service/mocks/users_repo.go:54.49,56.55 2 0
github.com/k-ksu/avito-shop/internal/service/mocks/users_repo.go:56.55,58.3 1 0
github.com/k-ksu/avito-shop/internal/service/mocks/users_repo.go:60.2,75.10 11 0
github.com/k-ksu/avito-shop/internal/service/mocks/users_repo.go:109.119,110.45 1 0
github.com/k-ksu/avito-shop/internal/service/mocks/users_repo.go:110.45,112.3 1 0
github.com/k-ksu/avito-shop/internal/service/mocks/users_repo.go:114.2,114.44 1 0
github.com/k-ksu/avito-shop/internal/service/mocks/users_repo.go:114.44,116.3 1 0
github.com/k-ksu/avito-shop/internal/service/mocks/users_repo.go:118.2,119.46 2 0
github.com/k-ksu/avito-shop/internal/service/mocks/users_repo.go:119.46,120.71 1 0
github.com/k-ksu/avito-shop/internal/service/mocks/users_repo.go:120.71,122.4 1 0
github.com/k-ksu/avito-shop/internal/service/mocks/users_repo.go:125.2,125.21 1 0
github.com/k-ksu/avito-shop/internal/service/mocks/users_repo.go:129.128,130.52 1 0
github.com/k-ksu/avito-shop/internal/service/mocks/users_repo.go:130.52,132.3 1 0
github.com/k-ksu/avito-shop/internal/service/mocks/users_repo.go:134.2,136.21 2 0
github.com/k-ksu/avito-shop/internal/service/mocks/users_repo.go:140.87,141.45 1 0
github.com/k-ksu/avito-shop/internal/service/mocks/users_repo.go:141.45,143.3 1 0
github.com/k-ksu/avito-shop/internal/service/mocks/users_repo.go:145.2,145.44 1 0
github.com/k-ksu/avito-shop/internal/service/mocks/users_repo.go:145.44,147.3 1 0
github.com/k-ksu/avito-shop/internal/service/mocks/users_repo.go:148.2,149.26 2 0
github.com/k-ksu/avito-shop/internal/service/mocks/users_repo.go:153.140,154.44 1 0
github.com/k-ksu/avito-shop/internal/service/mocks/users_repo.go:154.44,156.3 1 0
github.com/k-ksu/avito-shop/internal/service/mocks/users_repo.go:158.2,158.40 1 0
github.com/k-ksu/avito-shop/internal/service/mocks/users_repo.go:158.40,160.3 1 0
github.com/k-ksu/avito-shop/internal/service/mocks/users_repo.go:162.2,163.26 2 0
github.com/k-ksu/avito-shop/internal/service/mocks/users_repo.go:168.127,169.45 1 0
github.com/k-ksu/avito-shop/internal/service/mocks/users_repo.go:169.45,171.3 1 0
github.com/k-ksu/avito-shop/internal/service/mocks/users_repo.go:173.2,178.20 3 0
github.com/k-ksu/avito-shop/internal/service/mocks/users_repo.go:182.84,185.2 2 0
github.com/k-ksu/avito-shop/internal/service/mocks/users_repo.go:188.117,192.47 3 0
github.com/k-ksu/avito-shop/internal/service/mocks/users_repo.go:192.47,194.3 1 0
github.com/k-ksu/avito-shop/internal/service/mocks/users_repo.go:196.2,203.61 5 0
github.com/k-ksu/avito-shop/internal/service/mocks/users_repo.go:203.61,204.42 1 0
github.com/k-ksu/avito-shop/internal/service/mocks/users_repo.go:204.42,207.4 2 0
github.com/k-ksu/avito-shop/internal/service/mocks/users_repo.go:210.2,210.59 1 0
github.com/k-ksu/avito-shop/internal/service/mocks/users_repo.go:210.59,214.58 4 0
github.com/k-ksu/avito-shop/internal/service/mocks/users_repo.go:214.58,216.4 1 0
github.com/k-ksu/avito-shop/internal/service/mocks/users_repo.go:218.3,219.24 2 0
github.com/k-ksu/avito-shop/internal/service/mocks/users_repo.go:219.24,221.4 1 0
github.com/k-ksu/avito-shop/internal/service/mocks/users_repo.go:222.3,222.45 1 0
github.com/k-ksu/avito-shop/internal/service/mocks/users_repo.go:224.2,224.40 1 0
github.com/k-ksu/avito-shop/internal/service/mocks/users_repo.go:224.40,226.3 1 0
github.com/k-ksu/avito-shop/internal/service/mocks/users_repo.go:227.2,228.8 2 0
github.com/k-ksu/avito-shop/internal/service/mocks/users_repo.go:232.64,234.2 1 0
github.com/k-ksu/avito-shop/internal/service/mocks/users_repo.go:237.65,239.2 1 0
github.com/k-ksu/avito-shop/internal/service/mocks/users_repo.go:243.80,252.2 5 0
github.com/k-ksu/avito-shop/internal/service/mocks/users_repo.go:256.51,257.50 1 0
github.com/k-ksu/avito-shop/internal/service/mocks/users_repo.go:257.50,258.43 1 0
github.com/k-ksu/avito-shop/internal/service/mocks/users_repo.go:258.43,260.4 1 0
github.com/k-ksu/avito-shop/internal/service/mocks/users_repo.go:264.2,264.103 1 0
github.com/k-ksu/avito-shop/internal/service/mocks/users_repo.go:264.103,266.3 1 0
github.com/k-ksu/avito-shop/internal/service/mocks/users_repo.go:268.2,268.84 1 0
github.com/k-ksu/avito-shop/internal/service/mocks/users_repo.go:268.84,270.3 1 0
github.com/k-ksu/avito-shop/internal/service/mocks/users_repo.go:271.2,271.13 1 0
github.com/k-ksu/avito-shop/internal/service/mocks/users_repo.go:275.49,276.50 1 0
github.com/k-ksu/avito-shop/internal/service/mocks/users_repo.go:276.50,277.43 1 0
github.com/k-ksu/avito-shop/internal/service/mocks/users_repo.go:277.43,279.4 1 0
github.com/k-ksu/avito-shop/internal/service/mocks/users_repo.go:283.2,283.103 1 0
github.com/k-ksu/avito-shop/internal/service/mocks/users_repo.go:283.103,284.56 1 0
github.com/k-ksu/avito-shop/internal/service/mocks/users_repo.go:284.56,286.4 1 0
github.com/k-ksu/avito-shop/internal/service/mocks/users_repo.go:286.9,288.4 1 0
github.com/k-ksu/avito-shop/internal/service/mocks/users_repo.go:291.2,291.84 1 0
github.com/k-ksu/avito-shop/internal/service/mocks/users_repo.go:291.84,293.3 1 0
github.com/k-ksu/avito-shop/internal/service/mocks/users_repo.go:326.125,327.43 1 0
github.com/k-ksu/avito-shop/internal/service/mocks/users_repo.go:327.43,329.3 1 0
github.com/k-ksu/avito-shop/internal/service/mocks/users_repo.go:331.2,331.43 1 0
github.com/k-ksu/avito-shop/internal/service/mocks/users_repo.go:331.43,333.3 1 0
github.com/k-ksu/avito-shop/internal/service/mocks/users_repo.go:335.2,336.45 2 0
github.com/k-ksu/avito-shop/internal/service/mocks/users_repo.go:336.45,337.70 1 0
github.com/k-ksu/avito-shop/internal/service/mocks/users_repo.go:337.70,339.4 1 0
github.com/k-ksu/avito-shop/internal/service/mocks/users_repo.go:342.2,342.20 1 0
github.com/k-ksu/avito-shop/internal/service/mocks/users_repo.go:346.134,347.50 1 0
github.com/k-ksu/avito-shop/internal/service/mocks/users_repo.go:347.50,349.3 1 0
github.com/k-ksu/avito-shop/internal/service/mocks/users_repo.go:351.2,353.20 2 0
github.com/k-ksu/avito-shop/internal/service/mocks/users_repo.go:357.70,358.43 1 0
github.com/k-ksu/avito-shop/internal/service/mocks/users_repo.go:358.43,360.3 1 0
github.com/k-ksu/avito-shop/internal/service/mocks/users_repo.go:362.2,362.43 1 0
github.com/k-ksu/avito-shop/internal/service/mocks/users_repo.go:362.43,364.3 1 0
github.com/k-ksu/avito-shop/internal/service/mocks/users_repo.go:365.2,366.25 2 0
github.com/k-ksu/avito-shop/internal/service/mocks/users_repo.go:370.132,371.43 1 0
github.com/k-ksu/avito-shop/internal/service/mocks/users_repo.go:371.43,373.3 1 0
github.com/k-ksu/avito-shop/internal/service/mocks/users_repo.go:375.2,375.39 1 0
github.com/k-ksu/avito-shop/internal/service/mocks/users_repo.go:375.39,377.3 1 0
github.com/k-ksu/avito-shop/internal/service/mocks/users_repo.go:379.2,380.25 2 0
github.com/k-ksu/avito-shop/internal/service/mocks/users_repo.go:385.133,386.43 1 0
github.com/k-ksu/avito-shop/internal/service/mocks/users_repo.go:386.43,388.3 1 0
github.com/k-ksu/avito-shop/internal/service/mocks/users_repo.go:390.2,395.20 3 0
github.com/k-ksu/avito-shop/internal/service/mocks/users_repo.go:399.68,402.2 2 0
github.com/k-ksu/avito-shop/internal/service/mocks/users_repo.go:405.109,409.45 3 0
github.com/k-ksu/avito-shop/internal/service/mocks/users_repo.go:409.45,411.3 1 0
github.com/k-ksu/avito-shop/internal/service/mocks/users_repo.go:413.2,420.59 5 0
github.com/k-ksu/avito-shop/internal/service/mocks/users_repo.go:420.59,421.42 1 0
github.com/k-ksu/avito-shop/internal/service/mocks/users_repo.go:421.42,424.4 2 0
github.com/k-ksu/avito-shop/internal/service/mocks/users_repo.go:427.2,427.57 1 0
github.com/k-ksu/avito-shop/internal/service/mocks/users_repo.go:427.57,431.58 4 0
github.com/k-ksu/avito-shop/internal/service/mocks/users_repo.go:431.58,433.4 1 0
github.com/k-ksu/avito-shop/internal/service/mocks/users_repo.go:435.3,436.24 2 0
github.com/k-ksu/avito-shop/internal/service/mocks/users_repo.go:436.24,438.4 1 0
github.com/k-ksu/avito-shop/internal/service/mocks/users_repo.go:439.3,439.27 1 0
github.com/k-ksu/avito-shop/internal/service/mocks/users_repo.go:441.2,441.38 1 0
github.com/k-ksu/avito-shop/internal/service/mocks/users_repo.go:441.38,443.3 1 0
github.com/k-ksu/avito-shop/internal/service/mocks/users_repo.go:444.2,445.8 2 0
github.com/k-ksu/avito-shop/internal/service/mocks/users_repo.go:449.62,451.2 1 0
github.com/k-ksu/avito-shop/internal/service/mocks/users_repo.go:454.63,456.2 1 0
github.com/k-ksu/avito-shop/internal/service/mocks/users_repo.go:460.77,469.2 5 0
[...]
github.com/k-ksu/avito-shop/internal/service/mocks/users_repo.go:399.68,402.2 2 0
github.com/k-ksu/avito-shop/internal/service/mocks/users_repo.go:405.109,409.45 3 0
github.com/k-ksu/avito-shop/internal/service/mocks/users_repo.go:409.45,411.3 1 0
github.com/k-ksu/avito-shop/internal/service/mocks/users_repo.go:413.2,420.59 5 0
github.com/k-ksu/avito-shop/internal/service/mocks/users_repo.go:420.59,421.42 1 0
github.com/k-ksu/avito-shop/internal/service/mocks/users_repo.go:421.42,424.4 2 0
github.com/k-ksu/avito-shop/internal/service/mocks/users_repo.go:427.2,427.57 1 0
github.com/k-ksu/avito-shop/internal/service/mocks/users_repo.go:427.57,431.58 4 0
github.com/k-ksu/avito-shop/internal/service/mocks/users_repo.go:431.58,433.4 1 0
github.com/k-ksu/avito-shop/internal/service/mocks/users_repo.go:435.3,436.24 2 0
github.com/k-ksu/avito-shop/internal/service/mocks/users_repo.go:436.24,438.4 1 0
github.com/k-ksu/avito-shop/internal/service/mocks/users_repo.go:439.3,439.27 1 0
github.com/k-ksu/avito-shop/internal/service/mocks/users_repo.go:441.2,441.38 1 0
github.com/k-ksu/avito-shop/internal/service/mocks/users_repo.go:441.38,443.3 1 0
github.com/k-ksu/avito-shop/internal/service/mocks/users_repo.go:444.2,445.8 2 0
github.com/k-ksu/avito-shop/internal/service/mocks/users_repo.go:449.62,451.2 1 0
github.com/k-ksu/avito-shop/internal/service/mocks/users_repo.go:454.63,456.2 1 0
github.com/k-ksu/avito-shop/internal/service/mocks/users_repo.go:460.77,469.2 5 0
github.com/k-ksu/avito-shop/internal/service/mocks/users_repo.go:473.50,474.49 1 0
github.com/k-ksu/avito-shop/internal/service/mocks/users_repo.go:474.49,475.43 1 0
github.com/k-ksu/avito-shop/internal/service/mocks/users_repo.go:475.43,477.4 1 0
github.com/k-ksu/avito-shop/internal/service/mocks/users_repo.go:481.2,481.101 1 0
github.com/k-ksu/avito-shop/internal/service/mocks/users_repo.go:481.101,483.3 1 0
github.com/k-ksu/avito-shop/internal/service/mocks/users_repo.go:485.2,485.82 1 0
github.com/k-ksu/avito-shop/internal/service/mocks/users_repo.go:485.82,487.3 1 0
github.com/k-ksu/avito-shop/internal/service/mocks/users_repo.go:488.2,488.13 1 0
github.com/k-ksu/avito-shop/internal/service/mocks/users_repo.go:492.48,493.49 1 0
github.com/k-ksu/avito-shop/internal/service/mocks/users_repo.go:493.49,494.43 1 0
github.com/k-ksu/avito-shop/internal/service/mocks/users_repo.go:494.43,496.4 1 0
github.com/k-ksu/avito-shop/internal/service/mocks/users_repo.go:500.2,500.101 1 0
github.com/k-ksu/avito-shop/internal/service/mocks/users_repo.go:500.101,501.55 1 0
github.com/k-ksu/avito-shop/internal/service/mocks/users_repo.go:501.55,503.4 1 0
github.com/k-ksu/avito-shop/internal/service/mocks/users_repo.go:503.9,505.4 1 0
github.com/k-ksu/avito-shop/internal/service/mocks/users_repo.go:508.2,508.82 1 0
github.com/k-ksu/avito-shop/internal/service/mocks/users_repo.go:508.82,510.3 1 0
github.com/k-ksu/avito-shop/internal/service/mocks/users_repo.go:543.131,544.47 1 0
github.com/k-ksu/avito-shop/internal/service/mocks/users_repo.go:544.47,546.3 1 0
github.com/k-ksu/avito-shop/internal/service/mocks/users_repo.go:548.2,548.45 1 0
github.com/k-ksu/avito-shop/internal/service/mocks/users_repo.go:548.45,550.3 1 0
github.com/k-ksu/avito-shop/internal/service/mocks/users_repo.go:552.2,553.47 2 0
github.com/k-ksu/avito-shop/internal/service/mocks/users_repo.go:553.47,554.72 1 0
github.com/k-ksu/avito-shop/internal/service/mocks/users_repo.go:554.72,556.4 1 0
github.com/k-ksu/avito-shop/internal/service/mocks/users_repo.go:559.2,559.22 1 0
github.com/k-ksu/avito-shop/internal/service/mocks/users_repo.go:563.140,564.54 1 0
github.com/k-ksu/avito-shop/internal/service/mocks/users_repo.go:564.54,566.3 1 0
github.com/k-ksu/avito-shop/internal/service/mocks/users_repo.go:568.2,570.22 2 0
github.com/k-ksu/avito-shop/internal/service/mocks/users_repo.go:574.74,575.47 1 0
github.com/k-ksu/avito-shop/internal/service/mocks/users_repo.go:575.47,577.3 1 0
github.com/k-ksu/avito-shop/internal/service/mocks/users_repo.go:579.2,579.45 1 0
github.com/k-ksu/avito-shop/internal/service/mocks/users_repo.go:579.45,581.3 1 0
github.com/k-ksu/avito-shop/internal/service/mocks/users_repo.go:582.2,583.27 2 0
github.com/k-ksu/avito-shop/internal/service/mocks/users_repo.go:587.136,588.45 1 0
github.com/k-ksu/avito-shop/internal/service/mocks/users_repo.go:588.45,590.3 1 0
github.com/k-ksu/avito-shop/internal/service/mocks/users_repo.go:592.2,592.41 1 0
github.com/k-ksu/avito-shop/internal/service/mocks/users_repo.go:592.41,594.3 1 0
github.com/k-ksu/avito-shop/internal/service/mocks/users_repo.go:596.2,597.27 2 0
github.com/k-ksu/avito-shop/internal/service/mocks/users_repo.go:602.139,603.47 1 0
github.com/k-ksu/avito-shop/internal/service/mocks/users_repo.go:603.47,605.3 1 0
github.com/k-ksu/avito-shop/internal/service/mocks/users_repo.go:607.2,612.20 3 0
github.com/k-ksu/avito-shop/internal/service/mocks/users_repo.go:616.70,619.2 2 0
github.com/k-ksu/avito-shop/internal/service/mocks/users_repo.go:622.113,626.49 3 0
github.com/k-ksu/avito-shop/internal/service/mocks/users_repo.go:626.49,628.3 1 0
github.com/k-ksu/avito-shop/internal/service/mocks/users_repo.go:630.2,637.63 5 0
github.com/k-ksu/avito-shop/internal/service/mocks/users_repo.go:637.63,638.42 1 0
github.com/k-ksu/avito-shop/internal/service/mocks/users_repo.go:638.42,641.4 2 0
github.com/k-ksu/avito-shop/internal/service/mocks/users_repo.go:644.2,644.61 1 0
github.com/k-ksu/avito-shop/internal/service/mocks/users_repo.go:644.61,648.58 4 0
github.com/k-ksu/avito-shop/internal/service/mocks/users_repo.go:648.58,650.4 1 0
github.com/k-ksu/avito-shop/internal/service/mocks/users_repo.go:652.3,653.24 2 0
github.com/k-ksu/avito-shop/internal/service/mocks/users_repo.go:653.24,655.4 1 0
github.com/k-ksu/avito-shop/internal/service/mocks/users_repo.go:656.3,656.27 1 0
github.com/k-ksu/avito-shop/internal/service/mocks/users_repo.go:658.2,658.42 1 0
github.com/k-ksu/avito-shop/internal/service/mocks/users_repo.go:658.42,660.3 1 0
github.com/k-ksu/avito-shop/internal/service/mocks/users_repo.go:661.2,662.8 2 0
github.com/k-ksu/avito-shop/internal/service/mocks/users_repo.go:666.66,668.2 1 0
github.com/k-ksu/avito-shop/internal/service/mocks/users_repo.go:671.67,673.2 1 0
github.com/k-ksu/avito-shop/internal/service/mocks/users_repo.go:677.83,686.2 5 0
github.com/k-ksu/avito-shop/internal/service/mocks/users_repo.go:690.52,691.51 1 0
github.com/k-ksu/avito-shop/internal/service/mocks/users_repo.go:691.51,692.43 1 0
github.com/k-ksu/avito-shop/internal/service/mocks/users_repo.go:692.43,694.4 1 0
github.com/k-ksu/avito-shop/internal/service/mocks/users_repo.go:698.2,698.105 1 0
github.com/k-ksu/avito-shop/internal/service/mocks/users_repo.go:698.105,700.3 1 0
github.com/k-ksu/avito-shop/internal/service/mocks/users_repo.go:702.2,702.86 1 0
github.com/k-ksu/avito-shop/internal/service/mocks/users_repo.go:702.86,704.3 1 0
github.com/k-ksu/avito-shop/internal/service/mocks/users_repo.go:705.2,705.13 1 0
github.com/k-ksu/avito-shop/internal/service/mocks/users_repo.go:709.50,710.51 1 0
github.com/k-ksu/avito-shop/internal/service/mocks/users_repo.go:710.51,711.43 1 0
github.com/k-ksu/avito-shop/internal/service/mocks/users_repo.go:711.43,713.4 1 0
github.com/k-ksu/avito-shop/internal/service/mocks/users_repo.go:717.2,717.105 1 0
github.com/k-ksu/avito-shop/internal/service/mocks/users_repo.go:717.105,718.57 1 0
github.com/k-ksu/avito-shop/internal/service/mocks/users_repo.go:718.57,720.4 1 0
github.com/k-ksu/avito-shop/internal/service/mocks/users_repo.go:720.9,722.4 1 0
github.com/k-ksu/avito-shop/internal/service/mocks/users_repo.go:725.2,725.86 1 0
github.com/k-ksu/avito-shop/internal/service/mocks/users_repo.go:725.86,727.3 1 0
github.com/k-ksu/avito-shop/internal/service/mocks/users_repo.go:760.106,761.45 1 0
github.com/k-ksu/avito-shop/internal/service/mocks/users_repo.go:761.45,763.3 1 0
github.com/k-ksu/avito-shop/internal/service/mocks/users_repo.go:765.2,765.44 1 0
github.com/k-ksu/avito-shop/internal/service/mocks/users_repo.go:765.44,767.3 1 0
github.com/k-ksu/avito-shop/internal/service/mocks/users_repo.go:769.2,770.46 2 0
github.com/k-ksu/avito-shop/internal/service/mocks/users_repo.go:770.46,771.71 1 0
github.com/k-ksu/avito-shop/internal/service/mocks/users_repo.go:771.71,773.4 1 0
github.com/k-ksu/avito-shop/internal/service/mocks/users_repo.go:776.2,776.21 1 0
github.com/k-ksu/avito-shop/internal/service/mocks/users_repo.go:780.115,781.52 1 0
github.com/k-ksu/avito-shop/internal/service/mocks/users_repo.go:781.52,783.3 1 0
github.com/k-ksu/avito-shop/internal/service/mocks/users_repo.go:785.2,787.21 2 0
github.com/k-ksu/avito-shop/internal/service/mocks/users_repo.go:791.87,792.45 1 0
github.com/k-ksu/avito-shop/internal/service/mocks/users_repo.go:792.45,794.3 1 0
github.com/k-ksu/avito-shop/internal/service/mocks/users_repo.go:796.2,796.44 1 0
github.com/k-ksu/avito-shop/internal/service/mocks/users_repo.go:796.44,798.3 1 0
github.com/k-ksu/avito-shop/internal/service/mocks/users_repo.go:799.2,800.26 2 0
github.com/k-ksu/avito-shop/internal/service/mocks/users_repo.go:804.127,805.44 1 0
github.com/k-ksu/avito-shop/internal/service/mocks/users_repo.go:805.44,807.3 1 0
github.com/k-ksu/avito-shop/internal/service/mocks/users_repo.go:809.2,809.40 1 0
github.com/k-ksu/avito-shop/internal/service/mocks/users_repo.go:809.40,811.3 1 0
github.com/k-ksu/avito-shop/internal/service/mocks/users_repo.go:813.2,814.26 2 0
github.com/k-ksu/avito-shop/internal/service/mocks/users_repo.go:819.114,820.45 1 0
github.com/k-ksu/avito-shop/internal/service/mocks/users_repo.go:820.45,822.3 1 0
github.com/k-ksu/avito-shop/internal/service/mocks/users_repo.go:824.2,829.20 3 0
github.com/k-ksu/avito-shop/internal/service/mocks/users_repo.go:833.84,836.2 2 0
github.com/k-ksu/avito-shop/internal/service/mocks/users_repo.go:839.104,843.47 3 0
github.com/k-ksu/avito-shop/internal/service/mocks/users_repo.go:843.47,845.3 1 0
github.com/k-ksu/avito-shop/internal/service/mocks/users_repo.go:847.2,854.61 5 0
github.com/k-ksu/avito-shop/internal/service/mocks/users_repo.go:854.61,855.42 1 0
github.com/k-ksu/avito-shop/internal/service/mocks/users_repo.go:855.42,858.4 2 0
github.com/k-ksu/avito-shop/internal/service/mocks/users_repo.go:861.2,861.59 1 0
github.com/k-ksu/avito-shop/internal/service/mocks/users_repo.go:861.59,865.58 4 0
github.com/k-ksu/avito-shop/internal/service/mocks/users_repo.go:865.58,867.4 1 0
github.com/k-ksu/avito-shop/internal/service/mocks/users_repo.go:869.3,870.24 2 0
github.com/k-ksu/avito-shop/internal/service/mocks/users_repo.go:870.24,872.4 1 0
github.com/k-ksu/avito-shop/internal/service/mocks/users_repo.go:873.3,873.45 1 0
github.com/k-ksu/avito-shop/internal/service/mocks/users_repo.go:875.2,875.40 1 0
github.com/k-ksu/avito-shop/internal/service/mocks/users_repo.go:875.40,877.3 1 0
github.com/k-ksu/avito-shop/internal/service/mocks/users_repo.go:878.2,879.8 2 0
github.com/k-ksu/avito-shop/internal/service/mocks/users_repo.go:883.64,885.2 1 0
github.com/k-ksu/avito-shop/internal/service/mocks/users_repo.go:888.65,890.2 1 0
github.com/k-ksu/avito-shop/internal/service/mocks/users_repo.go:894.80,903.2 5 0
github.com/k-ksu/avito-shop/internal/service/mocks/users_repo.go:907.51,908.50 1 0
github.com/k-ksu/avito-shop/internal/service/mocks/users_repo.go:908.50,909.43 1 0
github.com/k-ksu/avito-shop/internal/service/mocks/users_repo.go:909.43,911.4 1 0
github.com/k-ksu/avito-shop/internal/service/mocks/users_repo.go:915.2,915.103 1 0
github.com/k-ksu/avito-shop/internal/service/mocks/users_repo.go:915.103,917.3 1 0
github.com/k-ksu/avito-shop/internal/service/mocks/users_repo.go:919.2,919.84 1 0
github.com/k-ksu/avito-shop/internal/service/mocks/users_repo.go:919.84,921.3 1 0
github.com/k-ksu/avito-shop/internal/service/mocks/users_repo.go:922.2,922.13 1 0
github.com/k-ksu/avito-shop/internal/service/mocks/users_repo.go:926.49,927.50 1 0
github.com/k-ksu/avito-shop/internal/service/mocks/users_repo.go:927.50,928.43 1 0
github.com/k-ksu/avito-shop/internal/service/mocks/users_repo.go:928.43,930.4 1 0
github.com/k-ksu/avito-shop/internal/service/mocks/users_repo.go:934.2,934.103 1 0
github.com/k-ksu/avito-shop/internal/service/mocks/users_repo.go:934.103,935.56 1 0
github.com/k-ksu/avito-shop/internal/service/mocks/users_repo.go:935.56,937.4 1 0
github.com/k-ksu/avito-shop/internal/service/mocks/users_repo.go:937.9,939.4 1 0
github.com/k-ksu/avito-shop/internal/service/mocks/users_repo.go:942.2,942.84 1 0
github.com/k-ksu/avito-shop/internal/service/mocks/users_repo.go:942.84,944.3 1 0
github.com/k-ksu/avito-shop/internal/service/mocks/users_repo.go:978.130,979.49 1 0
github.com/k-ksu/avito-shop/internal/service/mocks/users_repo.go:979.49,981.3 1 0
github.com/k-ksu/avito-shop/internal/service/mocks/users_repo.go:983.2,983.46 1 0
github.com/k-ksu/avito-shop/internal/service/mocks/users_repo.go:983.46,985.3 1 0
github.com/k-ksu/avito-shop/internal/service/mocks/users_repo.go:987.2,988.48 2 0
github.com/k-ksu/avito-shop/internal/service/mocks/users_repo.go:988.48,989.73 1 0
github.com/k-ksu/avito-shop/internal/service/mocks/users_repo.go:989.73,991.4 1 0
github.com/k-ksu/avito-shop/internal/service/mocks/users_repo.go:994.2,994.23 1 0
github.com/k-ksu/avito-shop/internal/service/mocks/users_repo.go:998.139,999.56 1 0
github.com/k-ksu/avito-shop/internal/service/mocks/users_repo.go:999.56,1001.3 1 0
github.com/k-ksu/avito-shop/internal/service/mocks/users_repo.go:1003.2,1005.23 2 0
github.com/k-ksu/avito-shop/internal/service/mocks/users_repo.go:1009.94,1010.49 1 0
github.com/k-ksu/avito-shop/internal/service/mocks/users_repo.go:1010.49,1012.3 1 0
github.com/k-ksu/avito-shop/internal/service/mocks/users_repo.go:1014.2,1014.46 1 0
github.com/k-ksu/avito-shop/internal/service/mocks/users_repo.go:1014.46,1016.3 1 0
github.com/k-ksu/avito-shop/internal/service/mocks/users_repo.go:1017.2,1018.28 2 0
github.com/k-ksu/avito-shop/internal/service/mocks/users_repo.go:1022.152,1023.46 1 0
github.com/k-ksu/avito-shop/internal/service/mocks/users_repo.go:1023.46,1025.3 1 0
github.com/k-ksu/avito-shop/internal/service/mocks/users_repo.go:1027.2,1027.42 1 0
github.com/k-ksu/avito-shop/internal/service/mocks/users_repo.go:1027.42,1029.3 1 0
github.com/k-ksu/avito-shop/internal/service/mocks/users_repo.go:1031.2,1032.28 2 0
github.com/k-ksu/avito-shop/internal/service/mocks/users_repo.go:1037.138,1038.49 1 0
github.com/k-ksu/avito-shop/internal/service/mocks/users_repo.go:1038.49,1040.3 1 0
github.com/k-ksu/avito-shop/internal/service/mocks/users_repo.go:1042.2,1047.20 3 0
github.com/k-ksu/avito-shop/internal/service/mocks/users_repo.go:1051.89,1054.2 2 0
github.com/k-ksu/avito-shop/internal/service/mocks/users_repo.go:1057.129,1061.51 3 0
github.com/k-ksu/avito-shop/internal/service/mocks/users_repo.go:1061.51,1063.3 1 0
github.com/k-ksu/avito-shop/internal/service/mocks/users_repo.go:1065.2,1072.65 5 0
github.com/k-ksu/avito-shop/internal/service/mocks/users_repo.go:1072.65,1073.42 1 0
github.com/k-ksu/avito-shop/internal/service/mocks/users_repo.go:1073.42,1076.4 2 0
github.com/k-ksu/avito-shop/internal/service/mocks/users_repo.go:1079.2,1079.63 1 0
github.com/k-ksu/avito-shop/internal/service/mocks/users_repo.go:1079.63,1083.58 4 0
github.com/k-ksu/avito-shop/internal/service/mocks/users_repo.go:1083.58,1085.4 1 0
github.com/k-ksu/avito-shop/internal/service/mocks/users_repo.go:1087.3,1088.24 2 0
github.com/k-ksu/avito-shop/internal/service/mocks/users_repo.go:1088.24,1090.4 1 0
github.com/k-ksu/avito-shop/internal/service/mocks/users_repo.go:1091.3,1091.46 1 0
github.com/k-ksu/avito-shop/internal/service/mocks/users_repo.go:1093.2,1093.44 1 0
github.com/k-ksu/avito-shop/internal/service/mocks/users_repo.go:1093.44,1095.3 1 0
github.com/k-ksu/avito-shop/internal/service/mocks/users_repo.go:1096.2,1097.8 2 0
github.com/k-ksu/avito-shop/internal/service/mocks/users_repo.go:1101.68,1103.2 1 0
github.com/k-ksu/avito-shop/internal/service/mocks/users_repo.go:1106.69,1108.2 1 0
github.com/k-ksu/avito-shop/internal/service/mocks/users_repo.go:1112.86,1121.2 5 0
github.com/k-ksu/avito-shop/internal/service/mocks/users_repo.go:1125.53,1126.52 1 0
github.com/k-ksu/avito-shop/internal/service/mocks/users_repo.go:1126.52,1127.43 1 0
github.com/k-ksu/avito-shop/internal/service/mocks/users_repo.go:1127.43,1129.4 1 0
github.com/k-ksu/avito-shop/internal/service/mocks/users_repo.go:1133.2,1133.107 1 0
github.com/k-ksu/avito-shop/internal/service/mocks/users_repo.go:1133.107,1135.3 1 0
github.com/k-ksu/avito-shop/internal/service/mocks/users_repo.go:1137.2,1137.88 1 0
github.com/k-ksu/avito-shop/internal/service/mocks/users_repo.go:1137.88,1139.3 1 0
github.com/k-ksu/avito-shop/internal/service/mocks/users_repo.go:1140.2,1140.13 1 0
github.com/k-ksu/avito-shop/internal/service/mocks/users_repo.go:1144.51,1145.52 1 0
github.com/k-ksu/avito-shop/internal/service/mocks/users_repo.go:1145.52,1146.43 1 0
github.com/k-ksu/avito-shop/internal/service/mocks/users_repo.go:1146.43,1148.4 1 0
github.com/k-ksu/avito-shop/internal/service/mocks/users_repo.go:1152.2,1152.107 1 0
github.com/k-ksu/avito-shop/internal/service/mocks/users_repo.go:1152.107,1153.58 1 0
github.com/k-ksu/avito-shop/internal/service/mocks/users_repo.go:1153.58,1155.4 1 0
github.com/k-ksu/avito-shop/internal/service/mocks/users_repo.go:1155.9,1157.4 1 0
github.com/k-ksu/avito-shop/internal/service/mocks/users_repo.go:1160.2,1160.88 1 0
github.com/k-ksu/avito-shop/internal/service/mocks/users_repo.go:1160.88,1162.3 1 0
github.com/k-ksu/avito-shop/internal/service/mocks/users_repo.go:1166.38,1167.23 1 0
github.com/k-ksu/avito-shop/internal/service/mocks/users_repo.go:1167.23,1178.3 6 0
github.com/k-ksu/avito-shop/internal/service/mocks/users_repo.go:1182.60,1184.6 2 0
github.com/k-ksu/avito-shop/internal/service/mocks/users_repo.go:1184.6,1185.23 1 0
github.com/k-ksu/avito-shop/internal/service/mocks/users_repo.go:1185.23,1187.4 1 0
github.com/k-ksu/avito-shop/internal/service/mocks/users_repo.go:1188.3,1188.10 1 0
github.com/k-ksu/avito-shop/internal/service/mocks/users_repo.go:1189.20,1191.10 2 0
github.com/k-ksu/avito-shop/internal/service/mocks/users_repo.go:1192.50,1192.50 0 0
github.com/k-ksu/avito-shop/internal/service/mocks/users_repo.go:1197.41,1205.2 2 0
github.com/k-ksu/avito-shop/pkg/postgres/client.go:16.66,18.16 2 0
github.com/k-ksu/avito-shop/pkg/postgres/client.go:18.16,20.3 1 0
github.com/k-ksu/avito-shop/pkg/postgres/client.go:22.2,22.38 1 0
github.com/k-ksu/avito-shop/pkg/postgres/client.go:22.38,24.3 1 0
github.com/k-ksu/avito-shop/pkg/postgres/client.go:26.2,26.27 1 0
github.com/k-ksu/avito-shop/tests/e2e/helper/auth.go:10.56,17.16 3 0
github.com/k-ksu/avito-shop/tests/e2e/helper/auth.go:17.16,19.3 1 0
github.com/k-ksu/avito-shop/tests/e2e/helper/auth.go:21.2,22.16 2 0
github.com/k-ksu/avito-shop/tests/e2e/helper/auth.go:22.16,24.3 1 0
github.com/k-ksu/avito-shop/tests/e2e/helper/auth.go:26.2,27.67 2 0
github.com/k-ksu/avito-shop/tests/e2e/helper/auth.go:27.67,29.3 1 0
github.com/k-ksu/avito-shop/tests/e2e/helper/auth.go:31.2,31.27 1 0
github.com/k-ksu/avito-shop/tests/e2e/helper/buy.go:10.54,24.2 9 0
github.com/k-ksu/avito-shop/tests/e2e/helper/helper.go:11.91,20.23 6 0
github.com/k-ksu/avito-shop/tests/e2e/helper/helper.go:20.23,22.3 1 0
github.com/k-ksu/avito-shop/tests/e2e/helper/helper.go:24.2,25.25 2 0
github.com/k-ksu/avito-shop/tests/e2e/helper/send_coin.go:13.53,31.2 13 0
github.com/k-ksu/avito-shop/tests/e2e/helper/user_info.go:12.64,29.46 12 0
github.com/k-ksu/avito-shop/tests/e2e/helper/user_info.go:29.46,34.3 1 0
github.com/k-ksu/avito-shop/tests/e2e/helper/user_info.go:36.2,37.45 2 0
github.com/k-ksu/avito-shop/tests/e2e/helper/user_info.go:37.45,42.3 1 0
github.com/k-ksu/avito-shop/tests/e2e/helper/user_info.go:44.2,45.49 2 0
github.com/k-ksu/avito-shop/tests/e2e/helper/user_info.go:45.49,50.3 1 0
github.com/k-ksu/avito-shop/tests/e2e/helper/user_info.go:52.2,52.17 1 0
